# JRE version: Java(TM) SE Runtime Environment (8.0_181-b13) (build 1.8.0_181-b13)
# Java VM: Java HotSpot(TM) 64-Bit Server VM (25.181-b13 mixed mode windows-amd64 compressed oops)
Heap:
 PSYoungGen      total 72192K, used 26468K [0x0000000780000000, 0x0000000788180000, 0x00000007c0000000)
  eden space 60928K, 29% used [0x0000000780000000,0x000000078114cb40,0x0000000783b80000)
  from space 11264K, 77% used [0x0000000784f00000,0x000000078578c758,0x0000000785a00000)
  to   space 19968K, 0% used [0x0000000783b80000,0x0000000783b80000,0x0000000784f00000)
 ParOldGen       total 91136K, used 53348K [0x0000000700000000, 0x0000000705900000, 0x0000000780000000)
  object space 91136K, 58% used [0x0000000700000000,0x0000000703419278,0x0000000705900000)
 Metaspace       used 33038K, capacity 33506K, committed 33792K, reserved 1079296K
  class space    used 3841K, capacity 3997K, committed 4096K, reserved 1048576K
GC Heap History (10 events):
Event: 7.405 GC heap before
{Heap before GC invocations=9 (full 1):
 PSYoungGen      total 80896K, used 80880K [0x0000000780000000, 0x0000000785d80000, 0x00000007c0000000)
  eden space 69120K, 100% used [0x0000000780000000,0x0000000784380000,0x0000000784380000)
  from space 11776K, 99% used [0x0000000784380000,0x0000000784efc0c8,0x0000000784f00000)
  to   space 11264K, 0% used [0x0000000784f00000,0x0000000784f00000,0x0000000785a00000)
 ParOldGen       total 91136K, used 22242K [0x0000000700000000, 0x0000000705900000, 0x0000000780000000)
  object space 91136K, 24% used [0x0000000700000000,0x00000007015b8800,0x0000000705900000)
 Metaspace       used 25892K, capacity 26254K, committed 26496K, reserved 1073152K
  class space    used 2827K, capacity 2942K, committed 2944K, reserved 1048576K
Event: 7.430 GC heap after
Heap after GC invocations=9 (full 1):
 PSYoungGen      total 80384K, used 11236K [0x0000000780000000, 0x0000000785d80000, 0x00000007c0000000)
  eden space 69120K, 0% used [0x0000000780000000,0x0000000780000000,0x0000000784380000)
  from space 11264K, 99% used [0x0000000784f00000,0x00000007859f9238,0x0000000785a00000)
  to   space 11776K, 0% used [0x0000000784380000,0x0000000784380000,0x0000000784f00000)
 ParOldGen       total 91136K, used 33954K [0x0000000700000000, 0x0000000705900000, 0x0000000780000000)
  object space 91136K, 37% used [0x0000000700000000,0x0000000702128a20,0x0000000705900000)
 Metaspace       used 25892K, capacity 26254K, committed 26496K, reserved 1073152K
  class space    used 2827K, capacity 2942K, committed 2944K, reserved 1048576K
}
Event: 8.354 GC heap before
{Heap before GC invocations=10 (full 1):
 PSYoungGen      total 80384K, used 80356K [0x0000000780000000, 0x0000000785d80000, 0x00000007c0000000)
  eden space 69120K, 100% used [0x0000000780000000,0x0000000784380000,0x0000000784380000)
  from space 11264K, 99% used [0x0000000784f00000,0x00000007859f9238,0x0000000785a00000)
  to   space 11776K, 0% used [0x0000000784380000,0x0000000784380000,0x0000000784f00000)
 ParOldGen       total 91136K, used 33954K [0x0000000700000000, 0x0000000705900000, 0x0000000780000000)
  object space 91136K, 37% used [0x0000000700000000,0x0000000702128a20,0x0000000705900000)
 Metaspace       used 28463K, capacity 28818K, committed 29184K, reserved 1075200K
  class space    used 3168K, capacity 3277K, committed 3328K, reserved 1048576K
Event: 8.377 GC heap after
Heap after GC invocations=10 (full 1):
 PSYoungGen      total 80896K, used 11772K [0x0000000780000000, 0x0000000785d80000, 0x00000007c0000000)
  eden space 69120K, 0% used [0x0000000780000000,0x0000000780000000,0x0000000784380000)
  from space 11776K, 99% used [0x0000000784380000,0x0000000784eff298,0x0000000784f00000)
  to   space 11264K, 0% used [0x0000000784f00000,0x0000000784f00000,0x0000000785a00000)
 ParOldGen       total 91136K, used 39326K [0x0000000700000000, 0x0000000705900000, 0x0000000780000000)
  object space 91136K, 43% used [0x0000000700000000,0x0000000702667928,0x0000000705900000)
 Metaspace       used 28463K, capacity 28818K, committed 29184K, reserved 1075200K
  class space    used 3168K, capacity 3277K, committed 3328K, reserved 1048576K
}
Event: 9.604 GC heap before
{Heap before GC invocations=11 (full 1):
 PSYoungGen      total 80896K, used 80892K [0x0000000780000000, 0x0000000785d80000, 0x00000007c0000000)
  eden space 69120K, 100% used [0x0000000780000000,0x0000000784380000,0x0000000784380000)
  from space 11776K, 99% used [0x0000000784380000,0x0000000784eff298,0x0000000784f00000)
  to   space 11264K, 0% used [0x0000000784f00000,0x0000000784f00000,0x0000000785a00000)
 ParOldGen       total 91136K, used 39326K [0x0000000700000000, 0x0000000705900000, 0x0000000780000000)
  object space 91136K, 43% used [0x0000000700000000,0x0000000702667928,0x0000000705900000)
 Metaspace       used 28770K, capacity 29138K, committed 29440K, reserved 1075200K
  class space    used 3214K, capacity 3318K, committed 3328K, reserved 1048576K
Event: 9.616 GC heap after
Heap after GC invocations=11 (full 1):
 PSYoungGen      total 80384K, used 10394K [0x0000000780000000, 0x0000000785d80000, 0x00000007c0000000)
  eden space 69120K, 0% used [0x0000000780000000,0x0000000780000000,0x0000000784380000)
  from space 11264K, 92% used [0x0000000784f00000,0x0000000785926890,0x0000000785a00000)
  to   space 11776K, 0% used [0x0000000784380000,0x0000000784380000,0x0000000784f00000)
 ParOldGen       total 91136K, used 47960K [0x0000000700000000, 0x0000000705900000, 0x0000000780000000)
  object space 91136K, 52% used [0x0000000700000000,0x0000000702ed63a0,0x0000000705900000)
 Metaspace       used 28770K, capacity 29138K, committed 29440K, reserved 1075200K
  class space    used 3214K, capacity 3318K, committed 3328K, reserved 1048576K
}
Event: 10.236 GC heap before
{Heap before GC invocations=12 (full 1):
 PSYoungGen      total 80384K, used 79514K [0x0000000780000000, 0x0000000785d80000, 0x00000007c0000000)
  eden space 69120K, 100% used [0x0000000780000000,0x0000000784380000,0x0000000784380000)
  from space 11264K, 92% used [0x0000000784f00000,0x0000000785926890,0x0000000785a00000)
  to   space 11776K, 0% used [0x0000000784380000,0x0000000784380000,0x0000000784f00000)
 ParOldGen       total 91136K, used 47960K [0x0000000700000000, 0x0000000705900000, 0x0000000780000000)
  object space 91136K, 52% used [0x0000000700000000,0x0000000702ed63a0,0x0000000705900000)
 Metaspace       used 30229K, capacity 30652K, committed 31104K, reserved 1077248K
  class space    used 3454K, capacity 3587K, committed 3712K, reserved 1048576K
Event: 10.247 GC heap after
Heap after GC invocations=12 (full 1):
 PSYoungGen      total 80896K, used 11759K [0x0000000780000000, 0x0000000785d80000, 0x00000007c0000000)
  eden space 69120K, 0% used [0x0000000780000000,0x0000000780000000,0x0000000784380000)
  from space 11776K, 99% used [0x0000000784380000,0x0000000784efbc28,0x0000000784f00000)
  to   space 11264K, 0% used [0x0000000784f00000,0x0000000784f00000,0x0000000785a00000)
 ParOldGen       total 91136K, used 48530K [0x0000000700000000, 0x0000000705900000, 0x0000000780000000)
  object space 91136K, 53% used [0x0000000700000000,0x0000000702f64a28,0x0000000705900000)
 Metaspace       used 30229K, capacity 30652K, committed 31104K, reserved 1077248K
  class space    used 3454K, capacity 3587K, committed 3712K, reserved 1048576K
}
Event: 11.189 GC heap before
{Heap before GC invocations=13 (full 1):
 PSYoungGen      total 80896K, used 80744K [0x0000000780000000, 0x0000000785d80000, 0x00000007c0000000)
  eden space 69120K, 99% used [0x0000000780000000,0x000000078435e4a8,0x0000000784380000)
  from space 11776K, 99% used [0x0000000784380000,0x0000000784efbc28,0x0000000784f00000)
  to   space 11264K, 0% used [0x0000000784f00000,0x0000000784f00000,0x0000000785a00000)
 ParOldGen       total 91136K, used 48530K [0x0000000700000000, 0x0000000705900000, 0x0000000780000000)
  object space 91136K, 53% used [0x0000000700000000,0x0000000702f64a28,0x0000000705900000)
 Metaspace       used 32452K, capacity 32904K, committed 33152K, reserved 1079296K
  class space    used 3766K, capacity 3924K, committed 3968K, reserved 1048576K
Event: 11.199 GC heap after
Heap after GC invocations=13 (full 1):
 PSYoungGen      total 72192K, used 8753K [0x0000000780000000, 0x0000000788180000, 0x00000007c0000000)
  eden space 60928K, 0% used [0x0000000780000000,0x0000000780000000,0x0000000783b80000)
  from space 11264K, 77% used [0x0000000784f00000,0x000000078578c758,0x0000000785a00000)
  to   space 19968K, 0% used [0x0000000783b80000,0x0000000783b80000,0x0000000784f00000)
 ParOldGen       total 91136K, used 53348K [0x0000000700000000, 0x0000000705900000, 0x0000000780000000)
  object space 91136K, 58% used [0x0000000700000000,0x0000000703419278,0x0000000705900000)
 Metaspace       used 32452K, capacity 32904K, committed 33152K, reserved 1079296K
  class space    used 3766K, capacity 3924K, committed 3968K, reserved 1048576K
}

