# JRE version: Java(TM) SE Runtime Environment (8.0_181-b13) (build 1.8.0_181-b13)
# Java VM: Java HotSpot(TM) 64-Bit Server VM (25.181-b13 mixed mode windows-amd64 compressed oops)
Heap:
 PSYoungGen      total 950784K, used 297092K [0x0000000780000000, 0x00000007c0000000, 0x00000007c0000000)
  eden space 904192K, 32% used [0x0000000780000000,0x0000000792221098,0x00000007b7300000)
  from space 46592K, 0% used [0x00000007bd280000,0x00000007bd280000,0x00000007c0000000)
  to   space 72192K, 0% used [0x00000007b7300000,0x00000007b7300000,0x00000007bb980000)
 ParOldGen       total 251392K, used 93558K [0x0000000700000000, 0x000000070f580000, 0x0000000780000000)
  object space 251392K, 37% used [0x0000000700000000,0x0000000705b5d938,0x000000070f580000)
 Metaspace       used 41366K, capacity 42646K, committed 42880K, reserved 1087488K
  class space    used 4834K, capacity 5164K, committed 5248K, reserved 1048576K
GC Heap History (10 events):
Event: 48.082 GC heap before
{Heap before GC invocations=25 (full 2):
 PSYoungGen      total 747520K, used 740273K [0x0000000780000000, 0x00000007b0880000, 0x00000007c0000000)
  eden space 726528K, 100% used [0x0000000780000000,0x00000007ac580000,0x00000007ac580000)
  from space 20992K, 65% used [0x00000007af400000,0x00000007b016c6c0,0x00000007b0880000)
  to   space 34304K, 0% used [0x00000007ac580000,0x00000007ac580000,0x00000007ae700000)
 ParOldGen       total 150016K, used 72777K [0x0000000700000000, 0x0000000709280000, 0x0000000780000000)
  object space 150016K, 48% used [0x0000000700000000,0x0000000704712788,0x0000000709280000)
 Metaspace       used 40719K, capacity 41938K, committed 41984K, reserved 1085440K
  class space    used 4788K, capacity 5103K, committed 5120K, reserved 1048576K
Event: 48.103 GC heap after
Heap after GC invocations=25 (full 2):
 PSYoungGen      total 760832K, used 10203K [0x0000000780000000, 0x00000007b8600000, 0x00000007c0000000)
  eden space 726528K, 0% used [0x0000000780000000,0x0000000780000000,0x00000007ac580000)
  from space 34304K, 29% used [0x00000007ac580000,0x00000007acf76c50,0x00000007ae700000)
  to   space 33792K, 0% used [0x00000007b6500000,0x00000007b6500000,0x00000007b8600000)
 ParOldGen       total 150016K, used 73498K [0x0000000700000000, 0x0000000709280000, 0x0000000780000000)
  object space 150016K, 48% used [0x0000000700000000,0x00000007047c6808,0x0000000709280000)
 Metaspace       used 40719K, capacity 41938K, committed 41984K, reserved 1085440K
  class space    used 4788K, capacity 5103K, committed 5120K, reserved 1048576K
}
Event: 52.569 GC heap before
{Heap before GC invocations=26 (full 2):
 PSYoungGen      total 760832K, used 734285K [0x0000000780000000, 0x00000007b8600000, 0x00000007c0000000)
  eden space 726528K, 99% used [0x0000000780000000,0x00000007ac31c870,0x00000007ac580000)
  from space 34304K, 29% used [0x00000007ac580000,0x00000007acf76c50,0x00000007ae700000)
  to   space 33792K, 0% used [0x00000007b6500000,0x00000007b6500000,0x00000007b8600000)
 ParOldGen       total 150016K, used 73498K [0x0000000700000000, 0x0000000709280000, 0x0000000780000000)
  object space 150016K, 48% used [0x0000000700000000,0x00000007047c6808,0x0000000709280000)
 Metaspace       used 41199K, capacity 42524K, committed 42624K, reserved 1087488K
  class space    used 4831K, capacity 5165K, committed 5248K, reserved 1048576K
Event: 52.603 GC heap after
Heap after GC invocations=26 (full 2):
 PSYoungGen      total 881664K, used 27239K [0x0000000780000000, 0x00000007b8480000, 0x00000007c0000000)
  eden space 849408K, 0% used [0x0000000780000000,0x0000000780000000,0x00000007b3d80000)
  from space 32256K, 84% used [0x00000007b6500000,0x00000007b7f99ce8,0x00000007b8480000)
  to   space 36352K, 0% used [0x00000007b3d80000,0x00000007b3d80000,0x00000007b6100000)
 ParOldGen       total 150016K, used 73506K [0x0000000700000000, 0x0000000709280000, 0x0000000780000000)
  object space 150016K, 48% used [0x0000000700000000,0x00000007047c8808,0x0000000709280000)
 Metaspace       used 41199K, capacity 42524K, committed 42624K, reserved 1087488K
  class space    used 4831K, capacity 5165K, committed 5248K, reserved 1048576K
}
Event: 56.331 GC heap before
{Heap before GC invocations=27 (full 2):
 PSYoungGen      total 881664K, used 876647K [0x0000000780000000, 0x00000007b8480000, 0x00000007c0000000)
  eden space 849408K, 100% used [0x0000000780000000,0x00000007b3d80000,0x00000007b3d80000)
  from space 32256K, 84% used [0x00000007b6500000,0x00000007b7f99ce8,0x00000007b8480000)
  to   space 36352K, 0% used [0x00000007b3d80000,0x00000007b3d80000,0x00000007b6100000)
 ParOldGen       total 150016K, used 73506K [0x0000000700000000, 0x0000000709280000, 0x0000000780000000)
  object space 150016K, 48% used [0x0000000700000000,0x00000007047c8808,0x0000000709280000)
 Metaspace       used 41272K, capacity 42588K, committed 42880K, reserved 1087488K
  class space    used 4831K, capacity 5165K, committed 5248K, reserved 1048576K
Event: 56.526 GC heap after
Heap after GC invocations=27 (full 2):
 PSYoungGen      total 885760K, used 36327K [0x0000000780000000, 0x00000007c0000000, 0x00000007c0000000)
  eden space 849408K, 0% used [0x0000000780000000,0x0000000780000000,0x00000007b3d80000)
  from space 36352K, 99% used [0x00000007b3d80000,0x00000007b60f9d40,0x00000007b6100000)
  to   space 46592K, 0% used [0x00000007bd280000,0x00000007bd280000,0x00000007c0000000)
 ParOldGen       total 150016K, used 86646K [0x0000000700000000, 0x0000000709280000, 0x0000000780000000)
  object space 150016K, 57% used [0x0000000700000000,0x000000070549d868,0x0000000709280000)
 Metaspace       used 41272K, capacity 42588K, committed 42880K, reserved 1087488K
  class space    used 4831K, capacity 5165K, committed 5248K, reserved 1048576K
}
Event: 60.690 GC heap before
{Heap before GC invocations=28 (full 2):
 PSYoungGen      total 885760K, used 885735K [0x0000000780000000, 0x00000007c0000000, 0x00000007c0000000)
  eden space 849408K, 100% used [0x0000000780000000,0x00000007b3d80000,0x00000007b3d80000)
  from space 36352K, 99% used [0x00000007b3d80000,0x00000007b60f9d40,0x00000007b6100000)
  to   space 46592K, 0% used [0x00000007bd280000,0x00000007bd280000,0x00000007c0000000)
 ParOldGen       total 150016K, used 89718K [0x0000000700000000, 0x0000000709280000, 0x0000000780000000)
  object space 150016K, 59% used [0x0000000700000000,0x000000070579d878,0x0000000709280000)
 Metaspace       used 41364K, capacity 42658K, committed 42880K, reserved 1087488K
  class space    used 4832K, capacity 5166K, committed 5248K, reserved 1048576K
Event: 60.841 GC heap after
Heap after GC invocations=28 (full 2):
 PSYoungGen      total 950784K, used 46591K [0x0000000780000000, 0x00000007c0000000, 0x00000007c0000000)
  eden space 904192K, 0% used [0x0000000780000000,0x0000000780000000,0x00000007b7300000)
  from space 46592K, 99% used [0x00000007bd280000,0x00000007bffffd50,0x00000007c0000000)
  to   space 72192K, 0% used [0x00000007b7300000,0x00000007b7300000,0x00000007bb980000)
 ParOldGen       total 150016K, used 139953K [0x0000000700000000, 0x0000000709280000, 0x0000000780000000)
  object space 150016K, 93% used [0x0000000700000000,0x00000007088ac770,0x0000000709280000)
 Metaspace       used 41364K, capacity 42658K, committed 42880K, reserved 1087488K
  class space    used 4832K, capacity 5166K, committed 5248K, reserved 1048576K
}
Event: 60.841 GC heap before
{Heap before GC invocations=29 (full 3):
 PSYoungGen      total 950784K, used 46591K [0x0000000780000000, 0x00000007c0000000, 0x00000007c0000000)
  eden space 904192K, 0% used [0x0000000780000000,0x0000000780000000,0x00000007b7300000)
  from space 46592K, 99% used [0x00000007bd280000,0x00000007bffffd50,0x00000007c0000000)
  to   space 72192K, 0% used [0x00000007b7300000,0x00000007b7300000,0x00000007bb980000)
 ParOldGen       total 150016K, used 139953K [0x0000000700000000, 0x0000000709280000, 0x0000000780000000)
  object space 150016K, 93% used [0x0000000700000000,0x00000007088ac770,0x0000000709280000)
 Metaspace       used 41364K, capacity 42658K, committed 42880K, reserved 1087488K
  class space    used 4832K, capacity 5166K, committed 5248K, reserved 1048576K
Event: 61.704 GC heap after
Heap after GC invocations=29 (full 3):
 PSYoungGen      total 950784K, used 0K [0x0000000780000000, 0x00000007c0000000, 0x00000007c0000000)
  eden space 904192K, 0% used [0x0000000780000000,0x0000000780000000,0x00000007b7300000)
  from space 46592K, 0% used [0x00000007bd280000,0x00000007bd280000,0x00000007c0000000)
  to   space 72192K, 0% used [0x00000007b7300000,0x00000007b7300000,0x00000007bb980000)
 ParOldGen       total 251392K, used 93558K [0x0000000700000000, 0x000000070f580000, 0x0000000780000000)
  object space 251392K, 37% used [0x0000000700000000,0x0000000705b5d938,0x000000070f580000)
 Metaspace       used 41360K, capacity 42646K, committed 42880K, reserved 1087488K
  class space    used 4830K, capacity 5164K, committed 5248K, reserved 1048576K
}

