# JRE version: Java(TM) SE Runtime Environment (8.0_181-b13) (build 1.8.0_181-b13)
# Java VM: Java HotSpot(TM) 64-Bit Server VM (25.181-b13 mixed mode windows-amd64 compressed oops)
Heap:
 PSYoungGen      total 559616K, used 133470K [0x0000000780000000, 0x00000007a5b80000, 0x00000007c0000000)
  eden space 501248K, 26% used [0x0000000780000000,0x0000000788257998,0x000000079e980000)
  from space 58368K, 0% used [0x000000079e980000,0x000000079e980000,0x00000007a2280000)
  to   space 48128K, 0% used [0x00000007a2c80000,0x00000007a2c80000,0x00000007a5b80000)
 ParOldGen       total 197632K, used 44702K [0x0000000700000000, 0x000000070c100000, 0x0000000780000000)
  object space 197632K, 22% used [0x0000000700000000,0x0000000702ba78c0,0x000000070c100000)
 Metaspace       used 54939K, capacity 56442K, committed 56664K, reserved 1099776K
  class space    used 6534K, capacity 6994K, committed 7000K, reserved 1048576K
GC Heap History (10 events):
Event: 53.707 GC heap before
{Heap before GC invocations=26 (full 2):
 PSYoungGen      total 559616K, used 513615K [0x0000000780000000, 0x00000007a5b80000, 0x00000007c0000000)
  eden space 501248K, 100% used [0x0000000780000000,0x000000079e980000,0x000000079e980000)
  from space 58368K, 21% used [0x000000079e980000,0x000000079f593c98,0x00000007a2280000)
  to   space 48128K, 0% used [0x00000007a2c80000,0x00000007a2c80000,0x00000007a5b80000)
 ParOldGen       total 196608K, used 80668K [0x0000000700000000, 0x000000070c000000, 0x0000000780000000)
  object space 196608K, 41% used [0x0000000700000000,0x0000000704ec7298,0x000000070c000000)
 Metaspace       used 38862K, capacity 40060K, committed 40192K, reserved 1085440K
  class space    used 4525K, capacity 4847K, committed 4864K, reserved 1048576K
Event: 53.718 GC heap after
Heap after GC invocations=26 (full 2):
 PSYoungGen      total 549376K, used 11948K [0x0000000780000000, 0x00000007a5b80000, 0x00000007c0000000)
  eden space 501248K, 0% used [0x0000000780000000,0x0000000780000000,0x000000079e980000)
  from space 48128K, 24% used [0x00000007a2c80000,0x00000007a382b348,0x00000007a5b80000)
  to   space 58368K, 0% used [0x000000079e980000,0x000000079e980000,0x00000007a2280000)
 ParOldGen       total 196608K, used 81068K [0x0000000700000000, 0x000000070c000000, 0x0000000780000000)
  object space 196608K, 41% used [0x0000000700000000,0x0000000704f2b2f8,0x000000070c000000)
 Metaspace       used 38862K, capacity 40060K, committed 40192K, reserved 1085440K
  class space    used 4525K, capacity 4847K, committed 4864K, reserved 1048576K
}
Event: 56.347 GC heap before
{Heap before GC invocations=27 (full 2):
 PSYoungGen      total 549376K, used 513196K [0x0000000780000000, 0x00000007a5b80000, 0x00000007c0000000)
  eden space 501248K, 100% used [0x0000000780000000,0x000000079e980000,0x000000079e980000)
  from space 48128K, 24% used [0x00000007a2c80000,0x00000007a382b348,0x00000007a5b80000)
  to   space 58368K, 0% used [0x000000079e980000,0x000000079e980000,0x00000007a2280000)
 ParOldGen       total 196608K, used 81068K [0x0000000700000000, 0x000000070c000000, 0x0000000780000000)
  object space 196608K, 41% used [0x0000000700000000,0x0000000704f2b2f8,0x000000070c000000)
 Metaspace       used 39104K, capacity 40328K, committed 40576K, reserved 1085440K
  class space    used 4551K, capacity 4870K, committed 4992K, reserved 1048576K
Event: 56.359 GC heap after
Heap after GC invocations=27 (full 2):
 PSYoungGen      total 559616K, used 11984K [0x0000000780000000, 0x00000007a5b80000, 0x00000007c0000000)
  eden space 501248K, 0% used [0x0000000780000000,0x0000000780000000,0x000000079e980000)
  from space 58368K, 20% used [0x000000079e980000,0x000000079f534288,0x00000007a2280000)
  to   space 48128K, 0% used [0x00000007a2c80000,0x00000007a2c80000,0x00000007a5b80000)
 ParOldGen       total 196608K, used 81316K [0x0000000700000000, 0x000000070c000000, 0x0000000780000000)
  object space 196608K, 41% used [0x0000000700000000,0x0000000704f69338,0x000000070c000000)
 Metaspace       used 39104K, capacity 40328K, committed 40576K, reserved 1085440K
  class space    used 4551K, capacity 4870K, committed 4992K, reserved 1048576K
}
Event: 66.526 GC heap before
{Heap before GC invocations=28 (full 2):
 PSYoungGen      total 559616K, used 513232K [0x0000000780000000, 0x00000007a5b80000, 0x00000007c0000000)
  eden space 501248K, 100% used [0x0000000780000000,0x000000079e980000,0x000000079e980000)
  from space 58368K, 20% used [0x000000079e980000,0x000000079f534288,0x00000007a2280000)
  to   space 48128K, 0% used [0x00000007a2c80000,0x00000007a2c80000,0x00000007a5b80000)
 ParOldGen       total 196608K, used 81316K [0x0000000700000000, 0x000000070c000000, 0x0000000780000000)
  object space 196608K, 41% used [0x0000000700000000,0x0000000704f69338,0x000000070c000000)
 Metaspace       used 47675K, capacity 48980K, committed 49152K, reserved 1091584K
  class space    used 5753K, capacity 6121K, committed 6144K, reserved 1048576K
Event: 66.541 GC heap after
Heap after GC invocations=28 (full 2):
 PSYoungGen      total 549376K, used 18180K [0x0000000780000000, 0x00000007a5b80000, 0x00000007c0000000)
  eden space 501248K, 0% used [0x0000000780000000,0x0000000780000000,0x000000079e980000)
  from space 48128K, 37% used [0x00000007a2c80000,0x00000007a3e41060,0x00000007a5b80000)
  to   space 58368K, 0% used [0x000000079e980000,0x000000079e980000,0x00000007a2280000)
 ParOldGen       total 196608K, used 81324K [0x0000000700000000, 0x000000070c000000, 0x0000000780000000)
  object space 196608K, 41% used [0x0000000700000000,0x0000000704f6b338,0x000000070c000000)
 Metaspace       used 47675K, capacity 48980K, committed 49152K, reserved 1091584K
  class space    used 5753K, capacity 6121K, committed 6144K, reserved 1048576K
}
Event: 69.430 GC heap before
{Heap before GC invocations=29 (full 2):
 PSYoungGen      total 549376K, used 307490K [0x0000000780000000, 0x00000007a5b80000, 0x00000007c0000000)
  eden space 501248K, 57% used [0x0000000780000000,0x0000000791a877d8,0x000000079e980000)
  from space 48128K, 37% used [0x00000007a2c80000,0x00000007a3e41060,0x00000007a5b80000)
  to   space 58368K, 0% used [0x000000079e980000,0x000000079e980000,0x00000007a2280000)
 ParOldGen       total 196608K, used 81324K [0x0000000700000000, 0x000000070c000000, 0x0000000780000000)
  object space 196608K, 41% used [0x0000000700000000,0x0000000704f6b338,0x000000070c000000)
 Metaspace       used 48049K, capacity 49332K, committed 49496K, reserved 1093632K
  class space    used 5791K, capacity 6153K, committed 6232K, reserved 1048576K
Event: 69.439 GC heap after
Heap after GC invocations=29 (full 2):
 PSYoungGen      total 559616K, used 12483K [0x0000000780000000, 0x00000007a5b80000, 0x00000007c0000000)
  eden space 501248K, 0% used [0x0000000780000000,0x0000000780000000,0x000000079e980000)
  from space 58368K, 21% used [0x000000079e980000,0x000000079f5b0f90,0x00000007a2280000)
  to   space 48128K, 0% used [0x00000007a2c80000,0x00000007a2c80000,0x00000007a5b80000)
 ParOldGen       total 196608K, used 81396K [0x0000000700000000, 0x000000070c000000, 0x0000000780000000)
  object space 196608K, 41% used [0x0000000700000000,0x0000000704f7d348,0x000000070c000000)
 Metaspace       used 48049K, capacity 49332K, committed 49496K, reserved 1093632K
  class space    used 5791K, capacity 6153K, committed 6232K, reserved 1048576K
}
Event: 69.440 GC heap before
{Heap before GC invocations=30 (full 3):
 PSYoungGen      total 559616K, used 12483K [0x0000000780000000, 0x00000007a5b80000, 0x00000007c0000000)
  eden space 501248K, 0% used [0x0000000780000000,0x0000000780000000,0x000000079e980000)
  from space 58368K, 21% used [0x000000079e980000,0x000000079f5b0f90,0x00000007a2280000)
  to   space 48128K, 0% used [0x00000007a2c80000,0x00000007a2c80000,0x00000007a5b80000)
 ParOldGen       total 196608K, used 81396K [0x0000000700000000, 0x000000070c000000, 0x0000000780000000)
  object space 196608K, 41% used [0x0000000700000000,0x0000000704f7d348,0x000000070c000000)
 Metaspace       used 48049K, capacity 49332K, committed 49496K, reserved 1093632K
  class space    used 5791K, capacity 6153K, committed 6232K, reserved 1048576K
Event: 69.693 GC heap after
Heap after GC invocations=30 (full 3):
 PSYoungGen      total 559616K, used 0K [0x0000000780000000, 0x00000007a5b80000, 0x00000007c0000000)
  eden space 501248K, 0% used [0x0000000780000000,0x0000000780000000,0x000000079e980000)
  from space 58368K, 0% used [0x000000079e980000,0x000000079e980000,0x00000007a2280000)
  to   space 48128K, 0% used [0x00000007a2c80000,0x00000007a2c80000,0x00000007a5b80000)
 ParOldGen       total 197632K, used 44702K [0x0000000700000000, 0x000000070c100000, 0x0000000780000000)
  object space 197632K, 22% used [0x0000000700000000,0x0000000702ba78c0,0x000000070c100000)
 Metaspace       used 48042K, capacity 49316K, committed 49496K, reserved 1093632K
  class space    used 5789K, capacity 6149K, committed 6232K, reserved 1048576K
}

