# JRE version: Java(TM) SE Runtime Environment (8.0_181-b13) (build 1.8.0_181-b13)
# Java VM: Java HotSpot(TM) 64-Bit Server VM (25.181-b13 mixed mode windows-amd64 compressed oops)
Heap:
 PSYoungGen      total 154624K, used 62655K [0x0000000780000000, 0x000000078a880000, 0x00000007c0000000)
  eden space 141824K, 37% used [0x0000000780000000,0x00000007833b5198,0x0000000788a80000)
  from space 12800K, 75% used [0x0000000789c00000,0x000000078a57abc8,0x000000078a880000)
  to   space 15360K, 0% used [0x0000000788a80000,0x0000000788a80000,0x0000000789980000)
 ParOldGen       total 91648K, used 26779K [0x0000000700000000, 0x0000000705980000, 0x0000000780000000)
  object space 91648K, 29% used [0x0000000700000000,0x0000000701a26fc0,0x0000000705980000)
 Metaspace       used 31118K, capacity 32074K, committed 32256K, reserved 1077248K
  class space    used 3724K, capacity 3971K, committed 4096K, reserved 1048576K
GC Heap History (10 events):
Event: 6.687 GC heap before
{Heap before GC invocations=7 (full 1):
 PSYoungGen      total 57344K, used 56091K [0x0000000780000000, 0x0000000785c80000, 0x00000007c0000000)
  eden space 49152K, 100% used [0x0000000780000000,0x0000000783000000,0x0000000783000000)
  from space 8192K, 84% used [0x0000000783000000,0x00000007836c6c28,0x0000000783800000)
  to   space 11264K, 0% used [0x0000000785180000,0x0000000785180000,0x0000000785c80000)
 ParOldGen       total 91648K, used 15697K [0x0000000700000000, 0x0000000705980000, 0x0000000780000000)
  object space 91648K, 17% used [0x0000000700000000,0x0000000700f546e8,0x0000000705980000)
 Metaspace       used 23177K, capacity 23548K, committed 23680K, reserved 1071104K
  class space    used 2583K, capacity 2681K, committed 2688K, reserved 1048576K
Event: 6.697 GC heap after
Heap after GC invocations=7 (full 1):
 PSYoungGen      total 81920K, used 11232K [0x0000000780000000, 0x0000000786280000, 0x00000007c0000000)
  eden space 70656K, 0% used [0x0000000780000000,0x0000000780000000,0x0000000784500000)
  from space 11264K, 99% used [0x0000000785180000,0x0000000785c78060,0x0000000785c80000)
  to   space 12800K, 0% used [0x0000000784500000,0x0000000784500000,0x0000000785180000)
 ParOldGen       total 91648K, used 15830K [0x0000000700000000, 0x0000000705980000, 0x0000000780000000)
  object space 91648K, 17% used [0x0000000700000000,0x0000000700f75958,0x0000000705980000)
 Metaspace       used 23177K, capacity 23548K, committed 23680K, reserved 1071104K
  class space    used 2583K, capacity 2681K, committed 2688K, reserved 1048576K
}
Event: 7.481 GC heap before
{Heap before GC invocations=8 (full 1):
 PSYoungGen      total 81920K, used 81848K [0x0000000780000000, 0x0000000786280000, 0x00000007c0000000)
  eden space 70656K, 99% used [0x0000000780000000,0x00000007844f6350,0x0000000784500000)
  from space 11264K, 99% used [0x0000000785180000,0x0000000785c78060,0x0000000785c80000)
  to   space 12800K, 0% used [0x0000000784500000,0x0000000784500000,0x0000000785180000)
 ParOldGen       total 91648K, used 15830K [0x0000000700000000, 0x0000000705980000, 0x0000000780000000)
  object space 91648K, 17% used [0x0000000700000000,0x0000000700f75958,0x0000000705980000)
 Metaspace       used 23559K, capacity 23956K, committed 24320K, reserved 1071104K
  class space    used 2633K, capacity 2753K, committed 2816K, reserved 1048576K
Event: 7.494 GC heap after
Heap after GC invocations=8 (full 1):
 PSYoungGen      total 83456K, used 12392K [0x0000000780000000, 0x0000000788580000, 0x00000007c0000000)
  eden space 70656K, 0% used [0x0000000780000000,0x0000000780000000,0x0000000784500000)
  from space 12800K, 96% used [0x0000000784500000,0x000000078511a338,0x0000000785180000)
  to   space 13824K, 0% used [0x0000000787800000,0x0000000787800000,0x0000000788580000)
 ParOldGen       total 91648K, used 18910K [0x0000000700000000, 0x0000000705980000, 0x0000000780000000)
  object space 91648K, 20% used [0x0000000700000000,0x0000000701277968,0x0000000705980000)
 Metaspace       used 23559K, capacity 23956K, committed 24320K, reserved 1071104K
  class space    used 2633K, capacity 2753K, committed 2816K, reserved 1048576K
}
Event: 8.208 GC heap before
{Heap before GC invocations=9 (full 1):
 PSYoungGen      total 83456K, used 82443K [0x0000000780000000, 0x0000000788580000, 0x00000007c0000000)
  eden space 70656K, 99% used [0x0000000780000000,0x0000000784468a88,0x0000000784500000)
  from space 12800K, 96% used [0x0000000784500000,0x000000078511a338,0x0000000785180000)
  to   space 13824K, 0% used [0x0000000787800000,0x0000000787800000,0x0000000788580000)
 ParOldGen       total 91648K, used 18910K [0x0000000700000000, 0x0000000705980000, 0x0000000780000000)
  object space 91648K, 20% used [0x0000000700000000,0x0000000701277968,0x0000000705980000)
 Metaspace       used 23863K, capacity 24234K, committed 24320K, reserved 1071104K
  class space    used 2668K, capacity 2803K, committed 2816K, reserved 1048576K
Event: 8.219 GC heap after
Heap after GC invocations=9 (full 1):
 PSYoungGen      total 121856K, used 12608K [0x0000000780000000, 0x0000000788800000, 0x00000007c0000000)
  eden space 108032K, 0% used [0x0000000780000000,0x0000000780000000,0x0000000786980000)
  from space 13824K, 91% used [0x0000000787800000,0x0000000788450060,0x0000000788580000)
  to   space 14848K, 0% used [0x0000000786980000,0x0000000786980000,0x0000000787800000)
 ParOldGen       total 91648K, used 18918K [0x0000000700000000, 0x0000000705980000, 0x0000000780000000)
  object space 91648K, 20% used [0x0000000700000000,0x0000000701279968,0x0000000705980000)
 Metaspace       used 23863K, capacity 24234K, committed 24320K, reserved 1071104K
  class space    used 2668K, capacity 2803K, committed 2816K, reserved 1048576K
}
Event: 9.527 GC heap before
{Heap before GC invocations=10 (full 1):
 PSYoungGen      total 121856K, used 120640K [0x0000000780000000, 0x0000000788800000, 0x00000007c0000000)
  eden space 108032K, 100% used [0x0000000780000000,0x0000000786980000,0x0000000786980000)
  from space 13824K, 91% used [0x0000000787800000,0x0000000788450060,0x0000000788580000)
  to   space 14848K, 0% used [0x0000000786980000,0x0000000786980000,0x0000000787800000)
 ParOldGen       total 91648K, used 18918K [0x0000000700000000, 0x0000000705980000, 0x0000000780000000)
  object space 91648K, 20% used [0x0000000700000000,0x0000000701279968,0x0000000705980000)
 Metaspace       used 27462K, capacity 27970K, committed 28288K, reserved 1075200K
  class space    used 3188K, capacity 3334K, committed 3456K, reserved 1048576K
Event: 9.545 GC heap after
Heap after GC invocations=10 (full 1):
 PSYoungGen      total 122880K, used 12512K [0x0000000780000000, 0x000000078ab80000, 0x00000007c0000000)
  eden space 108032K, 0% used [0x0000000780000000,0x0000000780000000,0x0000000786980000)
  from space 14848K, 84% used [0x0000000786980000,0x00000007875b80a0,0x0000000787800000)
  to   space 15872K, 0% used [0x0000000789c00000,0x0000000789c00000,0x000000078ab80000)
 ParOldGen       total 91648K, used 23957K [0x0000000700000000, 0x0000000705980000, 0x0000000780000000)
  object space 91648K, 26% used [0x0000000700000000,0x0000000701765618,0x0000000705980000)
 Metaspace       used 27462K, capacity 27970K, committed 28288K, reserved 1075200K
  class space    used 3188K, capacity 3334K, committed 3456K, reserved 1048576K
}
Event: 11.291 GC heap before
{Heap before GC invocations=11 (full 1):
 PSYoungGen      total 122880K, used 120537K [0x0000000780000000, 0x000000078ab80000, 0x00000007c0000000)
  eden space 108032K, 99% used [0x0000000780000000,0x000000078697e470,0x0000000786980000)
  from space 14848K, 84% used [0x0000000786980000,0x00000007875b80a0,0x0000000787800000)
  to   space 15872K, 0% used [0x0000000789c00000,0x0000000789c00000,0x000000078ab80000)
 ParOldGen       total 91648K, used 23957K [0x0000000700000000, 0x0000000705980000, 0x0000000780000000)
  object space 91648K, 26% used [0x0000000700000000,0x0000000701765618,0x0000000705980000)
 Metaspace       used 30642K, capacity 31504K, committed 31872K, reserved 1077248K
  class space    used 3668K, capacity 3891K, committed 3968K, reserved 1048576K
Event: 11.304 GC heap after
Heap after GC invocations=11 (full 1):
 PSYoungGen      total 154624K, used 9706K [0x0000000780000000, 0x000000078a880000, 0x00000007c0000000)
  eden space 141824K, 0% used [0x0000000780000000,0x0000000780000000,0x0000000788a80000)
  from space 12800K, 75% used [0x0000000789c00000,0x000000078a57abc8,0x000000078a880000)
  to   space 15360K, 0% used [0x0000000788a80000,0x0000000788a80000,0x0000000789980000)
 ParOldGen       total 91648K, used 26779K [0x0000000700000000, 0x0000000705980000, 0x0000000780000000)
  object space 91648K, 29% used [0x0000000700000000,0x0000000701a26fc0,0x0000000705980000)
 Metaspace       used 30642K, capacity 31504K, committed 31872K, reserved 1077248K
  class space    used 3668K, capacity 3891K, committed 3968K, reserved 1048576K
}

