# JRE version: Java(TM) SE Runtime Environment (8.0_181-b13) (build 1.8.0_181-b13)
# Java VM: Java HotSpot(TM) 64-Bit Server VM (25.181-b13 mixed mode windows-amd64 compressed oops)
Heap:
 PSYoungGen      total 439808K, used 380323K [0x0000000780000000, 0x00000007a2200000, 0x00000007c0000000)
  eden space 403456K, 93% used [0x0000000780000000,0x00000007970ab148,0x0000000798a00000)
  from space 36352K, 7% used [0x0000000798a00000,0x0000000798cbdb30,0x000000079ad80000)
  to   space 50176K, 0% used [0x000000079f100000,0x000000079f100000,0x00000007a2200000)
 ParOldGen       total 205824K, used 123427K [0x0000000700000000, 0x000000070c900000, 0x0000000780000000)
  object space 205824K, 59% used [0x0000000700000000,0x0000000707888cd8,0x000000070c900000)
 Metaspace       used 30116K, capacity 30588K, committed 30848K, reserved 1077248K
  class space    used 3276K, capacity 3421K, committed 3456K, reserved 1048576K
GC Heap History (10 events):
Event: 25.334 GC heap before
{Heap before GC invocations=30 (full 3):
 PSYoungGen      total 438784K, used 411630K [0x0000000780000000, 0x000000079d100000, 0x00000007c0000000)
  eden space 403456K, 99% used [0x0000000780000000,0x0000000798859088,0x0000000798a00000)
  from space 35328K, 27% used [0x000000079ae80000,0x000000079b8227f0,0x000000079d100000)
  to   space 36352K, 0% used [0x0000000798a00000,0x0000000798a00000,0x000000079ad80000)
 ParOldGen       total 205824K, used 75512K [0x0000000700000000, 0x000000070c900000, 0x0000000780000000)
  object space 205824K, 36% used [0x0000000700000000,0x00000007049be020,0x000000070c900000)
 Metaspace       used 30027K, capacity 30524K, committed 30592K, reserved 1077248K
  class space    used 3273K, capacity 3421K, committed 3456K, reserved 1048576K
Event: 25.339 GC heap after
Heap after GC invocations=30 (full 3):
 PSYoungGen      total 439808K, used 5550K [0x0000000780000000, 0x00000007a2200000, 0x00000007c0000000)
  eden space 403456K, 0% used [0x0000000780000000,0x0000000780000000,0x0000000798a00000)
  from space 36352K, 15% used [0x0000000798a00000,0x0000000798f6bbd0,0x000000079ad80000)
  to   space 50176K, 0% used [0x000000079f100000,0x000000079f100000,0x00000007a2200000)
 ParOldGen       total 205824K, used 75528K [0x0000000700000000, 0x000000070c900000, 0x0000000780000000)
  object space 205824K, 36% used [0x0000000700000000,0x00000007049c2020,0x000000070c900000)
 Metaspace       used 30027K, capacity 30524K, committed 30592K, reserved 1077248K
  class space    used 3273K, capacity 3421K, committed 3456K, reserved 1048576K
}
Event: 26.100 GC heap before
{Heap before GC invocations=31 (full 3):
 PSYoungGen      total 439808K, used 409006K [0x0000000780000000, 0x00000007a2200000, 0x00000007c0000000)
  eden space 403456K, 100% used [0x0000000780000000,0x0000000798a00000,0x0000000798a00000)
  from space 36352K, 15% used [0x0000000798a00000,0x0000000798f6bbd0,0x000000079ad80000)
  to   space 50176K, 0% used [0x000000079f100000,0x000000079f100000,0x00000007a2200000)
 ParOldGen       total 205824K, used 75528K [0x0000000700000000, 0x000000070c900000, 0x0000000780000000)
  object space 205824K, 36% used [0x0000000700000000,0x00000007049c2020,0x000000070c900000)
 Metaspace       used 30036K, capacity 30588K, committed 30848K, reserved 1077248K
  class space    used 3273K, capacity 3421K, committed 3456K, reserved 1048576K
Event: 26.148 GC heap after
Heap after GC invocations=31 (full 3):
 PSYoungGen      total 453632K, used 47205K [0x0000000780000000, 0x00000007a2200000, 0x00000007c0000000)
  eden space 403456K, 0% used [0x0000000780000000,0x0000000780000000,0x0000000798a00000)
  from space 50176K, 94% used [0x000000079f100000,0x00000007a1f196e0,0x00000007a2200000)
  to   space 36352K, 0% used [0x0000000798a00000,0x0000000798a00000,0x000000079ad80000)
 ParOldGen       total 205824K, used 75536K [0x0000000700000000, 0x000000070c900000, 0x0000000780000000)
  object space 205824K, 36% used [0x0000000700000000,0x00000007049c4020,0x000000070c900000)
 Metaspace       used 30036K, capacity 30588K, committed 30848K, reserved 1077248K
  class space    used 3273K, capacity 3421K, committed 3456K, reserved 1048576K
}
Event: 26.900 GC heap before
{Heap before GC invocations=32 (full 3):
 PSYoungGen      total 453632K, used 450661K [0x0000000780000000, 0x00000007a2200000, 0x00000007c0000000)
  eden space 403456K, 100% used [0x0000000780000000,0x0000000798a00000,0x0000000798a00000)
  from space 50176K, 94% used [0x000000079f100000,0x00000007a1f196e0,0x00000007a2200000)
  to   space 36352K, 0% used [0x0000000798a00000,0x0000000798a00000,0x000000079ad80000)
 ParOldGen       total 205824K, used 75536K [0x0000000700000000, 0x000000070c900000, 0x0000000780000000)
  object space 205824K, 36% used [0x0000000700000000,0x00000007049c4020,0x000000070c900000)
 Metaspace       used 30075K, capacity 30588K, committed 30848K, reserved 1077248K
  class space    used 3276K, capacity 3421K, committed 3456K, reserved 1048576K
Event: 26.930 GC heap after
Heap after GC invocations=32 (full 3):
 PSYoungGen      total 439808K, used 36325K [0x0000000780000000, 0x00000007a2200000, 0x00000007c0000000)
  eden space 403456K, 0% used [0x0000000780000000,0x0000000780000000,0x0000000798a00000)
  from space 36352K, 99% used [0x0000000798a00000,0x000000079ad796d0,0x000000079ad80000)
  to   space 50176K, 0% used [0x000000079f100000,0x000000079f100000,0x00000007a2200000)
 ParOldGen       total 205824K, used 85776K [0x0000000700000000, 0x000000070c900000, 0x0000000780000000)
  object space 205824K, 41% used [0x0000000700000000,0x00000007053c4030,0x000000070c900000)
 Metaspace       used 30075K, capacity 30588K, committed 30848K, reserved 1077248K
  class space    used 3276K, capacity 3421K, committed 3456K, reserved 1048576K
}
Event: 27.702 GC heap before
{Heap before GC invocations=33 (full 3):
 PSYoungGen      total 439808K, used 439781K [0x0000000780000000, 0x00000007a2200000, 0x00000007c0000000)
  eden space 403456K, 100% used [0x0000000780000000,0x0000000798a00000,0x0000000798a00000)
  from space 36352K, 99% used [0x0000000798a00000,0x000000079ad796d0,0x000000079ad80000)
  to   space 50176K, 0% used [0x000000079f100000,0x000000079f100000,0x00000007a2200000)
 ParOldGen       total 205824K, used 85776K [0x0000000700000000, 0x000000070c900000, 0x0000000780000000)
  object space 205824K, 41% used [0x0000000700000000,0x00000007053c4030,0x000000070c900000)
 Metaspace       used 30091K, capacity 30588K, committed 30848K, reserved 1077248K
  class space    used 3276K, capacity 3421K, committed 3456K, reserved 1048576K
Event: 27.760 GC heap after
Heap after GC invocations=33 (full 3):
 PSYoungGen      total 453632K, used 45669K [0x0000000780000000, 0x00000007a2200000, 0x00000007c0000000)
  eden space 403456K, 0% used [0x0000000780000000,0x0000000780000000,0x0000000798a00000)
  from space 50176K, 91% used [0x000000079f100000,0x00000007a1d996d0,0x00000007a2200000)
  to   space 36352K, 0% used [0x0000000798a00000,0x0000000798a00000,0x000000079ad80000)
 ParOldGen       total 205824K, used 122219K [0x0000000700000000, 0x000000070c900000, 0x0000000780000000)
  object space 205824K, 59% used [0x0000000700000000,0x000000070775acd8,0x000000070c900000)
 Metaspace       used 30091K, capacity 30588K, committed 30848K, reserved 1077248K
  class space    used 3276K, capacity 3421K, committed 3456K, reserved 1048576K
}
Event: 28.551 GC heap before
{Heap before GC invocations=34 (full 3):
 PSYoungGen      total 453632K, used 448643K [0x0000000780000000, 0x00000007a2200000, 0x00000007c0000000)
  eden space 403456K, 99% used [0x0000000780000000,0x0000000798987538,0x0000000798a00000)
  from space 50176K, 91% used [0x000000079f100000,0x00000007a1d996d0,0x00000007a2200000)
  to   space 36352K, 0% used [0x0000000798a00000,0x0000000798a00000,0x000000079ad80000)
 ParOldGen       total 205824K, used 122219K [0x0000000700000000, 0x000000070c900000, 0x0000000780000000)
  object space 205824K, 59% used [0x0000000700000000,0x000000070775acd8,0x000000070c900000)
 Metaspace       used 30111K, capacity 30588K, committed 30848K, reserved 1077248K
  class space    used 3276K, capacity 3421K, committed 3456K, reserved 1048576K
Event: 28.555 GC heap after
Heap after GC invocations=34 (full 3):
 PSYoungGen      total 439808K, used 2806K [0x0000000780000000, 0x00000007a2200000, 0x00000007c0000000)
  eden space 403456K, 0% used [0x0000000780000000,0x0000000780000000,0x0000000798a00000)
  from space 36352K, 7% used [0x0000000798a00000,0x0000000798cbdb30,0x000000079ad80000)
  to   space 50176K, 0% used [0x000000079f100000,0x000000079f100000,0x00000007a2200000)
 ParOldGen       total 205824K, used 123427K [0x0000000700000000, 0x000000070c900000, 0x0000000780000000)
  object space 205824K, 59% used [0x0000000700000000,0x0000000707888cd8,0x000000070c900000)
 Metaspace       used 30111K, capacity 30588K, committed 30848K, reserved 1077248K
  class space    used 3276K, capacity 3421K, committed 3456K, reserved 1048576K
}

