# JRE version: Java(TM) SE Runtime Environment (8.0_181-b13) (build 1.8.0_181-b13)
# Java VM: Java HotSpot(TM) 64-Bit Server VM (25.181-b13 mixed mode windows-amd64 compressed oops)
Heap:
 PSYoungGen      total 774144K, used 394438K [0x0000000780000000, 0x00000007b1680000, 0x00000007c0000000)
  eden space 738816K, 48% used [0x0000000780000000,0x0000000795eb7118,0x00000007ad180000)
  from space 35328K, 99% used [0x00000007ad180000,0x00000007af3fa850,0x00000007af400000)
  to   space 30720K, 0% used [0x00000007af880000,0x00000007af880000,0x00000007b1680000)
 ParOldGen       total 153088K, used 74651K [0x0000000700000000, 0x0000000709580000, 0x0000000780000000)
  object space 153088K, 48% used [0x0000000700000000,0x00000007048e6cb0,0x0000000709580000)
 Metaspace       used 47740K, capacity 49026K, committed 49408K, reserved 1093632K
  class space    used 5753K, capacity 6120K, committed 6144K, reserved 1048576K
GC Heap History (10 events):
Event: 42.829 GC heap before
{Heap before GC invocations=21 (full 2):
 PSYoungGen      total 529920K, used 514601K [0x0000000780000000, 0x00000007a2400000, 0x00000007c0000000)
  eden space 503808K, 99% used [0x0000000780000000,0x000000079eaae910,0x000000079ec00000)
  from space 26112K, 46% used [0x00000007a0a80000,0x00000007a165bc78,0x00000007a2400000)
  to   space 28672K, 0% used [0x000000079ec00000,0x000000079ec00000,0x00000007a0800000)
 ParOldGen       total 153088K, used 40477K [0x0000000700000000, 0x0000000709580000, 0x0000000780000000)
  object space 153088K, 26% used [0x0000000700000000,0x00000007027875d8,0x0000000709580000)
 Metaspace       used 38440K, capacity 39594K, committed 39680K, reserved 1083392K
  class space    used 4501K, capacity 4816K, committed 4864K, reserved 1048576K
Event: 42.857 GC heap after
Heap after GC invocations=21 (full 2):
 PSYoungGen      total 532480K, used 19534K [0x0000000780000000, 0x00000007a9300000, 0x00000007c0000000)
  eden space 503808K, 0% used [0x0000000780000000,0x0000000780000000,0x000000079ec00000)
  from space 28672K, 68% used [0x000000079ec00000,0x000000079ff138b0,0x00000007a0800000)
  to   space 29184K, 0% used [0x00000007a7680000,0x00000007a7680000,0x00000007a9300000)
 ParOldGen       total 153088K, used 40709K [0x0000000700000000, 0x0000000709580000, 0x0000000780000000)
  object space 153088K, 26% used [0x0000000700000000,0x00000007027c15f8,0x0000000709580000)
 Metaspace       used 38440K, capacity 39594K, committed 39680K, reserved 1083392K
  class space    used 4501K, capacity 4816K, committed 4864K, reserved 1048576K
}
Event: 45.818 GC heap before
{Heap before GC invocations=22 (full 2):
 PSYoungGen      total 532480K, used 523342K [0x0000000780000000, 0x00000007a9300000, 0x00000007c0000000)
  eden space 503808K, 100% used [0x0000000780000000,0x000000079ec00000,0x000000079ec00000)
  from space 28672K, 68% used [0x000000079ec00000,0x000000079ff138b0,0x00000007a0800000)
  to   space 29184K, 0% used [0x00000007a7680000,0x00000007a7680000,0x00000007a9300000)
 ParOldGen       total 153088K, used 40709K [0x0000000700000000, 0x0000000709580000, 0x0000000780000000)
  object space 153088K, 26% used [0x0000000700000000,0x00000007027c15f8,0x0000000709580000)
 Metaspace       used 38575K, capacity 39754K, committed 39936K, reserved 1085440K
  class space    used 4509K, capacity 4824K, committed 4864K, reserved 1048576K
Event: 45.833 GC heap after
Heap after GC invocations=22 (full 2):
 PSYoungGen      total 631296K, used 18220K [0x0000000780000000, 0x00000007a8c00000, 0x00000007c0000000)
  eden space 609280K, 0% used [0x0000000780000000,0x0000000780000000,0x00000007a5300000)
  from space 22016K, 82% used [0x00000007a7680000,0x00000007a884b398,0x00000007a8c00000)
  to   space 29184K, 0% used [0x00000007a5300000,0x00000007a5300000,0x00000007a6f80000)
 ParOldGen       total 153088K, used 41141K [0x0000000700000000, 0x0000000709580000, 0x0000000780000000)
  object space 153088K, 26% used [0x0000000700000000,0x000000070282d638,0x0000000709580000)
 Metaspace       used 38575K, capacity 39754K, committed 39936K, reserved 1085440K
  class space    used 4509K, capacity 4824K, committed 4864K, reserved 1048576K
}
Event: 49.421 GC heap before
{Heap before GC invocations=23 (full 2):
 PSYoungGen      total 631296K, used 627500K [0x0000000780000000, 0x00000007a8c00000, 0x00000007c0000000)
  eden space 609280K, 100% used [0x0000000780000000,0x00000007a5300000,0x00000007a5300000)
  from space 22016K, 82% used [0x00000007a7680000,0x00000007a884b398,0x00000007a8c00000)
  to   space 29184K, 0% used [0x00000007a5300000,0x00000007a5300000,0x00000007a6f80000)
 ParOldGen       total 153088K, used 41141K [0x0000000700000000, 0x0000000709580000, 0x0000000780000000)
  object space 153088K, 26% used [0x0000000700000000,0x000000070282d638,0x0000000709580000)
 Metaspace       used 38668K, capacity 39910K, committed 40192K, reserved 1085440K
  class space    used 4513K, capacity 4830K, committed 4864K, reserved 1048576K
Event: 49.471 GC heap after
Heap after GC invocations=23 (full 2):
 PSYoungGen      total 638464K, used 29162K [0x0000000780000000, 0x00000007b1c80000, 0x00000007c0000000)
  eden space 609280K, 0% used [0x0000000780000000,0x0000000780000000,0x00000007a5300000)
  from space 29184K, 99% used [0x00000007a5300000,0x00000007a6f7a810,0x00000007a6f80000)
  to   space 36864K, 0% used [0x00000007af880000,0x00000007af880000,0x00000007b1c80000)
 ParOldGen       total 153088K, used 51629K [0x0000000700000000, 0x0000000709580000, 0x0000000780000000)
  object space 153088K, 33% used [0x0000000700000000,0x000000070326b778,0x0000000709580000)
 Metaspace       used 38668K, capacity 39910K, committed 40192K, reserved 1085440K
  class space    used 4513K, capacity 4830K, committed 4864K, reserved 1048576K
}
Event: 55.703 GC heap before
{Heap before GC invocations=24 (full 2):
 PSYoungGen      total 638464K, used 638442K [0x0000000780000000, 0x00000007b1c80000, 0x00000007c0000000)
  eden space 609280K, 100% used [0x0000000780000000,0x00000007a5300000,0x00000007a5300000)
  from space 29184K, 99% used [0x00000007a5300000,0x00000007a6f7a810,0x00000007a6f80000)
  to   space 36864K, 0% used [0x00000007af880000,0x00000007af880000,0x00000007b1c80000)
 ParOldGen       total 153088K, used 51629K [0x0000000700000000, 0x0000000709580000, 0x0000000780000000)
  object space 153088K, 33% used [0x0000000700000000,0x000000070326b778,0x0000000709580000)
 Metaspace       used 38785K, capacity 39942K, committed 40192K, reserved 1085440K
  class space    used 4519K, capacity 4838K, committed 4864K, reserved 1048576K
Event: 55.758 GC heap after
Heap after GC invocations=24 (full 2):
 PSYoungGen      total 769536K, used 16767K [0x0000000780000000, 0x00000007b1680000, 0x00000007c0000000)
  eden space 738816K, 0% used [0x0000000780000000,0x0000000780000000,0x00000007ad180000)
  from space 30720K, 54% used [0x00000007af880000,0x00000007b08dfc78,0x00000007b1680000)
  to   space 35328K, 0% used [0x00000007ad180000,0x00000007ad180000,0x00000007af400000)
 ParOldGen       total 153088K, used 67350K [0x0000000700000000, 0x0000000709580000, 0x0000000780000000)
  object space 153088K, 43% used [0x0000000700000000,0x00000007041c5868,0x0000000709580000)
 Metaspace       used 38785K, capacity 39942K, committed 40192K, reserved 1085440K
  class space    used 4519K, capacity 4838K, committed 4864K, reserved 1048576K
}
Event: 60.535 GC heap before
{Heap before GC invocations=25 (full 2):
 PSYoungGen      total 769536K, used 755583K [0x0000000780000000, 0x00000007b1680000, 0x00000007c0000000)
  eden space 738816K, 100% used [0x0000000780000000,0x00000007ad180000,0x00000007ad180000)
  from space 30720K, 54% used [0x00000007af880000,0x00000007b08dfc78,0x00000007b1680000)
  to   space 35328K, 0% used [0x00000007ad180000,0x00000007ad180000,0x00000007af400000)
 ParOldGen       total 153088K, used 67350K [0x0000000700000000, 0x0000000709580000, 0x0000000780000000)
  object space 153088K, 43% used [0x0000000700000000,0x00000007041c5868,0x0000000709580000)
 Metaspace       used 39104K, capacity 40316K, committed 40576K, reserved 1085440K
  class space    used 4554K, capacity 4870K, committed 4992K, reserved 1048576K
Event: 60.637 GC heap after
Heap after GC invocations=25 (full 2):
 PSYoungGen      total 774144K, used 35306K [0x0000000780000000, 0x00000007b1680000, 0x00000007c0000000)
  eden space 738816K, 0% used [0x0000000780000000,0x0000000780000000,0x00000007ad180000)
  from space 35328K, 99% used [0x00000007ad180000,0x00000007af3fa850,0x00000007af400000)
  to   space 30720K, 0% used [0x00000007af880000,0x00000007af880000,0x00000007b1680000)
 ParOldGen       total 153088K, used 74651K [0x0000000700000000, 0x0000000709580000, 0x0000000780000000)
  object space 153088K, 48% used [0x0000000700000000,0x00000007048e6cb0,0x0000000709580000)
 Metaspace       used 39104K, capacity 40316K, committed 40576K, reserved 1085440K
  class space    used 4554K, capacity 4870K, committed 4992K, reserved 1048576K
}

