# JRE version: Java(TM) SE Runtime Environment (8.0_181-b13) (build 1.8.0_181-b13)
# Java VM: Java HotSpot(TM) 64-Bit Server VM (25.181-b13 mixed mode windows-amd64 compressed oops)
Heap:
 PSYoungGen      total 612864K, used 271924K [0x0000000780000000, 0x00000007abd00000, 0x00000007c0000000)
  eden space 526336K, 51% used [0x0000000780000000,0x000000079098d2c0,0x00000007a0200000)
  from space 86528K, 0% used [0x00000007a0200000,0x00000007a0200000,0x00000007a5680000)
  to   space 73216K, 0% used [0x00000007a5680000,0x00000007a5680000,0x00000007a9e00000)
 ParOldGen       total 210944K, used 42075K [0x0000000700000000, 0x000000070ce00000, 0x0000000780000000)
  object space 210944K, 19% used [0x0000000700000000,0x0000000702916d28,0x000000070ce00000)
 Metaspace       used 39314K, capacity 40684K, committed 40832K, reserved 1085440K
  class space    used 4592K, capacity 4937K, committed 4992K, reserved 1048576K
GC Heap History (10 events):
Event: 41.391 GC heap before
{Heap before GC invocations=24 (full 2):
 PSYoungGen      total 337408K, used 337377K [0x0000000780000000, 0x000000079f080000, 0x00000007c0000000)
  eden space 313344K, 100% used [0x0000000780000000,0x0000000793200000,0x0000000793200000)
  from space 24064K, 99% used [0x0000000793200000,0x0000000794978480,0x0000000794980000)
  to   space 51200K, 0% used [0x000000079be80000,0x000000079be80000,0x000000079f080000)
 ParOldGen       total 162816K, used 99316K [0x0000000700000000, 0x0000000709f00000, 0x0000000780000000)
  object space 162816K, 60% used [0x0000000700000000,0x00000007060fd0c8,0x0000000709f00000)
 Metaspace       used 38765K, capacity 40114K, committed 40320K, reserved 1085440K
  class space    used 4555K, capacity 4882K, committed 4992K, reserved 1048576K
Event: 41.438 GC heap after
Heap after GC invocations=24 (full 2):
 PSYoungGen      total 453120K, used 40973K [0x0000000780000000, 0x000000079fe00000, 0x00000007c0000000)
  eden space 401920K, 0% used [0x0000000780000000,0x0000000780000000,0x0000000798880000)
  from space 51200K, 80% used [0x000000079be80000,0x000000079e6835b8,0x000000079f080000)
  to   space 55296K, 0% used [0x0000000798880000,0x0000000798880000,0x000000079be80000)
 ParOldGen       total 162816K, used 99324K [0x0000000700000000, 0x0000000709f00000, 0x0000000780000000)
  object space 162816K, 61% used [0x0000000700000000,0x00000007060ff0c8,0x0000000709f00000)
 Metaspace       used 38765K, capacity 40114K, committed 40320K, reserved 1085440K
  class space    used 4555K, capacity 4882K, committed 4992K, reserved 1048576K
}
Event: 42.208 GC heap before
{Heap before GC invocations=25 (full 2):
 PSYoungGen      total 453120K, used 442893K [0x0000000780000000, 0x000000079fe00000, 0x00000007c0000000)
  eden space 401920K, 100% used [0x0000000780000000,0x0000000798880000,0x0000000798880000)
  from space 51200K, 80% used [0x000000079be80000,0x000000079e6835b8,0x000000079f080000)
  to   space 55296K, 0% used [0x0000000798880000,0x0000000798880000,0x000000079be80000)
 ParOldGen       total 162816K, used 99324K [0x0000000700000000, 0x0000000709f00000, 0x0000000780000000)
  object space 162816K, 61% used [0x0000000700000000,0x00000007060ff0c8,0x0000000709f00000)
 Metaspace       used 38851K, capacity 40184K, committed 40320K, reserved 1085440K
  class space    used 4556K, capacity 4883K, committed 4992K, reserved 1048576K
Event: 42.300 GC heap after
Heap after GC invocations=25 (full 2):
 PSYoungGen      total 457216K, used 55288K [0x0000000780000000, 0x00000007a9e00000, 0x00000007c0000000)
  eden space 401920K, 0% used [0x0000000780000000,0x0000000780000000,0x0000000798880000)
  from space 55296K, 99% used [0x0000000798880000,0x000000079be7e0a0,0x000000079be80000)
  to   space 73216K, 0% used [0x00000007a5680000,0x00000007a5680000,0x00000007a9e00000)
 ParOldGen       total 162816K, used 124980K [0x0000000700000000, 0x0000000709f00000, 0x0000000780000000)
  object space 162816K, 76% used [0x0000000700000000,0x0000000707a0d158,0x0000000709f00000)
 Metaspace       used 38851K, capacity 40184K, committed 40320K, reserved 1085440K
  class space    used 4556K, capacity 4883K, committed 4992K, reserved 1048576K
}
Event: 42.987 GC heap before
{Heap before GC invocations=26 (full 2):
 PSYoungGen      total 457216K, used 457208K [0x0000000780000000, 0x00000007a9e00000, 0x00000007c0000000)
  eden space 401920K, 100% used [0x0000000780000000,0x0000000798880000,0x0000000798880000)
  from space 55296K, 99% used [0x0000000798880000,0x000000079be7e0a0,0x000000079be80000)
  to   space 73216K, 0% used [0x00000007a5680000,0x00000007a5680000,0x00000007a9e00000)
 ParOldGen       total 162816K, used 124980K [0x0000000700000000, 0x0000000709f00000, 0x0000000780000000)
  object space 162816K, 76% used [0x0000000700000000,0x0000000707a0d158,0x0000000709f00000)
 Metaspace       used 38900K, capacity 40248K, committed 40576K, reserved 1085440K
  class space    used 4556K, capacity 4883K, committed 4992K, reserved 1048576K
Event: 43.078 GC heap after
Heap after GC invocations=26 (full 2):
 PSYoungGen      total 599552K, used 73208K [0x0000000780000000, 0x00000007abd00000, 0x00000007c0000000)
  eden space 526336K, 0% used [0x0000000780000000,0x0000000780000000,0x00000007a0200000)
  from space 73216K, 99% used [0x00000007a5680000,0x00000007a9dfe350,0x00000007a9e00000)
  to   space 86528K, 0% used [0x00000007a0200000,0x00000007a0200000,0x00000007a5680000)
 ParOldGen       total 162816K, used 127436K [0x0000000700000000, 0x0000000709f00000, 0x0000000780000000)
  object space 162816K, 78% used [0x0000000700000000,0x0000000707c731b8,0x0000000709f00000)
 Metaspace       used 38900K, capacity 40248K, committed 40576K, reserved 1085440K
  class space    used 4556K, capacity 4883K, committed 4992K, reserved 1048576K
}
Event: 47.422 GC heap before
{Heap before GC invocations=27 (full 2):
 PSYoungGen      total 599552K, used 599544K [0x0000000780000000, 0x00000007abd00000, 0x00000007c0000000)
  eden space 526336K, 100% used [0x0000000780000000,0x00000007a0200000,0x00000007a0200000)
  from space 73216K, 99% used [0x00000007a5680000,0x00000007a9dfe350,0x00000007a9e00000)
  to   space 86528K, 0% used [0x00000007a0200000,0x00000007a0200000,0x00000007a5680000)
 ParOldGen       total 162816K, used 127436K [0x0000000700000000, 0x0000000709f00000, 0x0000000780000000)
  object space 162816K, 78% used [0x0000000700000000,0x0000000707c731b8,0x0000000709f00000)
 Metaspace       used 39102K, capacity 40486K, committed 40576K, reserved 1085440K
  class space    used 4572K, capacity 4908K, committed 4992K, reserved 1048576K
Event: 47.599 GC heap after
Heap after GC invocations=27 (full 2):
 PSYoungGen      total 612864K, used 86520K [0x0000000780000000, 0x00000007abd00000, 0x00000007c0000000)
  eden space 526336K, 0% used [0x0000000780000000,0x0000000780000000,0x00000007a0200000)
  from space 86528K, 99% used [0x00000007a0200000,0x00000007a567e0e0,0x00000007a5680000)
  to   space 73216K, 0% used [0x00000007a5680000,0x00000007a5680000,0x00000007a9e00000)
 ParOldGen       total 162816K, used 143660K [0x0000000700000000, 0x0000000709f00000, 0x0000000780000000)
  object space 162816K, 88% used [0x0000000700000000,0x0000000708c4b1f8,0x0000000709f00000)
 Metaspace       used 39102K, capacity 40486K, committed 40576K, reserved 1085440K
  class space    used 4572K, capacity 4908K, committed 4992K, reserved 1048576K
}
Event: 47.599 GC heap before
{Heap before GC invocations=28 (full 3):
 PSYoungGen      total 612864K, used 86520K [0x0000000780000000, 0x00000007abd00000, 0x00000007c0000000)
  eden space 526336K, 0% used [0x0000000780000000,0x0000000780000000,0x00000007a0200000)
  from space 86528K, 99% used [0x00000007a0200000,0x00000007a567e0e0,0x00000007a5680000)
  to   space 73216K, 0% used [0x00000007a5680000,0x00000007a5680000,0x00000007a9e00000)
 ParOldGen       total 162816K, used 143660K [0x0000000700000000, 0x0000000709f00000, 0x0000000780000000)
  object space 162816K, 88% used [0x0000000700000000,0x0000000708c4b1f8,0x0000000709f00000)
 Metaspace       used 39102K, capacity 40486K, committed 40576K, reserved 1085440K
  class space    used 4572K, capacity 4908K, committed 4992K, reserved 1048576K
Event: 47.819 GC heap after
Heap after GC invocations=28 (full 3):
 PSYoungGen      total 612864K, used 0K [0x0000000780000000, 0x00000007abd00000, 0x00000007c0000000)
  eden space 526336K, 0% used [0x0000000780000000,0x0000000780000000,0x00000007a0200000)
  from space 86528K, 0% used [0x00000007a0200000,0x00000007a0200000,0x00000007a5680000)
  to   space 73216K, 0% used [0x00000007a5680000,0x00000007a5680000,0x00000007a9e00000)
 ParOldGen       total 210944K, used 42075K [0x0000000700000000, 0x000000070ce00000, 0x0000000780000000)
  object space 210944K, 19% used [0x0000000700000000,0x0000000702916d28,0x000000070ce00000)
 Metaspace       used 39102K, capacity 40486K, committed 40576K, reserved 1085440K
  class space    used 4572K, capacity 4908K, committed 4992K, reserved 1048576K
}

