# JRE version: Java(TM) SE Runtime Environment (8.0_181-b13) (build 1.8.0_181-b13)
# Java VM: Java HotSpot(TM) 64-Bit Server VM (25.181-b13 mixed mode windows-amd64 compressed oops)
Heap:
 PSYoungGen      total 81408K, used 49326K [0x0000000780000000, 0x0000000785f80000, 0x00000007c0000000)
  eden space 70144K, 55% used [0x0000000780000000,0x000000078262e6d0,0x0000000784480000)
  from space 11264K, 90% used [0x0000000785000000,0x00000007859fd3e0,0x0000000785b00000)
  to   space 11776K, 0% used [0x0000000784480000,0x0000000784480000,0x0000000785000000)
 ParOldGen       total 91136K, used 21934K [0x0000000700000000, 0x0000000705900000, 0x0000000780000000)
  object space 91136K, 24% used [0x0000000700000000,0x000000070156b8e8,0x0000000705900000)
 Metaspace       used 23356K, capacity 23664K, committed 23936K, reserved 1071104K
  class space    used 2575K, capacity 2677K, committed 2688K, reserved 1048576K
GC Heap History (10 events):
Event: 4.885 GC heap before
{Heap before GC invocations=3 (full 0):
 PSYoungGen      total 57344K, used 37585K [0x0000000780000000, 0x0000000784000000, 0x00000007c0000000)
  eden space 49152K, 59% used [0x0000000780000000,0x0000000781cb9a80,0x0000000783000000)
  from space 8192K, 99% used [0x0000000783800000,0x0000000783ffac80,0x0000000784000000)
  to   space 8192K, 0% used [0x0000000783000000,0x0000000783000000,0x0000000783800000)
 ParOldGen       total 131072K, used 1965K [0x0000000700000000, 0x0000000708000000, 0x0000000780000000)
  object space 131072K, 1% used [0x0000000700000000,0x00000007001eb5f8,0x0000000708000000)
 Metaspace       used 20871K, capacity 21084K, committed 21296K, reserved 1069056K
  class space    used 2324K, capacity 2397K, committed 2432K, reserved 1048576K
Event: 4.897 GC heap after
Heap after GC invocations=3 (full 0):
 PSYoungGen      total 57344K, used 8164K [0x0000000780000000, 0x0000000784000000, 0x00000007c0000000)
  eden space 49152K, 0% used [0x0000000780000000,0x0000000780000000,0x0000000783000000)
  from space 8192K, 99% used [0x0000000783000000,0x00000007837f9080,0x0000000783800000)
  to   space 8192K, 0% used [0x0000000783800000,0x0000000783800000,0x0000000784000000)
 ParOldGen       total 131072K, used 3460K [0x0000000700000000, 0x0000000708000000, 0x0000000780000000)
  object space 131072K, 2% used [0x0000000700000000,0x00000007003613a0,0x0000000708000000)
 Metaspace       used 20871K, capacity 21084K, committed 21296K, reserved 1069056K
  class space    used 2324K, capacity 2397K, committed 2432K, reserved 1048576K
}
Event: 4.898 GC heap before
{Heap before GC invocations=4 (full 1):
 PSYoungGen      total 57344K, used 8164K [0x0000000780000000, 0x0000000784000000, 0x00000007c0000000)
  eden space 49152K, 0% used [0x0000000780000000,0x0000000780000000,0x0000000783000000)
  from space 8192K, 99% used [0x0000000783000000,0x00000007837f9080,0x0000000783800000)
  to   space 8192K, 0% used [0x0000000783800000,0x0000000783800000,0x0000000784000000)
 ParOldGen       total 131072K, used 3460K [0x0000000700000000, 0x0000000708000000, 0x0000000780000000)
  object space 131072K, 2% used [0x0000000700000000,0x00000007003613a0,0x0000000708000000)
 Metaspace       used 20871K, capacity 21084K, committed 21296K, reserved 1069056K
  class space    used 2324K, capacity 2397K, committed 2432K, reserved 1048576K
Event: 4.956 GC heap after
Heap after GC invocations=4 (full 1):
 PSYoungGen      total 57344K, used 0K [0x0000000780000000, 0x0000000784000000, 0x00000007c0000000)
  eden space 49152K, 0% used [0x0000000780000000,0x0000000780000000,0x0000000783000000)
  from space 8192K, 0% used [0x0000000783000000,0x0000000783000000,0x0000000783800000)
  to   space 8192K, 0% used [0x0000000783800000,0x0000000783800000,0x0000000784000000)
 ParOldGen       total 91136K, used 9622K [0x0000000700000000, 0x0000000705900000, 0x0000000780000000)
  object space 91136K, 10% used [0x0000000700000000,0x00000007009658a8,0x0000000705900000)
 Metaspace       used 20871K, capacity 21084K, committed 21296K, reserved 1069056K
  class space    used 2324K, capacity 2397K, committed 2432K, reserved 1048576K
}
Event: 5.681 GC heap before
{Heap before GC invocations=5 (full 1):
 PSYoungGen      total 57344K, used 46909K [0x0000000780000000, 0x0000000784000000, 0x00000007c0000000)
  eden space 49152K, 95% used [0x0000000780000000,0x0000000782dcf568,0x0000000783000000)
  from space 8192K, 0% used [0x0000000783000000,0x0000000783000000,0x0000000783800000)
  to   space 8192K, 0% used [0x0000000783800000,0x0000000783800000,0x0000000784000000)
 ParOldGen       total 91136K, used 9622K [0x0000000700000000, 0x0000000705900000, 0x0000000780000000)
  object space 91136K, 10% used [0x0000000700000000,0x00000007009658a8,0x0000000705900000)
 Metaspace       used 22991K, capacity 23240K, committed 23424K, reserved 1071104K
  class space    used 2561K, capacity 2645K, committed 2688K, reserved 1048576K
Event: 5.688 GC heap after
Heap after GC invocations=5 (full 1):
 PSYoungGen      total 57344K, used 7290K [0x0000000780000000, 0x0000000785380000, 0x00000007c0000000)
  eden space 49152K, 0% used [0x0000000780000000,0x0000000780000000,0x0000000783000000)
  from space 8192K, 88% used [0x0000000783800000,0x0000000783f1e8a8,0x0000000784000000)
  to   space 8192K, 0% used [0x0000000783000000,0x0000000783000000,0x0000000783800000)
 ParOldGen       total 91136K, used 15774K [0x0000000700000000, 0x0000000705900000, 0x0000000780000000)
  object space 91136K, 17% used [0x0000000700000000,0x0000000700f678c8,0x0000000705900000)
 Metaspace       used 22991K, capacity 23240K, committed 23424K, reserved 1071104K
  class space    used 2561K, capacity 2645K, committed 2688K, reserved 1048576K
}
Event: 6.129 GC heap before
{Heap before GC invocations=6 (full 1):
 PSYoungGen      total 57344K, used 54001K [0x0000000780000000, 0x0000000785380000, 0x00000007c0000000)
  eden space 49152K, 95% used [0x0000000780000000,0x0000000782d9df40,0x0000000783000000)
  from space 8192K, 88% used [0x0000000783800000,0x0000000783f1e8a8,0x0000000784000000)
  to   space 8192K, 0% used [0x0000000783000000,0x0000000783000000,0x0000000783800000)
 ParOldGen       total 91136K, used 15774K [0x0000000700000000, 0x0000000705900000, 0x0000000780000000)
  object space 91136K, 17% used [0x0000000700000000,0x0000000700f678c8,0x0000000705900000)
 Metaspace       used 23179K, capacity 23472K, committed 23680K, reserved 1071104K
  class space    used 2566K, capacity 2677K, committed 2688K, reserved 1048576K
Event: 6.135 GC heap after
Heap after GC invocations=6 (full 1):
 PSYoungGen      total 57344K, used 7183K [0x0000000780000000, 0x0000000785b00000, 0x00000007c0000000)
  eden space 49152K, 0% used [0x0000000780000000,0x0000000780000000,0x0000000783000000)
  from space 8192K, 87% used [0x0000000783000000,0x0000000783703ce8,0x0000000783800000)
  to   space 11264K, 0% used [0x0000000785000000,0x0000000785000000,0x0000000785b00000)
 ParOldGen       total 91136K, used 21926K [0x0000000700000000, 0x0000000705900000, 0x0000000780000000)
  object space 91136K, 24% used [0x0000000700000000,0x00000007015698e8,0x0000000705900000)
 Metaspace       used 23179K, capacity 23472K, committed 23680K, reserved 1071104K
  class space    used 2566K, capacity 2677K, committed 2688K, reserved 1048576K
}
Event: 6.657 GC heap before
{Heap before GC invocations=7 (full 1):
 PSYoungGen      total 57344K, used 54882K [0x0000000780000000, 0x0000000785b00000, 0x00000007c0000000)
  eden space 49152K, 97% used [0x0000000780000000,0x0000000782e94b88,0x0000000783000000)
  from space 8192K, 87% used [0x0000000783000000,0x0000000783703ce8,0x0000000783800000)
  to   space 11264K, 0% used [0x0000000785000000,0x0000000785000000,0x0000000785b00000)
 ParOldGen       total 91136K, used 21926K [0x0000000700000000, 0x0000000705900000, 0x0000000780000000)
  object space 91136K, 24% used [0x0000000700000000,0x00000007015698e8,0x0000000705900000)
 Metaspace       used 23234K, capacity 23600K, committed 23936K, reserved 1071104K
  class space    used 2570K, capacity 2677K, committed 2688K, reserved 1048576K
Event: 6.669 GC heap after
Heap after GC invocations=7 (full 1):
 PSYoungGen      total 81408K, used 10228K [0x0000000780000000, 0x0000000785f80000, 0x00000007c0000000)
  eden space 70144K, 0% used [0x0000000780000000,0x0000000780000000,0x0000000784480000)
  from space 11264K, 90% used [0x0000000785000000,0x00000007859fd3e0,0x0000000785b00000)
  to   space 11776K, 0% used [0x0000000784480000,0x0000000784480000,0x0000000785000000)
 ParOldGen       total 91136K, used 21934K [0x0000000700000000, 0x0000000705900000, 0x0000000780000000)
  object space 91136K, 24% used [0x0000000700000000,0x000000070156b8e8,0x0000000705900000)
 Metaspace       used 23234K, capacity 23600K, committed 23936K, reserved 1071104K
  class space    used 2570K, capacity 2677K, committed 2688K, reserved 1048576K
}

