# JRE version: Java(TM) SE Runtime Environment (8.0_181-b13) (build 1.8.0_181-b13)
# Java VM: Java HotSpot(TM) 64-Bit Server VM (25.181-b13 mixed mode windows-amd64 compressed oops)
Heap:
 PSYoungGen      total 532480K, used 60555K [0x0000000780000000, 0x00000007a3080000, 0x00000007c0000000)
  eden space 491008K, 5% used [0x0000000780000000,0x0000000781ca3470,0x000000079df80000)
  from space 41472K, 75% used [0x000000079df80000,0x000000079fdff9b8,0x00000007a0800000)
  to   space 36352K, 0% used [0x00000007a0d00000,0x00000007a0d00000,0x00000007a3080000)
 ParOldGen       total 197120K, used 124960K [0x0000000700000000, 0x000000070c080000, 0x0000000780000000)
  object space 197120K, 63% used [0x0000000700000000,0x0000000707a082b0,0x000000070c080000)
 Metaspace       used 30056K, capacity 30502K, committed 30848K, reserved 1077248K
  class space    used 3233K, capacity 3351K, committed 3456K, reserved 1048576K
GC Heap History (10 events):
Event: 28.804 GC heap before
{Heap before GC invocations=29 (full 2):
 PSYoungGen      total 505344K, used 465720K [0x0000000780000000, 0x00000007a2b00000, 0x00000007c0000000)
  eden space 461824K, 100% used [0x0000000780000000,0x000000079c300000,0x000000079c300000)
  from space 43520K, 8% used [0x00000007a0080000,0x00000007a044e080,0x00000007a2b00000)
  to   space 53248K, 0% used [0x000000079c300000,0x000000079c300000,0x000000079f700000)
 ParOldGen       total 197120K, used 124944K [0x0000000700000000, 0x000000070c080000, 0x0000000780000000)
  object space 197120K, 63% used [0x0000000700000000,0x0000000707a042b0,0x000000070c080000)
 Metaspace       used 29976K, capacity 30438K, committed 30592K, reserved 1077248K
  class space    used 3233K, capacity 3351K, committed 3456K, reserved 1048576K
Event: 28.809 GC heap after
Heap after GC invocations=29 (full 2):
 PSYoungGen      total 515072K, used 7053K [0x0000000780000000, 0x00000007a2b00000, 0x00000007c0000000)
  eden space 461824K, 0% used [0x0000000780000000,0x0000000780000000,0x000000079c300000)
  from space 53248K, 13% used [0x000000079c300000,0x000000079c9e3450,0x000000079f700000)
  to   space 43520K, 0% used [0x00000007a0080000,0x00000007a0080000,0x00000007a2b00000)
 ParOldGen       total 197120K, used 124952K [0x0000000700000000, 0x000000070c080000, 0x0000000780000000)
  object space 197120K, 63% used [0x0000000700000000,0x0000000707a062b0,0x000000070c080000)
 Metaspace       used 29976K, capacity 30438K, committed 30592K, reserved 1077248K
  class space    used 3233K, capacity 3351K, committed 3456K, reserved 1048576K
}
Event: 29.797 GC heap before
{Heap before GC invocations=30 (full 2):
 PSYoungGen      total 515072K, used 468877K [0x0000000780000000, 0x00000007a2b00000, 0x00000007c0000000)
  eden space 461824K, 100% used [0x0000000780000000,0x000000079c300000,0x000000079c300000)
  from space 53248K, 13% used [0x000000079c300000,0x000000079c9e3450,0x000000079f700000)
  to   space 43520K, 0% used [0x00000007a0080000,0x00000007a0080000,0x00000007a2b00000)
 ParOldGen       total 197120K, used 124952K [0x0000000700000000, 0x000000070c080000, 0x0000000780000000)
  object space 197120K, 63% used [0x0000000700000000,0x0000000707a062b0,0x000000070c080000)
 Metaspace       used 30014K, capacity 30438K, committed 30592K, reserved 1077248K
  class space    used 3233K, capacity 3351K, committed 3456K, reserved 1048576K
Event: 29.807 GC heap after
Heap after GC invocations=30 (full 2):
 PSYoungGen      total 505344K, used 7915K [0x0000000780000000, 0x00000007a2b00000, 0x00000007c0000000)
  eden space 461824K, 0% used [0x0000000780000000,0x0000000780000000,0x000000079c300000)
  from space 43520K, 18% used [0x00000007a0080000,0x00000007a083ae40,0x00000007a2b00000)
  to   space 53248K, 0% used [0x000000079c300000,0x000000079c300000,0x000000079f700000)
 ParOldGen       total 197120K, used 124952K [0x0000000700000000, 0x000000070c080000, 0x0000000780000000)
  object space 197120K, 63% used [0x0000000700000000,0x0000000707a062b0,0x000000070c080000)
 Metaspace       used 30014K, capacity 30438K, committed 30592K, reserved 1077248K
  class space    used 3233K, capacity 3351K, committed 3456K, reserved 1048576K
}
Event: 31.265 GC heap before
{Heap before GC invocations=31 (full 2):
 PSYoungGen      total 505344K, used 468864K [0x0000000780000000, 0x00000007a2b00000, 0x00000007c0000000)
  eden space 461824K, 99% used [0x0000000780000000,0x000000079c2252c0,0x000000079c300000)
  from space 43520K, 18% used [0x00000007a0080000,0x00000007a083ae40,0x00000007a2b00000)
  to   space 53248K, 0% used [0x000000079c300000,0x000000079c300000,0x000000079f700000)
 ParOldGen       total 197120K, used 124952K [0x0000000700000000, 0x000000070c080000, 0x0000000780000000)
  object space 197120K, 63% used [0x0000000700000000,0x0000000707a062b0,0x000000070c080000)
 Metaspace       used 30026K, capacity 30438K, committed 30592K, reserved 1077248K
  class space    used 3233K, capacity 3351K, committed 3456K, reserved 1048576K
Event: 31.268 GC heap after
Heap after GC invocations=31 (full 2):
 PSYoungGen      total 515072K, used 6443K [0x0000000780000000, 0x00000007a3780000, 0x00000007c0000000)
  eden space 461824K, 0% used [0x0000000780000000,0x0000000780000000,0x000000079c300000)
  from space 53248K, 12% used [0x000000079c300000,0x000000079c94ac90,0x000000079f700000)
  to   space 43520K, 0% used [0x00000007a0d00000,0x00000007a0d00000,0x00000007a3780000)
 ParOldGen       total 197120K, used 124960K [0x0000000700000000, 0x000000070c080000, 0x0000000780000000)
  object space 197120K, 63% used [0x0000000700000000,0x0000000707a082b0,0x000000070c080000)
 Metaspace       used 30026K, capacity 30438K, committed 30592K, reserved 1077248K
  class space    used 3233K, capacity 3351K, committed 3456K, reserved 1048576K
}
Event: 32.132 GC heap before
{Heap before GC invocations=32 (full 2):
 PSYoungGen      total 515072K, used 468267K [0x0000000780000000, 0x00000007a3780000, 0x00000007c0000000)
  eden space 461824K, 100% used [0x0000000780000000,0x000000079c300000,0x000000079c300000)
  from space 53248K, 12% used [0x000000079c300000,0x000000079c94ac90,0x000000079f700000)
  to   space 43520K, 0% used [0x00000007a0d00000,0x00000007a0d00000,0x00000007a3780000)
 ParOldGen       total 197120K, used 124960K [0x0000000700000000, 0x000000070c080000, 0x0000000780000000)
  object space 197120K, 63% used [0x0000000700000000,0x0000000707a082b0,0x000000070c080000)
 Metaspace       used 30044K, capacity 30502K, committed 30848K, reserved 1077248K
  class space    used 3233K, capacity 3351K, committed 3456K, reserved 1048576K
Event: 32.137 GC heap after
Heap after GC invocations=32 (full 2):
 PSYoungGen      total 527360K, used 7117K [0x0000000780000000, 0x00000007a3080000, 0x00000007c0000000)
  eden space 491008K, 0% used [0x0000000780000000,0x0000000780000000,0x000000079df80000)
  from space 36352K, 19% used [0x00000007a0d00000,0x00000007a13f3450,0x00000007a3080000)
  to   space 41472K, 0% used [0x000000079df80000,0x000000079df80000,0x00000007a0800000)
 ParOldGen       total 197120K, used 124960K [0x0000000700000000, 0x000000070c080000, 0x0000000780000000)
  object space 197120K, 63% used [0x0000000700000000,0x0000000707a082b0,0x000000070c080000)
 Metaspace       used 30044K, capacity 30502K, committed 30848K, reserved 1077248K
  class space    used 3233K, capacity 3351K, committed 3456K, reserved 1048576K
}
Event: 33.154 GC heap before
{Heap before GC invocations=33 (full 2):
 PSYoungGen      total 527360K, used 498125K [0x0000000780000000, 0x00000007a3080000, 0x00000007c0000000)
  eden space 491008K, 100% used [0x0000000780000000,0x000000079df80000,0x000000079df80000)
  from space 36352K, 19% used [0x00000007a0d00000,0x00000007a13f3450,0x00000007a3080000)
  to   space 41472K, 0% used [0x000000079df80000,0x000000079df80000,0x00000007a0800000)
 ParOldGen       total 197120K, used 124960K [0x0000000700000000, 0x000000070c080000, 0x0000000780000000)
  object space 197120K, 63% used [0x0000000700000000,0x0000000707a082b0,0x000000070c080000)
 Metaspace       used 30055K, capacity 30502K, committed 30848K, reserved 1077248K
  class space    used 3233K, capacity 3351K, committed 3456K, reserved 1048576K
Event: 33.210 GC heap after
Heap after GC invocations=33 (full 2):
 PSYoungGen      total 532480K, used 31230K [0x0000000780000000, 0x00000007a3080000, 0x00000007c0000000)
  eden space 491008K, 0% used [0x0000000780000000,0x0000000780000000,0x000000079df80000)
  from space 41472K, 75% used [0x000000079df80000,0x000000079fdff9b8,0x00000007a0800000)
  to   space 36352K, 0% used [0x00000007a0d00000,0x00000007a0d00000,0x00000007a3080000)
 ParOldGen       total 197120K, used 124960K [0x0000000700000000, 0x000000070c080000, 0x0000000780000000)
  object space 197120K, 63% used [0x0000000700000000,0x0000000707a082b0,0x000000070c080000)
 Metaspace       used 30055K, capacity 30502K, committed 30848K, reserved 1077248K
  class space    used 3233K, capacity 3351K, committed 3456K, reserved 1048576K
}

