# JRE version: Java(TM) SE Runtime Environment (8.0_181-b13) (build 1.8.0_181-b13)
# Java VM: Java HotSpot(TM) 64-Bit Server VM (25.181-b13 mixed mode windows-amd64 compressed oops)
Heap:
 PSYoungGen      total 403968K, used 148841K [0x0000000780000000, 0x000000079fb00000, 0x00000007c0000000)
  eden space 314880K, 47% used [0x0000000780000000,0x000000078915a5d8,0x0000000793380000)
  from space 89088K, 0% used [0x0000000793380000,0x0000000793380000,0x0000000798a80000)
  to   space 68096K, 0% used [0x0000000798a80000,0x0000000798a80000,0x000000079cd00000)
 ParOldGen       total 188416K, used 37237K [0x0000000700000000, 0x000000070b800000, 0x0000000780000000)
  object space 188416K, 19% used [0x0000000700000000,0x000000070245d478,0x000000070b800000)
 Metaspace       used 29390K, capacity 29812K, committed 30080K, reserved 1075200K
  class space    used 3259K, capacity 3397K, committed 3456K, reserved 1048576K
GC Heap History (10 events):
Event: 13.913 GC heap before
{Heap before GC invocations=16 (full 2):
 PSYoungGen      total 194560K, used 153600K [0x0000000780000000, 0x0000000794000000, 0x00000007c0000000)
  eden space 153600K, 100% used [0x0000000780000000,0x0000000789600000,0x0000000789600000)
  from space 40960K, 0% used [0x0000000789600000,0x0000000789600000,0x000000078be00000)
  to   space 50688K, 0% used [0x0000000790e80000,0x0000000790e80000,0x0000000794000000)
 ParOldGen       total 156160K, used 38450K [0x0000000700000000, 0x0000000709880000, 0x0000000780000000)
  object space 156160K, 24% used [0x0000000700000000,0x000000070258cb30,0x0000000709880000)
 Metaspace       used 28953K, capacity 29374K, committed 29568K, reserved 1075200K
  class space    used 3241K, capacity 3349K, committed 3456K, reserved 1048576K
Event: 13.965 GC heap after
Heap after GC invocations=16 (full 2):
 PSYoungGen      total 274944K, used 34250K [0x0000000780000000, 0x0000000794400000, 0x00000007c0000000)
  eden space 224256K, 0% used [0x0000000780000000,0x0000000780000000,0x000000078db00000)
  from space 50688K, 67% used [0x0000000790e80000,0x0000000792ff2928,0x0000000794000000)
  to   space 52736K, 0% used [0x000000078db00000,0x000000078db00000,0x0000000790e80000)
 ParOldGen       total 156160K, used 38458K [0x0000000700000000, 0x0000000709880000, 0x0000000780000000)
  object space 156160K, 24% used [0x0000000700000000,0x000000070258eb30,0x0000000709880000)
 Metaspace       used 28953K, capacity 29374K, committed 29568K, reserved 1075200K
  class space    used 3241K, capacity 3349K, committed 3456K, reserved 1048576K
}
Event: 14.636 GC heap before
{Heap before GC invocations=17 (full 2):
 PSYoungGen      total 274944K, used 258082K [0x0000000780000000, 0x0000000794400000, 0x00000007c0000000)
  eden space 224256K, 99% used [0x0000000780000000,0x000000078da95f68,0x000000078db00000)
  from space 50688K, 67% used [0x0000000790e80000,0x0000000792ff2928,0x0000000794000000)
  to   space 52736K, 0% used [0x000000078db00000,0x000000078db00000,0x0000000790e80000)
 ParOldGen       total 156160K, used 38458K [0x0000000700000000, 0x0000000709880000, 0x0000000780000000)
  object space 156160K, 24% used [0x0000000700000000,0x000000070258eb30,0x0000000709880000)
 Metaspace       used 29190K, capacity 29590K, committed 29824K, reserved 1075200K
  class space    used 3257K, capacity 3392K, committed 3456K, reserved 1048576K
Event: 14.744 GC heap after
Heap after GC invocations=17 (full 2):
 PSYoungGen      total 276992K, used 52725K [0x0000000780000000, 0x000000079cd00000, 0x00000007c0000000)
  eden space 224256K, 0% used [0x0000000780000000,0x0000000780000000,0x000000078db00000)
  from space 52736K, 99% used [0x000000078db00000,0x0000000790e7d638,0x0000000790e80000)
  to   space 68096K, 0% used [0x0000000798a80000,0x0000000798a80000,0x000000079cd00000)
 ParOldGen       total 156160K, used 58276K [0x0000000700000000, 0x0000000709880000, 0x0000000780000000)
  object space 156160K, 37% used [0x0000000700000000,0x00000007038e9108,0x0000000709880000)
 Metaspace       used 29190K, capacity 29590K, committed 29824K, reserved 1075200K
  class space    used 3257K, capacity 3392K, committed 3456K, reserved 1048576K
}
Event: 15.191 GC heap before
{Heap before GC invocations=18 (full 2):
 PSYoungGen      total 276992K, used 276981K [0x0000000780000000, 0x000000079cd00000, 0x00000007c0000000)
  eden space 224256K, 100% used [0x0000000780000000,0x000000078db00000,0x000000078db00000)
  from space 52736K, 99% used [0x000000078db00000,0x0000000790e7d638,0x0000000790e80000)
  to   space 68096K, 0% used [0x0000000798a80000,0x0000000798a80000,0x000000079cd00000)
 ParOldGen       total 156160K, used 58276K [0x0000000700000000, 0x0000000709880000, 0x0000000780000000)
  object space 156160K, 37% used [0x0000000700000000,0x00000007038e9108,0x0000000709880000)
 Metaspace       used 29235K, capacity 29672K, committed 29824K, reserved 1075200K
  class space    used 3258K, capacity 3395K, committed 3456K, reserved 1048576K
Event: 15.290 GC heap after
Heap after GC invocations=18 (full 2):
 PSYoungGen      total 382976K, used 68093K [0x0000000780000000, 0x000000079fb00000, 0x00000007c0000000)
  eden space 314880K, 0% used [0x0000000780000000,0x0000000780000000,0x0000000793380000)
  from space 68096K, 99% used [0x0000000798a80000,0x000000079ccff4f0,0x000000079cd00000)
  to   space 89088K, 0% used [0x0000000793380000,0x0000000793380000,0x0000000798a80000)
 ParOldGen       total 156160K, used 85795K [0x0000000700000000, 0x0000000709880000, 0x0000000780000000)
  object space 156160K, 54% used [0x0000000700000000,0x00000007053c8e00,0x0000000709880000)
 Metaspace       used 29235K, capacity 29672K, committed 29824K, reserved 1075200K
  class space    used 3258K, capacity 3395K, committed 3456K, reserved 1048576K
}
Event: 16.306 GC heap before
{Heap before GC invocations=19 (full 2):
 PSYoungGen      total 382976K, used 382973K [0x0000000780000000, 0x000000079fb00000, 0x00000007c0000000)
  eden space 314880K, 100% used [0x0000000780000000,0x0000000793380000,0x0000000793380000)
  from space 68096K, 99% used [0x0000000798a80000,0x000000079ccff4f0,0x000000079cd00000)
  to   space 89088K, 0% used [0x0000000793380000,0x0000000793380000,0x0000000798a80000)
 ParOldGen       total 156160K, used 85795K [0x0000000700000000, 0x0000000709880000, 0x0000000780000000)
  object space 156160K, 54% used [0x0000000700000000,0x00000007053c8e00,0x0000000709880000)
 Metaspace       used 29380K, capacity 29812K, committed 30080K, reserved 1075200K
  class space    used 3259K, capacity 3397K, committed 3456K, reserved 1048576K
Event: 16.369 GC heap after
Heap after GC invocations=19 (full 2):
 PSYoungGen      total 403968K, used 9764K [0x0000000780000000, 0x000000079fb00000, 0x00000007c0000000)
  eden space 314880K, 0% used [0x0000000780000000,0x0000000780000000,0x0000000793380000)
  from space 89088K, 10% used [0x0000000793380000,0x0000000793d092b0,0x0000000798a80000)
  to   space 68096K, 0% used [0x0000000798a80000,0x0000000798a80000,0x000000079cd00000)
 ParOldGen       total 156160K, used 120847K [0x0000000700000000, 0x0000000709880000, 0x0000000780000000)
  object space 156160K, 77% used [0x0000000700000000,0x0000000707603ca0,0x0000000709880000)
 Metaspace       used 29380K, capacity 29812K, committed 30080K, reserved 1075200K
  class space    used 3259K, capacity 3397K, committed 3456K, reserved 1048576K
}
Event: 16.369 GC heap before
{Heap before GC invocations=20 (full 3):
 PSYoungGen      total 403968K, used 9764K [0x0000000780000000, 0x000000079fb00000, 0x00000007c0000000)
  eden space 314880K, 0% used [0x0000000780000000,0x0000000780000000,0x0000000793380000)
  from space 89088K, 10% used [0x0000000793380000,0x0000000793d092b0,0x0000000798a80000)
  to   space 68096K, 0% used [0x0000000798a80000,0x0000000798a80000,0x000000079cd00000)
 ParOldGen       total 156160K, used 120847K [0x0000000700000000, 0x0000000709880000, 0x0000000780000000)
  object space 156160K, 77% used [0x0000000700000000,0x0000000707603ca0,0x0000000709880000)
 Metaspace       used 29380K, capacity 29812K, committed 30080K, reserved 1075200K
  class space    used 3259K, capacity 3397K, committed 3456K, reserved 1048576K
Event: 16.566 GC heap after
Heap after GC invocations=20 (full 3):
 PSYoungGen      total 403968K, used 0K [0x0000000780000000, 0x000000079fb00000, 0x00000007c0000000)
  eden space 314880K, 0% used [0x0000000780000000,0x0000000780000000,0x0000000793380000)
  from space 89088K, 0% used [0x0000000793380000,0x0000000793380000,0x0000000798a80000)
  to   space 68096K, 0% used [0x0000000798a80000,0x0000000798a80000,0x000000079cd00000)
 ParOldGen       total 188416K, used 37237K [0x0000000700000000, 0x000000070b800000, 0x0000000780000000)
  object space 188416K, 19% used [0x0000000700000000,0x000000070245d478,0x000000070b800000)
 Metaspace       used 29380K, capacity 29812K, committed 30080K, reserved 1075200K
  class space    used 3259K, capacity 3397K, committed 3456K, reserved 1048576K
}

