# JRE version: Java(TM) SE Runtime Environment (8.0_181-b13) (build 1.8.0_181-b13)
# Java VM: Java HotSpot(TM) 64-Bit Server VM (25.181-b13 mixed mode windows-amd64 compressed oops)
Heap:
 PSYoungGen      total 109056K, used 13381K [0x0000000780000000, 0x000000078ab00000, 0x00000007c0000000)
  eden space 97792K, 2% used [0x0000000780000000,0x0000000780216f90,0x0000000785f80000)
  from space 11264K, 99% used [0x0000000786e00000,0x00000007878fa538,0x0000000787900000)
  to   space 14848K, 0% used [0x0000000785f80000,0x0000000785f80000,0x0000000786e00000)
 ParOldGen       total 90624K, used 26191K [0x0000000700000000, 0x0000000705880000, 0x0000000780000000)
  object space 90624K, 28% used [0x0000000700000000,0x0000000701993e98,0x0000000705880000)
 Metaspace       used 24156K, capacity 24526K, committed 24832K, reserved 1071104K
  class space    used 2643K, capacity 2750K, committed 2816K, reserved 1048576K
GC Heap History (10 events):
Event: 3.842 GC heap before
{Heap before GC invocations=3 (full 0):
 PSYoungGen      total 57344K, used 36607K [0x0000000780000000, 0x0000000784000000, 0x00000007c0000000)
  eden space 49152K, 57% used [0x0000000780000000,0x0000000781bc42e0,0x0000000783000000)
  from space 8192K, 99% used [0x0000000783800000,0x0000000783ffbca0,0x0000000784000000)
  to   space 8192K, 0% used [0x0000000783000000,0x0000000783000000,0x0000000783800000)
 ParOldGen       total 131072K, used 1951K [0x0000000700000000, 0x0000000708000000, 0x0000000780000000)
  object space 131072K, 1% used [0x0000000700000000,0x00000007001e7da0,0x0000000708000000)
 Metaspace       used 20869K, capacity 21116K, committed 21296K, reserved 1069056K
  class space    used 2328K, capacity 2429K, committed 2432K, reserved 1048576K
Event: 3.857 GC heap after
Heap after GC invocations=3 (full 0):
 PSYoungGen      total 57344K, used 8176K [0x0000000780000000, 0x0000000787000000, 0x00000007c0000000)
  eden space 49152K, 0% used [0x0000000780000000,0x0000000780000000,0x0000000783000000)
  from space 8192K, 99% used [0x0000000783000000,0x00000007837fc150,0x0000000783800000)
  to   space 8192K, 0% used [0x0000000786800000,0x0000000786800000,0x0000000787000000)
 ParOldGen       total 131072K, used 3438K [0x0000000700000000, 0x0000000708000000, 0x0000000780000000)
  object space 131072K, 2% used [0x0000000700000000,0x000000070035baa8,0x0000000708000000)
 Metaspace       used 20869K, capacity 21116K, committed 21296K, reserved 1069056K
  class space    used 2328K, capacity 2429K, committed 2432K, reserved 1048576K
}
Event: 3.857 GC heap before
{Heap before GC invocations=4 (full 1):
 PSYoungGen      total 57344K, used 8176K [0x0000000780000000, 0x0000000787000000, 0x00000007c0000000)
  eden space 49152K, 0% used [0x0000000780000000,0x0000000780000000,0x0000000783000000)
  from space 8192K, 99% used [0x0000000783000000,0x00000007837fc150,0x0000000783800000)
  to   space 8192K, 0% used [0x0000000786800000,0x0000000786800000,0x0000000787000000)
 ParOldGen       total 131072K, used 3438K [0x0000000700000000, 0x0000000708000000, 0x0000000780000000)
  object space 131072K, 2% used [0x0000000700000000,0x000000070035baa8,0x0000000708000000)
 Metaspace       used 20869K, capacity 21116K, committed 21296K, reserved 1069056K
  class space    used 2328K, capacity 2429K, committed 2432K, reserved 1048576K
Event: 3.923 GC heap after
Heap after GC invocations=4 (full 1):
 PSYoungGen      total 57344K, used 0K [0x0000000780000000, 0x0000000787000000, 0x00000007c0000000)
  eden space 49152K, 0% used [0x0000000780000000,0x0000000780000000,0x0000000783000000)
  from space 8192K, 0% used [0x0000000783000000,0x0000000783000000,0x0000000783800000)
  to   space 8192K, 0% used [0x0000000786800000,0x0000000786800000,0x0000000787000000)
 ParOldGen       total 90624K, used 9636K [0x0000000700000000, 0x0000000705880000, 0x0000000780000000)
  object space 90624K, 10% used [0x0000000700000000,0x0000000700969280,0x0000000705880000)
 Metaspace       used 20869K, capacity 21116K, committed 21296K, reserved 1069056K
  class space    used 2328K, capacity 2429K, committed 2432K, reserved 1048576K
}
Event: 4.494 GC heap before
{Heap before GC invocations=5 (full 1):
 PSYoungGen      total 57344K, used 47158K [0x0000000780000000, 0x0000000787000000, 0x00000007c0000000)
  eden space 49152K, 95% used [0x0000000780000000,0x0000000782e0d918,0x0000000783000000)
  from space 8192K, 0% used [0x0000000783000000,0x0000000783000000,0x0000000783800000)
  to   space 8192K, 0% used [0x0000000786800000,0x0000000786800000,0x0000000787000000)
 ParOldGen       total 90624K, used 9636K [0x0000000700000000, 0x0000000705880000, 0x0000000780000000)
  object space 90624K, 10% used [0x0000000700000000,0x0000000700969280,0x0000000705880000)
 Metaspace       used 22908K, capacity 23176K, committed 23424K, reserved 1071104K
  class space    used 2562K, capacity 2645K, committed 2688K, reserved 1048576K
Event: 4.503 GC heap after
Heap after GC invocations=5 (full 1):
 PSYoungGen      total 77824K, used 7293K [0x0000000780000000, 0x0000000786f80000, 0x00000007c0000000)
  eden space 70144K, 0% used [0x0000000780000000,0x0000000780000000,0x0000000784480000)
  from space 7680K, 94% used [0x0000000786800000,0x0000000786f1f410,0x0000000786f80000)
  to   space 8192K, 0% used [0x0000000785f80000,0x0000000785f80000,0x0000000786780000)
 ParOldGen       total 90624K, used 15788K [0x0000000700000000, 0x0000000705880000, 0x0000000780000000)
  object space 90624K, 17% used [0x0000000700000000,0x0000000700f6b2a0,0x0000000705880000)
 Metaspace       used 22908K, capacity 23176K, committed 23424K, reserved 1071104K
  class space    used 2562K, capacity 2645K, committed 2688K, reserved 1048576K
}
Event: 5.005 GC heap before
{Heap before GC invocations=6 (full 1):
 PSYoungGen      total 77824K, used 77437K [0x0000000780000000, 0x0000000786f80000, 0x00000007c0000000)
  eden space 70144K, 100% used [0x0000000780000000,0x0000000784480000,0x0000000784480000)
  from space 7680K, 94% used [0x0000000786800000,0x0000000786f1f410,0x0000000786f80000)
  to   space 8192K, 0% used [0x0000000785f80000,0x0000000785f80000,0x0000000786780000)
 ParOldGen       total 90624K, used 15788K [0x0000000700000000, 0x0000000705880000, 0x0000000780000000)
  object space 90624K, 17% used [0x0000000700000000,0x0000000700f6b2a0,0x0000000705880000)
 Metaspace       used 23130K, capacity 23400K, committed 23680K, reserved 1071104K
  class space    used 2570K, capacity 2677K, committed 2688K, reserved 1048576K
Event: 5.013 GC heap after
Heap after GC invocations=6 (full 1):
 PSYoungGen      total 105984K, used 7246K [0x0000000780000000, 0x0000000787900000, 0x00000007c0000000)
  eden space 97792K, 0% used [0x0000000780000000,0x0000000780000000,0x0000000785f80000)
  from space 8192K, 88% used [0x0000000785f80000,0x0000000786693b48,0x0000000786780000)
  to   space 11264K, 0% used [0x0000000786e00000,0x0000000786e00000,0x0000000787900000)
 ParOldGen       total 90624K, used 18860K [0x0000000700000000, 0x0000000705880000, 0x0000000780000000)
  object space 90624K, 20% used [0x0000000700000000,0x000000070126b2b0,0x0000000705880000)
 Metaspace       used 23130K, capacity 23400K, committed 23680K, reserved 1071104K
  class space    used 2570K, capacity 2677K, committed 2688K, reserved 1048576K
}
Event: 5.831 GC heap before
{Heap before GC invocations=7 (full 1):
 PSYoungGen      total 105984K, used 103379K [0x0000000780000000, 0x0000000787900000, 0x00000007c0000000)
  eden space 97792K, 98% used [0x0000000780000000,0x0000000785de1290,0x0000000785f80000)
  from space 8192K, 88% used [0x0000000785f80000,0x0000000786693b48,0x0000000786780000)
  to   space 11264K, 0% used [0x0000000786e00000,0x0000000786e00000,0x0000000787900000)
 ParOldGen       total 90624K, used 21932K [0x0000000700000000, 0x0000000705880000, 0x0000000780000000)
  object space 90624K, 24% used [0x0000000700000000,0x000000070156b2c0,0x0000000705880000)
 Metaspace       used 23984K, capacity 24302K, committed 24576K, reserved 1071104K
  class space    used 2634K, capacity 2718K, committed 2816K, reserved 1048576K
Event: 5.851 GC heap after
Heap after GC invocations=7 (full 1):
 PSYoungGen      total 109056K, used 11241K [0x0000000780000000, 0x000000078ab00000, 0x00000007c0000000)
  eden space 97792K, 0% used [0x0000000780000000,0x0000000780000000,0x0000000785f80000)
  from space 11264K, 99% used [0x0000000786e00000,0x00000007878fa538,0x0000000787900000)
  to   space 14848K, 0% used [0x0000000785f80000,0x0000000785f80000,0x0000000786e00000)
 ParOldGen       total 90624K, used 26191K [0x0000000700000000, 0x0000000705880000, 0x0000000780000000)
  object space 90624K, 28% used [0x0000000700000000,0x0000000701993e98,0x0000000705880000)
 Metaspace       used 23984K, capacity 24302K, committed 24576K, reserved 1071104K
  class space    used 2634K, capacity 2718K, committed 2816K, reserved 1048576K
}

