# JRE version: Java(TM) SE Runtime Environment (8.0_181-b13) (build 1.8.0_181-b13)
# Java VM: Java HotSpot(TM) 64-Bit Server VM (25.181-b13 mixed mode windows-amd64 compressed oops)
Heap:
 PSYoungGen      total 154112K, used 65329K [0x0000000780000000, 0x000000078a880000, 0x00000007c0000000)
  eden space 137728K, 38% used [0x0000000780000000,0x000000078339a1b8,0x0000000788680000)
  from space 16384K, 76% used [0x0000000789880000,0x000000078a4b24f0,0x000000078a880000)
  to   space 17408K, 0% used [0x0000000788680000,0x0000000788680000,0x0000000789780000)
 ParOldGen       total 91648K, used 20440K [0x0000000700000000, 0x0000000705980000, 0x0000000780000000)
  object space 91648K, 22% used [0x0000000700000000,0x00000007013f63a0,0x0000000705980000)
 Metaspace       used 30919K, capacity 31902K, committed 32128K, reserved 1079296K
  class space    used 3696K, capacity 3934K, committed 3968K, reserved 1048576K
GC Heap History (10 events):
Event: 6.308 GC heap before
{Heap before GC invocations=7 (full 1):
 PSYoungGen      total 57344K, used 56064K [0x0000000780000000, 0x0000000785b80000, 0x00000007c0000000)
  eden space 49152K, 100% used [0x0000000780000000,0x0000000783000000,0x0000000783000000)
  from space 8192K, 84% used [0x0000000783000000,0x00000007836c0040,0x0000000783800000)
  to   space 11264K, 0% used [0x0000000785080000,0x0000000785080000,0x0000000785b80000)
 ParOldGen       total 91648K, used 12626K [0x0000000700000000, 0x0000000705980000, 0x0000000780000000)
  object space 91648K, 13% used [0x0000000700000000,0x0000000700c54bc0,0x0000000705980000)
 Metaspace       used 23144K, capacity 23478K, committed 23680K, reserved 1071104K
  class space    used 2581K, capacity 2679K, committed 2688K, reserved 1048576K
Event: 6.318 GC heap after
Heap after GC invocations=7 (full 1):
 PSYoungGen      total 80896K, used 11237K [0x0000000780000000, 0x0000000786180000, 0x00000007c0000000)
  eden space 69632K, 0% used [0x0000000780000000,0x0000000780000000,0x0000000784400000)
  from space 11264K, 99% used [0x0000000785080000,0x0000000785b79638,0x0000000785b80000)
  to   space 12800K, 0% used [0x0000000784400000,0x0000000784400000,0x0000000785080000)
 ParOldGen       total 91648K, used 12634K [0x0000000700000000, 0x0000000705980000, 0x0000000780000000)
  object space 91648K, 13% used [0x0000000700000000,0x0000000700c56bc0,0x0000000705980000)
 Metaspace       used 23144K, capacity 23478K, committed 23680K, reserved 1071104K
  class space    used 2581K, capacity 2679K, committed 2688K, reserved 1048576K
}
Event: 7.066 GC heap before
{Heap before GC invocations=8 (full 1):
 PSYoungGen      total 80896K, used 80869K [0x0000000780000000, 0x0000000786180000, 0x00000007c0000000)
  eden space 69632K, 100% used [0x0000000780000000,0x0000000784400000,0x0000000784400000)
  from space 11264K, 99% used [0x0000000785080000,0x0000000785b79638,0x0000000785b80000)
  to   space 12800K, 0% used [0x0000000784400000,0x0000000784400000,0x0000000785080000)
 ParOldGen       total 91648K, used 12634K [0x0000000700000000, 0x0000000705980000, 0x0000000780000000)
  object space 91648K, 13% used [0x0000000700000000,0x0000000700c56bc0,0x0000000705980000)
 Metaspace       used 23575K, capacity 23956K, committed 24320K, reserved 1071104K
  class space    used 2633K, capacity 2753K, committed 2816K, reserved 1048576K
Event: 7.079 GC heap after
Heap after GC invocations=8 (full 1):
 PSYoungGen      total 82432K, used 12328K [0x0000000780000000, 0x0000000788300000, 0x00000007c0000000)
  eden space 69632K, 0% used [0x0000000780000000,0x0000000780000000,0x0000000784400000)
  from space 12800K, 96% used [0x0000000784400000,0x000000078500a338,0x0000000785080000)
  to   space 13824K, 0% used [0x0000000787580000,0x0000000787580000,0x0000000788300000)
 ParOldGen       total 91648K, used 12634K [0x0000000700000000, 0x0000000705980000, 0x0000000780000000)
  object space 91648K, 13% used [0x0000000700000000,0x0000000700c56bc0,0x0000000705980000)
 Metaspace       used 23575K, capacity 23956K, committed 24320K, reserved 1071104K
  class space    used 2633K, capacity 2753K, committed 2816K, reserved 1048576K
}
Event: 7.760 GC heap before
{Heap before GC invocations=9 (full 1):
 PSYoungGen      total 82432K, used 79401K [0x0000000780000000, 0x0000000788300000, 0x00000007c0000000)
  eden space 69632K, 96% used [0x0000000780000000,0x00000007841803a0,0x0000000784400000)
  from space 12800K, 96% used [0x0000000784400000,0x000000078500a338,0x0000000785080000)
  to   space 13824K, 0% used [0x0000000787580000,0x0000000787580000,0x0000000788300000)
 ParOldGen       total 91648K, used 12634K [0x0000000700000000, 0x0000000705980000, 0x0000000780000000)
  object space 91648K, 13% used [0x0000000700000000,0x0000000700c56bc0,0x0000000705980000)
 Metaspace       used 23781K, capacity 24120K, committed 24320K, reserved 1071104K
  class space    used 2647K, capacity 2765K, committed 2816K, reserved 1048576K
Event: 7.772 GC heap after
Heap after GC invocations=9 (full 1):
 PSYoungGen      total 119296K, used 12496K [0x0000000780000000, 0x0000000788600000, 0x00000007c0000000)
  eden space 105472K, 0% used [0x0000000780000000,0x0000000780000000,0x0000000786700000)
  from space 13824K, 90% used [0x0000000787580000,0x00000007881b4070,0x0000000788300000)
  to   space 14848K, 0% used [0x0000000786700000,0x0000000786700000,0x0000000787580000)
 ParOldGen       total 91648K, used 15714K [0x0000000700000000, 0x0000000705980000, 0x0000000780000000)
  object space 91648K, 17% used [0x0000000700000000,0x0000000700f58bd0,0x0000000705980000)
 Metaspace       used 23781K, capacity 24120K, committed 24320K, reserved 1071104K
  class space    used 2647K, capacity 2765K, committed 2816K, reserved 1048576K
}
Event: 9.014 GC heap before
{Heap before GC invocations=10 (full 1):
 PSYoungGen      total 119296K, used 116671K [0x0000000780000000, 0x0000000788600000, 0x00000007c0000000)
  eden space 105472K, 98% used [0x0000000780000000,0x00000007865bbca8,0x0000000786700000)
  from space 13824K, 90% used [0x0000000787580000,0x00000007881b4070,0x0000000788300000)
  to   space 14848K, 0% used [0x0000000786700000,0x0000000786700000,0x0000000787580000)
 ParOldGen       total 91648K, used 15714K [0x0000000700000000, 0x0000000705980000, 0x0000000780000000)
  object space 91648K, 17% used [0x0000000700000000,0x0000000700f58bd0,0x0000000705980000)
 Metaspace       used 27397K, capacity 27900K, committed 28288K, reserved 1075200K
  class space    used 3176K, capacity 3333K, committed 3456K, reserved 1048576K
Event: 9.029 GC heap after
Heap after GC invocations=10 (full 1):
 PSYoungGen      total 120320K, used 14830K [0x0000000780000000, 0x000000078a900000, 0x00000007c0000000)
  eden space 105472K, 0% used [0x0000000780000000,0x0000000780000000,0x0000000786700000)
  from space 14848K, 99% used [0x0000000786700000,0x000000078757b9e8,0x0000000787580000)
  to   space 16896K, 0% used [0x0000000789880000,0x0000000789880000,0x000000078a900000)
 ParOldGen       total 91648K, used 16882K [0x0000000700000000, 0x0000000705980000, 0x0000000780000000)
  object space 91648K, 18% used [0x0000000700000000,0x000000070107cb20,0x0000000705980000)
 Metaspace       used 27397K, capacity 27900K, committed 28288K, reserved 1075200K
  class space    used 3176K, capacity 3333K, committed 3456K, reserved 1048576K
}
Event: 10.598 GC heap before
{Heap before GC invocations=11 (full 1):
 PSYoungGen      total 120320K, used 117731K [0x0000000780000000, 0x000000078a900000, 0x00000007c0000000)
  eden space 105472K, 97% used [0x0000000780000000,0x000000078647d5c8,0x0000000786700000)
  from space 14848K, 99% used [0x0000000786700000,0x000000078757b9e8,0x0000000787580000)
  to   space 16896K, 0% used [0x0000000789880000,0x0000000789880000,0x000000078a900000)
 ParOldGen       total 91648K, used 16882K [0x0000000700000000, 0x0000000705980000, 0x0000000780000000)
  object space 91648K, 18% used [0x0000000700000000,0x000000070107cb20,0x0000000705980000)
 Metaspace       used 30688K, capacity 31632K, committed 31872K, reserved 1077248K
  class space    used 3667K, capacity 3889K, committed 3968K, reserved 1048576K
Event: 10.613 GC heap after
Heap after GC invocations=11 (full 1):
 PSYoungGen      total 154112K, used 12489K [0x0000000780000000, 0x000000078a880000, 0x00000007c0000000)
  eden space 137728K, 0% used [0x0000000780000000,0x0000000780000000,0x0000000788680000)
  from space 16384K, 76% used [0x0000000789880000,0x000000078a4b24f0,0x000000078a880000)
  to   space 17408K, 0% used [0x0000000788680000,0x0000000788680000,0x0000000789780000)
 ParOldGen       total 91648K, used 20440K [0x0000000700000000, 0x0000000705980000, 0x0000000780000000)
  object space 91648K, 22% used [0x0000000700000000,0x00000007013f63a0,0x0000000705980000)
 Metaspace       used 30688K, capacity 31632K, committed 31872K, reserved 1077248K
  class space    used 3667K, capacity 3889K, committed 3968K, reserved 1048576K
}

