# JRE version: Java(TM) SE Runtime Environment (8.0_181-b13) (build 1.8.0_181-b13)
# Java VM: Java HotSpot(TM) 64-Bit Server VM (25.181-b13 mixed mode windows-amd64 compressed oops)
Heap:
 PSYoungGen      total 836096K, used 98920K [0x0000000780000000, 0x00000007b6300000, 0x00000007c0000000)
  eden space 784384K, 9% used [0x0000000780000000,0x0000000784c91da8,0x00000007afe00000)
  from space 51712K, 39% used [0x00000007afe00000,0x00000007b1208570,0x00000007b3080000)
  to   space 44544K, 0% used [0x00000007b3780000,0x00000007b3780000,0x00000007b6300000)
 ParOldGen       total 210944K, used 105212K [0x0000000700000000, 0x000000070ce00000, 0x0000000780000000)
  object space 210944K, 49% used [0x0000000700000000,0x00000007066bf260,0x000000070ce00000)
 Metaspace       used 30454K, capacity 30912K, committed 31104K, reserved 1077248K
  class space    used 3274K, capacity 3421K, committed 3456K, reserved 1048576K
GC Heap History (10 events):
Event: 35.026 GC heap before
{Heap before GC invocations=37 (full 2):
 PSYoungGen      total 828928K, used 794089K [0x0000000780000000, 0x00000007b6300000, 0x00000007c0000000)
  eden space 784384K, 100% used [0x0000000780000000,0x00000007afe00000,0x00000007afe00000)
  from space 44544K, 21% used [0x00000007b3780000,0x00000007b40fa7a8,0x00000007b6300000)
  to   space 51712K, 0% used [0x00000007afe00000,0x00000007afe00000,0x00000007b3080000)
 ParOldGen       total 210944K, used 105172K [0x0000000700000000, 0x000000070ce00000, 0x0000000780000000)
  object space 210944K, 49% used [0x0000000700000000,0x00000007066b5260,0x000000070ce00000)
 Metaspace       used 30348K, capacity 30848K, committed 31104K, reserved 1077248K
  class space    used 3274K, capacity 3421K, committed 3456K, reserved 1048576K
Event: 35.035 GC heap after
Heap after GC invocations=37 (full 2):
 PSYoungGen      total 836096K, used 14907K [0x0000000780000000, 0x00000007b6300000, 0x00000007c0000000)
  eden space 784384K, 0% used [0x0000000780000000,0x0000000780000000,0x00000007afe00000)
  from space 51712K, 28% used [0x00000007afe00000,0x00000007b0c8edc8,0x00000007b3080000)
  to   space 44544K, 0% used [0x00000007b3780000,0x00000007b3780000,0x00000007b6300000)
 ParOldGen       total 210944K, used 105180K [0x0000000700000000, 0x000000070ce00000, 0x0000000780000000)
  object space 210944K, 49% used [0x0000000700000000,0x00000007066b7260,0x000000070ce00000)
 Metaspace       used 30348K, capacity 30848K, committed 31104K, reserved 1077248K
  class space    used 3274K, capacity 3421K, committed 3456K, reserved 1048576K
}
Event: 36.437 GC heap before
{Heap before GC invocations=38 (full 2):
 PSYoungGen      total 836096K, used 799291K [0x0000000780000000, 0x00000007b6300000, 0x00000007c0000000)
  eden space 784384K, 100% used [0x0000000780000000,0x00000007afe00000,0x00000007afe00000)
  from space 51712K, 28% used [0x00000007afe00000,0x00000007b0c8edc8,0x00000007b3080000)
  to   space 44544K, 0% used [0x00000007b3780000,0x00000007b3780000,0x00000007b6300000)
 ParOldGen       total 210944K, used 105180K [0x0000000700000000, 0x000000070ce00000, 0x0000000780000000)
  object space 210944K, 49% used [0x0000000700000000,0x00000007066b7260,0x000000070ce00000)
 Metaspace       used 30365K, capacity 30848K, committed 31104K, reserved 1077248K
  class space    used 3274K, capacity 3421K, committed 3456K, reserved 1048576K
Event: 36.440 GC heap after
Heap after GC invocations=38 (full 2):
 PSYoungGen      total 828928K, used 11662K [0x0000000780000000, 0x00000007b6300000, 0x00000007c0000000)
  eden space 784384K, 0% used [0x0000000780000000,0x0000000780000000,0x00000007afe00000)
  from space 44544K, 26% used [0x00000007b3780000,0x00000007b42e3bf0,0x00000007b6300000)
  to   space 51712K, 0% used [0x00000007afe00000,0x00000007afe00000,0x00000007b3080000)
 ParOldGen       total 210944K, used 105188K [0x0000000700000000, 0x000000070ce00000, 0x0000000780000000)
  object space 210944K, 49% used [0x0000000700000000,0x00000007066b9260,0x000000070ce00000)
 Metaspace       used 30365K, capacity 30848K, committed 31104K, reserved 1077248K
  class space    used 3274K, capacity 3421K, committed 3456K, reserved 1048576K
}
Event: 37.901 GC heap before
{Heap before GC invocations=39 (full 2):
 PSYoungGen      total 828928K, used 796046K [0x0000000780000000, 0x00000007b6300000, 0x00000007c0000000)
  eden space 784384K, 100% used [0x0000000780000000,0x00000007afe00000,0x00000007afe00000)
  from space 44544K, 26% used [0x00000007b3780000,0x00000007b42e3bf0,0x00000007b6300000)
  to   space 51712K, 0% used [0x00000007afe00000,0x00000007afe00000,0x00000007b3080000)
 ParOldGen       total 210944K, used 105188K [0x0000000700000000, 0x000000070ce00000, 0x0000000780000000)
  object space 210944K, 49% used [0x0000000700000000,0x00000007066b9260,0x000000070ce00000)
 Metaspace       used 30384K, capacity 30912K, committed 31104K, reserved 1077248K
  class space    used 3274K, capacity 3421K, committed 3456K, reserved 1048576K
Event: 37.931 GC heap after
Heap after GC invocations=39 (full 2):
 PSYoungGen      total 836096K, used 50100K [0x0000000780000000, 0x00000007b6300000, 0x00000007c0000000)
  eden space 784384K, 0% used [0x0000000780000000,0x0000000780000000,0x00000007afe00000)
  from space 51712K, 96% used [0x00000007afe00000,0x00000007b2eed2c0,0x00000007b3080000)
  to   space 44544K, 0% used [0x00000007b3780000,0x00000007b3780000,0x00000007b6300000)
 ParOldGen       total 210944K, used 105196K [0x0000000700000000, 0x000000070ce00000, 0x0000000780000000)
  object space 210944K, 49% used [0x0000000700000000,0x00000007066bb260,0x000000070ce00000)
 Metaspace       used 30384K, capacity 30912K, committed 31104K, reserved 1077248K
  class space    used 3274K, capacity 3421K, committed 3456K, reserved 1048576K
}
Event: 39.420 GC heap before
{Heap before GC invocations=40 (full 2):
 PSYoungGen      total 836096K, used 834484K [0x0000000780000000, 0x00000007b6300000, 0x00000007c0000000)
  eden space 784384K, 100% used [0x0000000780000000,0x00000007afe00000,0x00000007afe00000)
  from space 51712K, 96% used [0x00000007afe00000,0x00000007b2eed2c0,0x00000007b3080000)
  to   space 44544K, 0% used [0x00000007b3780000,0x00000007b3780000,0x00000007b6300000)
 ParOldGen       total 210944K, used 105196K [0x0000000700000000, 0x000000070ce00000, 0x0000000780000000)
  object space 210944K, 49% used [0x0000000700000000,0x00000007066bb260,0x000000070ce00000)
 Metaspace       used 30446K, capacity 30912K, committed 31104K, reserved 1077248K
  class space    used 3274K, capacity 3421K, committed 3456K, reserved 1048576K
Event: 39.447 GC heap after
Heap after GC invocations=40 (full 2):
 PSYoungGen      total 828928K, used 39745K [0x0000000780000000, 0x00000007b6300000, 0x00000007c0000000)
  eden space 784384K, 0% used [0x0000000780000000,0x0000000780000000,0x00000007afe00000)
  from space 44544K, 89% used [0x00000007b3780000,0x00000007b5e50630,0x00000007b6300000)
  to   space 51712K, 0% used [0x00000007afe00000,0x00000007afe00000,0x00000007b3080000)
 ParOldGen       total 210944K, used 105204K [0x0000000700000000, 0x000000070ce00000, 0x0000000780000000)
  object space 210944K, 49% used [0x0000000700000000,0x00000007066bd260,0x000000070ce00000)
 Metaspace       used 30446K, capacity 30912K, committed 31104K, reserved 1077248K
  class space    used 3274K, capacity 3421K, committed 3456K, reserved 1048576K
}
Event: 40.907 GC heap before
{Heap before GC invocations=41 (full 2):
 PSYoungGen      total 828928K, used 824129K [0x0000000780000000, 0x00000007b6300000, 0x00000007c0000000)
  eden space 784384K, 100% used [0x0000000780000000,0x00000007afe00000,0x00000007afe00000)
  from space 44544K, 89% used [0x00000007b3780000,0x00000007b5e50630,0x00000007b6300000)
  to   space 51712K, 0% used [0x00000007afe00000,0x00000007afe00000,0x00000007b3080000)
 ParOldGen       total 210944K, used 105204K [0x0000000700000000, 0x000000070ce00000, 0x0000000780000000)
  object space 210944K, 49% used [0x0000000700000000,0x00000007066bd260,0x000000070ce00000)
 Metaspace       used 30453K, capacity 30912K, committed 31104K, reserved 1077248K
  class space    used 3274K, capacity 3421K, committed 3456K, reserved 1048576K
Event: 40.917 GC heap after
Heap after GC invocations=41 (full 2):
 PSYoungGen      total 836096K, used 20513K [0x0000000780000000, 0x00000007b6300000, 0x00000007c0000000)
  eden space 784384K, 0% used [0x0000000780000000,0x0000000780000000,0x00000007afe00000)
  from space 51712K, 39% used [0x00000007afe00000,0x00000007b1208570,0x00000007b3080000)
  to   space 44544K, 0% used [0x00000007b3780000,0x00000007b3780000,0x00000007b6300000)
 ParOldGen       total 210944K, used 105212K [0x0000000700000000, 0x000000070ce00000, 0x0000000780000000)
  object space 210944K, 49% used [0x0000000700000000,0x00000007066bf260,0x000000070ce00000)
 Metaspace       used 30453K, capacity 30912K, committed 31104K, reserved 1077248K
  class space    used 3274K, capacity 3421K, committed 3456K, reserved 1048576K
}

