# JRE version: Java(TM) SE Runtime Environment (8.0_181-b13) (build 1.8.0_181-b13)
# Java VM: Java HotSpot(TM) 64-Bit Server VM (25.181-b13 mixed mode windows-amd64 compressed oops)
Heap:
 PSYoungGen      total 844288K, used 670706K [0x0000000780000000, 0x00000007b7600000, 0x00000007c0000000)
  eden space 819200K, 78% used [0x0000000780000000,0x00000007a76d4358,0x00000007b2000000)
  from space 25088K, 98% used [0x00000007b4580000,0x00000007b5da87c8,0x00000007b5e00000)
  to   space 24576K, 0% used [0x00000007b5e00000,0x00000007b5e00000,0x00000007b7600000)
 ParOldGen       total 150016K, used 119370K [0x0000000700000000, 0x0000000709280000, 0x0000000780000000)
  object space 150016K, 79% used [0x0000000700000000,0x0000000707492a88,0x0000000709280000)
 Metaspace       used 45182K, capacity 47262K, committed 47488K, reserved 1091584K
  class space    used 5318K, capacity 5893K, committed 6016K, reserved 1048576K
GC Heap History (10 events):
Event: 67.283 GC heap before
{Heap before GC invocations=33 (full 2):
 PSYoungGen      total 735744K, used 719218K [0x0000000780000000, 0x00000007afc00000, 0x00000007c0000000)
  eden space 700416K, 100% used [0x0000000780000000,0x00000007aac00000,0x00000007aac00000)
  from space 35328K, 53% used [0x00000007ad980000,0x00000007aebdc9c0,0x00000007afc00000)
  to   space 40960K, 0% used [0x00000007aac00000,0x00000007aac00000,0x00000007ad400000)
 ParOldGen       total 150016K, used 119330K [0x0000000700000000, 0x0000000709280000, 0x0000000780000000)
  object space 150016K, 79% used [0x0000000700000000,0x0000000707488a88,0x0000000709280000)
 Metaspace       used 39397K, capacity 40700K, committed 40832K, reserved 1085440K
  class space    used 4556K, capacity 4882K, committed 4992K, reserved 1048576K
Event: 67.313 GC heap after
Heap after GC invocations=33 (full 2):
 PSYoungGen      total 741376K, used 15817K [0x0000000780000000, 0x00000007b5b80000, 0x00000007c0000000)
  eden space 700416K, 0% used [0x0000000780000000,0x0000000780000000,0x00000007aac00000)
  from space 40960K, 38% used [0x00000007aac00000,0x00000007abb727a0,0x00000007ad400000)
  to   space 39936K, 0% used [0x00000007b3480000,0x00000007b3480000,0x00000007b5b80000)
 ParOldGen       total 150016K, used 119346K [0x0000000700000000, 0x0000000709280000, 0x0000000780000000)
  object space 150016K, 79% used [0x0000000700000000,0x000000070748ca88,0x0000000709280000)
 Metaspace       used 39397K, capacity 40700K, committed 40832K, reserved 1085440K
  class space    used 4556K, capacity 4882K, committed 4992K, reserved 1048576K
}
Event: 84.719 GC heap before
{Heap before GC invocations=34 (full 2):
 PSYoungGen      total 741376K, used 716233K [0x0000000780000000, 0x00000007b5b80000, 0x00000007c0000000)
  eden space 700416K, 100% used [0x0000000780000000,0x00000007aac00000,0x00000007aac00000)
  from space 40960K, 38% used [0x00000007aac00000,0x00000007abb727a0,0x00000007ad400000)
  to   space 39936K, 0% used [0x00000007b3480000,0x00000007b3480000,0x00000007b5b80000)
 ParOldGen       total 150016K, used 119346K [0x0000000700000000, 0x0000000709280000, 0x0000000780000000)
  object space 150016K, 79% used [0x0000000700000000,0x000000070748ca88,0x0000000709280000)
 Metaspace       used 39994K, capacity 41384K, committed 41600K, reserved 1085440K
  class space    used 4621K, capacity 4973K, committed 4992K, reserved 1048576K
Event: 84.753 GC heap after
Heap after GC invocations=34 (full 2):
 PSYoungGen      total 813568K, used 17818K [0x0000000780000000, 0x00000007b4d00000, 0x00000007c0000000)
  eden space 788480K, 0% used [0x0000000780000000,0x0000000780000000,0x00000007b0200000)
  from space 25088K, 71% used [0x00000007b3480000,0x00000007b45e6a48,0x00000007b4d00000)
  to   space 38400K, 0% used [0x00000007b0200000,0x00000007b0200000,0x00000007b2780000)
 ParOldGen       total 150016K, used 119346K [0x0000000700000000, 0x0000000709280000, 0x0000000780000000)
  object space 150016K, 79% used [0x0000000700000000,0x000000070748ca88,0x0000000709280000)
 Metaspace       used 39994K, capacity 41384K, committed 41600K, reserved 1085440K
  class space    used 4621K, capacity 4973K, committed 4992K, reserved 1048576K
}
Event: 87.190 GC heap before
{Heap before GC invocations=35 (full 2):
 PSYoungGen      total 813568K, used 806298K [0x0000000780000000, 0x00000007b4d00000, 0x00000007c0000000)
  eden space 788480K, 100% used [0x0000000780000000,0x00000007b0200000,0x00000007b0200000)
  from space 25088K, 71% used [0x00000007b3480000,0x00000007b45e6a48,0x00000007b4d00000)
  to   space 38400K, 0% used [0x00000007b0200000,0x00000007b0200000,0x00000007b2780000)
 ParOldGen       total 150016K, used 119346K [0x0000000700000000, 0x0000000709280000, 0x0000000780000000)
  object space 150016K, 79% used [0x0000000700000000,0x000000070748ca88,0x0000000709280000)
 Metaspace       used 40163K, capacity 41608K, committed 41728K, reserved 1085440K
  class space    used 4638K, capacity 5005K, committed 5120K, reserved 1048576K
Event: 87.209 GC heap after
Heap after GC invocations=35 (full 2):
 PSYoungGen      total 826880K, used 17747K [0x0000000780000000, 0x00000007b9980000, 0x00000007c0000000)
  eden space 788480K, 0% used [0x0000000780000000,0x0000000780000000,0x00000007b0200000)
  from space 38400K, 46% used [0x00000007b0200000,0x00000007b1354c10,0x00000007b2780000)
  to   space 36864K, 0% used [0x00000007b7580000,0x00000007b7580000,0x00000007b9980000)
 ParOldGen       total 150016K, used 119354K [0x0000000700000000, 0x0000000709280000, 0x0000000780000000)
  object space 150016K, 79% used [0x0000000700000000,0x000000070748ea88,0x0000000709280000)
 Metaspace       used 40163K, capacity 41608K, committed 41728K, reserved 1085440K
  class space    used 4638K, capacity 5005K, committed 5120K, reserved 1048576K
}
Event: 176.937 GC heap before
{Heap before GC invocations=36 (full 2):
 PSYoungGen      total 826880K, used 806227K [0x0000000780000000, 0x00000007b9980000, 0x00000007c0000000)
  eden space 788480K, 100% used [0x0000000780000000,0x00000007b0200000,0x00000007b0200000)
  from space 38400K, 46% used [0x00000007b0200000,0x00000007b1354c10,0x00000007b2780000)
  to   space 36864K, 0% used [0x00000007b7580000,0x00000007b7580000,0x00000007b9980000)
 ParOldGen       total 150016K, used 119354K [0x0000000700000000, 0x0000000709280000, 0x0000000780000000)
  object space 150016K, 79% used [0x0000000700000000,0x000000070748ea88,0x0000000709280000)
 Metaspace       used 41928K, capacity 43704K, committed 43776K, reserved 1087488K
  class space    used 4864K, capacity 5334K, committed 5376K, reserved 1048576K
Event: 176.966 GC heap after
Heap after GC invocations=36 (full 2):
 PSYoungGen      total 880128K, used 21515K [0x0000000780000000, 0x00000007b8b80000, 0x00000007c0000000)
  eden space 857600K, 0% used [0x0000000780000000,0x0000000780000000,0x00000007b4580000)
  from space 22528K, 95% used [0x00000007b7580000,0x00000007b8a82d68,0x00000007b8b80000)
  to   space 35840K, 0% used [0x00000007b4580000,0x00000007b4580000,0x00000007b6880000)
 ParOldGen       total 150016K, used 119362K [0x0000000700000000, 0x0000000709280000, 0x0000000780000000)
  object space 150016K, 79% used [0x0000000700000000,0x0000000707490a88,0x0000000709280000)
 Metaspace       used 41928K, capacity 43704K, committed 43776K, reserved 1087488K
  class space    used 4864K, capacity 5334K, committed 5376K, reserved 1048576K
}
Event: 224.238 GC heap before
{Heap before GC invocations=37 (full 2):
 PSYoungGen      total 880128K, used 879115K [0x0000000780000000, 0x00000007b8b80000, 0x00000007c0000000)
  eden space 857600K, 100% used [0x0000000780000000,0x00000007b4580000,0x00000007b4580000)
  from space 22528K, 95% used [0x00000007b7580000,0x00000007b8a82d68,0x00000007b8b80000)
  to   space 35840K, 0% used [0x00000007b4580000,0x00000007b4580000,0x00000007b6880000)
 ParOldGen       total 150016K, used 119362K [0x0000000700000000, 0x0000000709280000, 0x0000000780000000)
  object space 150016K, 79% used [0x0000000700000000,0x0000000707490a88,0x0000000709280000)
 Metaspace       used 44304K, capacity 46276K, committed 46464K, reserved 1089536K
  class space    used 5193K, capacity 5710K, committed 5760K, reserved 1048576K
Event: 224.271 GC heap after
Heap after GC invocations=37 (full 2):
 PSYoungGen      total 844288K, used 24737K [0x0000000780000000, 0x00000007b7600000, 0x00000007c0000000)
  eden space 819200K, 0% used [0x0000000780000000,0x0000000780000000,0x00000007b2000000)
  from space 25088K, 98% used [0x00000007b4580000,0x00000007b5da87c8,0x00000007b5e00000)
  to   space 24576K, 0% used [0x00000007b5e00000,0x00000007b5e00000,0x00000007b7600000)
 ParOldGen       total 150016K, used 119370K [0x0000000700000000, 0x0000000709280000, 0x0000000780000000)
  object space 150016K, 79% used [0x0000000700000000,0x0000000707492a88,0x0000000709280000)
 Metaspace       used 44304K, capacity 46276K, committed 46464K, reserved 1089536K
  class space    used 5193K, capacity 5710K, committed 5760K, reserved 1048576K
}

