# JRE version: Java(TM) SE Runtime Environment (8.0_181-b13) (build 1.8.0_181-b13)
# Java VM: Java HotSpot(TM) 64-Bit Server VM (25.181-b13 mixed mode windows-amd64 compressed oops)
Heap:
 PSYoungGen      total 398336K, used 58467K [0x0000000780000000, 0x00000007a0e80000, 0x00000007c0000000)
  eden space 379392K, 10% used [0x0000000780000000,0x0000000782699750,0x0000000797280000)
  from space 18944K, 99% used [0x0000000797280000,0x00000007984ff628,0x0000000798500000)
  to   space 27648K, 0% used [0x000000079f380000,0x000000079f380000,0x00000007a0e80000)
 ParOldGen       total 138240K, used 51085K [0x0000000700000000, 0x0000000708700000, 0x0000000780000000)
  object space 138240K, 36% used [0x0000000700000000,0x00000007031e3460,0x0000000708700000)
 Metaspace       used 38444K, capacity 39746K, committed 39936K, reserved 1085440K
  class space    used 4521K, capacity 4833K, committed 4864K, reserved 1048576K
GC Heap History (10 events):
Event: 43.511 GC heap before
{Heap before GC invocations=19 (full 1):
 PSYoungGen      total 312320K, used 302534K [0x0000000780000000, 0x0000000796700000, 0x00000007c0000000)
  eden space 295936K, 99% used [0x0000000780000000,0x0000000791eaf0a0,0x0000000792100000)
  from space 16384K, 54% used [0x0000000792100000,0x00000007929c27b8,0x0000000793100000)
  to   space 15872K, 0% used [0x0000000795780000,0x0000000795780000,0x0000000796700000)
 ParOldGen       total 90112K, used 25498K [0x0000000700000000, 0x0000000705800000, 0x0000000780000000)
  object space 90112K, 28% used [0x0000000700000000,0x00000007018e6890,0x0000000705800000)
 Metaspace       used 33597K, capacity 34880K, committed 35072K, reserved 1079296K
  class space    used 3936K, capacity 4256K, committed 4352K, reserved 1048576K
Event: 43.525 GC heap after
Heap after GC invocations=19 (full 1):
 PSYoungGen      total 348672K, used 15868K [0x0000000780000000, 0x0000000796700000, 0x00000007c0000000)
  eden space 332800K, 0% used [0x0000000780000000,0x0000000780000000,0x0000000794500000)
  from space 15872K, 99% used [0x0000000795780000,0x00000007966ff0e8,0x0000000796700000)
  to   space 17408K, 0% used [0x0000000794500000,0x0000000794500000,0x0000000795600000)
 ParOldGen       total 90112K, used 25714K [0x0000000700000000, 0x0000000705800000, 0x0000000780000000)
  object space 90112K, 28% used [0x0000000700000000,0x000000070191c890,0x0000000705800000)
 Metaspace       used 33597K, capacity 34880K, committed 35072K, reserved 1079296K
  class space    used 3936K, capacity 4256K, committed 4352K, reserved 1048576K
}
Event: 49.244 GC heap before
{Heap before GC invocations=20 (full 1):
 PSYoungGen      total 348672K, used 346769K [0x0000000780000000, 0x0000000796700000, 0x00000007c0000000)
  eden space 332800K, 99% used [0x0000000780000000,0x00000007943254c8,0x0000000794500000)
  from space 15872K, 99% used [0x0000000795780000,0x00000007966ff0e8,0x0000000796700000)
  to   space 17408K, 0% used [0x0000000794500000,0x0000000794500000,0x0000000795600000)
 ParOldGen       total 90112K, used 25714K [0x0000000700000000, 0x0000000705800000, 0x0000000780000000)
  object space 90112K, 28% used [0x0000000700000000,0x000000070191c890,0x0000000705800000)
 Metaspace       used 33857K, capacity 35180K, committed 35328K, reserved 1081344K
  class space    used 3956K, capacity 4280K, committed 4352K, reserved 1048576K
Event: 49.293 GC heap after
Heap after GC invocations=20 (full 1):
 PSYoungGen      total 350208K, used 16590K [0x0000000780000000, 0x0000000799780000, 0x00000007c0000000)
  eden space 332800K, 0% used [0x0000000780000000,0x0000000780000000,0x0000000794500000)
  from space 17408K, 95% used [0x0000000794500000,0x0000000795533a68,0x0000000795600000)
  to   space 18944K, 0% used [0x0000000798500000,0x0000000798500000,0x0000000799780000)
 ParOldGen       total 90112K, used 26804K [0x0000000700000000, 0x0000000705800000, 0x0000000780000000)
  object space 90112K, 29% used [0x0000000700000000,0x0000000701a2d250,0x0000000705800000)
 Metaspace       used 33857K, capacity 35180K, committed 35328K, reserved 1081344K
  class space    used 3956K, capacity 4280K, committed 4352K, reserved 1048576K
}
Event: 49.673 GC heap before
{Heap before GC invocations=21 (full 1):
 PSYoungGen      total 350208K, used 66001K [0x0000000780000000, 0x0000000799780000, 0x00000007c0000000)
  eden space 332800K, 14% used [0x0000000780000000,0x0000000783040ae8,0x0000000794500000)
  from space 17408K, 95% used [0x0000000794500000,0x0000000795533a68,0x0000000795600000)
  to   space 18944K, 0% used [0x0000000798500000,0x0000000798500000,0x0000000799780000)
 ParOldGen       total 90112K, used 26804K [0x0000000700000000, 0x0000000705800000, 0x0000000780000000)
  object space 90112K, 29% used [0x0000000700000000,0x0000000701a2d250,0x0000000705800000)
 Metaspace       used 34156K, capacity 35404K, committed 35496K, reserved 1081344K
  class space    used 3989K, capacity 4312K, committed 4352K, reserved 1048576K
Event: 49.695 GC heap after
Heap after GC invocations=21 (full 1):
 PSYoungGen      total 398336K, used 13462K [0x0000000780000000, 0x000000079bb80000, 0x00000007c0000000)
  eden space 379392K, 0% used [0x0000000780000000,0x0000000780000000,0x0000000797280000)
  from space 18944K, 71% used [0x0000000798500000,0x0000000799225958,0x0000000799780000)
  to   space 18944K, 0% used [0x0000000797280000,0x0000000797280000,0x0000000798500000)
 ParOldGen       total 90112K, used 26812K [0x0000000700000000, 0x0000000705800000, 0x0000000780000000)
  object space 90112K, 29% used [0x0000000700000000,0x0000000701a2f250,0x0000000705800000)
 Metaspace       used 34156K, capacity 35404K, committed 35496K, reserved 1081344K
  class space    used 3989K, capacity 4312K, committed 4352K, reserved 1048576K
}
Event: 49.695 GC heap before
{Heap before GC invocations=22 (full 2):
 PSYoungGen      total 398336K, used 13462K [0x0000000780000000, 0x000000079bb80000, 0x00000007c0000000)
  eden space 379392K, 0% used [0x0000000780000000,0x0000000780000000,0x0000000797280000)
  from space 18944K, 71% used [0x0000000798500000,0x0000000799225958,0x0000000799780000)
  to   space 18944K, 0% used [0x0000000797280000,0x0000000797280000,0x0000000798500000)
 ParOldGen       total 90112K, used 26812K [0x0000000700000000, 0x0000000705800000, 0x0000000780000000)
  object space 90112K, 29% used [0x0000000700000000,0x0000000701a2f250,0x0000000705800000)
 Metaspace       used 34156K, capacity 35404K, committed 35496K, reserved 1081344K
  class space    used 3989K, capacity 4312K, committed 4352K, reserved 1048576K
Event: 49.903 GC heap after
Heap after GC invocations=22 (full 2):
 PSYoungGen      total 398336K, used 0K [0x0000000780000000, 0x000000079bb80000, 0x00000007c0000000)
  eden space 379392K, 0% used [0x0000000780000000,0x0000000780000000,0x0000000797280000)
  from space 18944K, 0% used [0x0000000798500000,0x0000000798500000,0x0000000799780000)
  to   space 18944K, 0% used [0x0000000797280000,0x0000000797280000,0x0000000798500000)
 ParOldGen       total 138240K, used 32510K [0x0000000700000000, 0x0000000708700000, 0x0000000780000000)
  object space 138240K, 23% used [0x0000000700000000,0x0000000701fbf9b0,0x0000000708700000)
 Metaspace       used 34156K, capacity 35404K, committed 35496K, reserved 1081344K
  class space    used 3989K, capacity 4312K, committed 4352K, reserved 1048576K
}
Event: 53.395 GC heap before
{Heap before GC invocations=23 (full 2):
 PSYoungGen      total 398336K, used 379392K [0x0000000780000000, 0x000000079bb80000, 0x00000007c0000000)
  eden space 379392K, 100% used [0x0000000780000000,0x0000000797280000,0x0000000797280000)
  from space 18944K, 0% used [0x0000000798500000,0x0000000798500000,0x0000000799780000)
  to   space 18944K, 0% used [0x0000000797280000,0x0000000797280000,0x0000000798500000)
 ParOldGen       total 138240K, used 32510K [0x0000000700000000, 0x0000000708700000, 0x0000000780000000)
  object space 138240K, 23% used [0x0000000700000000,0x0000000701fbf9b0,0x0000000708700000)
 Metaspace       used 38440K, capacity 39746K, committed 39936K, reserved 1085440K
  class space    used 4521K, capacity 4833K, committed 4864K, reserved 1048576K
Event: 53.450 GC heap after
Heap after GC invocations=23 (full 2):
 PSYoungGen      total 398336K, used 18941K [0x0000000780000000, 0x00000007a0e80000, 0x00000007c0000000)
  eden space 379392K, 0% used [0x0000000780000000,0x0000000780000000,0x0000000797280000)
  from space 18944K, 99% used [0x0000000797280000,0x00000007984ff628,0x0000000798500000)
  to   space 27648K, 0% used [0x000000079f380000,0x000000079f380000,0x00000007a0e80000)
 ParOldGen       total 138240K, used 51085K [0x0000000700000000, 0x0000000708700000, 0x0000000780000000)
  object space 138240K, 36% used [0x0000000700000000,0x00000007031e3460,0x0000000708700000)
 Metaspace       used 38440K, capacity 39746K, committed 39936K, reserved 1085440K
  class space    used 4521K, capacity 4833K, committed 4864K, reserved 1048576K
}

