# JRE version: Java(TM) SE Runtime Environment (8.0_181-b13) (build 1.8.0_181-b13)
# Java VM: Java HotSpot(TM) 64-Bit Server VM (25.181-b13 mixed mode windows-amd64 compressed oops)
Heap:
 PSYoungGen      total 1004544K, used 235653K [0x0000000780000000, 0x00000007c0000000, 0x00000007c0000000)
  eden space 966656K, 22% used [0x0000000780000000,0x000000078d4bae30,0x00000007bb000000)
  from space 37888K, 47% used [0x00000007bb000000,0x00000007bc1668e0,0x00000007bd500000)
  to   space 36864K, 0% used [0x00000007bdc00000,0x00000007bdc00000,0x00000007c0000000)
 ParOldGen       total 160256K, used 91467K [0x0000000700000000, 0x0000000709c80000, 0x0000000780000000)
  object space 160256K, 57% used [0x0000000700000000,0x0000000705952f08,0x0000000709c80000)
 Metaspace       used 39645K, capacity 41106K, committed 41216K, reserved 1085440K
  class space    used 4627K, capacity 5012K, committed 5120K, reserved 1048576K
GC Heap History (10 events):
Event: 74.384 GC heap before
{Heap before GC invocations=21 (full 2):
 PSYoungGen      total 644096K, used 604938K [0x0000000780000000, 0x00000007aa800000, 0x00000007c0000000)
  eden space 605184K, 99% used [0x0000000780000000,0x00000007a4c0be18,0x00000007a4f00000)
  from space 38912K, 7% used [0x00000007a8200000,0x00000007a84b6bf8,0x00000007aa800000)
  to   space 45568K, 0% used [0x00000007a4f00000,0x00000007a4f00000,0x00000007a7b80000)
 ParOldGen       total 160256K, used 84274K [0x0000000700000000, 0x0000000709c80000, 0x0000000780000000)
  object space 160256K, 52% used [0x0000000700000000,0x000000070524cb30,0x0000000709c80000)
 Metaspace       used 34042K, capacity 34558K, committed 34816K, reserved 1079296K
  class space    used 3896K, capacity 4050K, committed 4096K, reserved 1048576K
Event: 74.403 GC heap after
Heap after GC invocations=21 (full 2):
 PSYoungGen      total 650752K, used 16644K [0x0000000780000000, 0x00000007b5700000, 0x00000007c0000000)
  eden space 605184K, 0% used [0x0000000780000000,0x0000000780000000,0x00000007a4f00000)
  from space 45568K, 36% used [0x00000007a4f00000,0x00000007a5f41320,0x00000007a7b80000)
  to   space 43008K, 0% used [0x00000007b2d00000,0x00000007b2d00000,0x00000007b5700000)
 ParOldGen       total 160256K, used 85613K [0x0000000700000000, 0x0000000709c80000, 0x0000000780000000)
  object space 160256K, 53% used [0x0000000700000000,0x000000070539b650,0x0000000709c80000)
 Metaspace       used 34042K, capacity 34558K, committed 34816K, reserved 1079296K
  class space    used 3896K, capacity 4050K, committed 4096K, reserved 1048576K
}
Event: 79.996 GC heap before
{Heap before GC invocations=22 (full 2):
 PSYoungGen      total 650752K, used 618877K [0x0000000780000000, 0x00000007b5700000, 0x00000007c0000000)
  eden space 605184K, 99% used [0x0000000780000000,0x00000007a4c1e4d8,0x00000007a4f00000)
  from space 45568K, 36% used [0x00000007a4f00000,0x00000007a5f41320,0x00000007a7b80000)
  to   space 43008K, 0% used [0x00000007b2d00000,0x00000007b2d00000,0x00000007b5700000)
 ParOldGen       total 160256K, used 85613K [0x0000000700000000, 0x0000000709c80000, 0x0000000780000000)
  object space 160256K, 53% used [0x0000000700000000,0x000000070539b650,0x0000000709c80000)
 Metaspace       used 37176K, capacity 38184K, committed 38528K, reserved 1083392K
  class space    used 4365K, capacity 4615K, committed 4736K, reserved 1048576K
Event: 80.028 GC heap after
Heap after GC invocations=22 (full 2):
 PSYoungGen      total 811008K, used 7845K [0x0000000780000000, 0x00000007b4b80000, 0x00000007c0000000)
  eden space 779776K, 0% used [0x0000000780000000,0x0000000780000000,0x00000007af980000)
  from space 31232K, 25% used [0x00000007b2d00000,0x00000007b34a9598,0x00000007b4b80000)
  to   space 41984K, 0% used [0x00000007af980000,0x00000007af980000,0x00000007b2280000)
 ParOldGen       total 160256K, used 88047K [0x0000000700000000, 0x0000000709c80000, 0x0000000780000000)
  object space 160256K, 54% used [0x0000000700000000,0x00000007055fbc68,0x0000000709c80000)
 Metaspace       used 37176K, capacity 38184K, committed 38528K, reserved 1083392K
  class space    used 4365K, capacity 4615K, committed 4736K, reserved 1048576K
}
Event: 86.396 GC heap before
{Heap before GC invocations=23 (full 2):
 PSYoungGen      total 811008K, used 785675K [0x0000000780000000, 0x00000007b4b80000, 0x00000007c0000000)
  eden space 779776K, 99% used [0x0000000780000000,0x00000007af799818,0x00000007af980000)
  from space 31232K, 25% used [0x00000007b2d00000,0x00000007b34a9598,0x00000007b4b80000)
  to   space 41984K, 0% used [0x00000007af980000,0x00000007af980000,0x00000007b2280000)
 ParOldGen       total 160256K, used 88047K [0x0000000700000000, 0x0000000709c80000, 0x0000000780000000)
  object space 160256K, 54% used [0x0000000700000000,0x00000007055fbc68,0x0000000709c80000)
 Metaspace       used 38159K, capacity 39196K, committed 39296K, reserved 1083392K
  class space    used 4481K, capacity 4735K, committed 4736K, reserved 1048576K
Event: 86.421 GC heap after
Heap after GC invocations=23 (full 2):
 PSYoungGen      total 821760K, used 13952K [0x0000000780000000, 0x00000007c0000000, 0x00000007c0000000)
  eden space 779776K, 0% used [0x0000000780000000,0x0000000780000000,0x00000007af980000)
  from space 41984K, 33% used [0x00000007af980000,0x00000007b0720360,0x00000007b2280000)
  to   space 39936K, 0% used [0x00000007bd900000,0x00000007bd900000,0x00000007c0000000)
 ParOldGen       total 160256K, used 88841K [0x0000000700000000, 0x0000000709c80000, 0x0000000780000000)
  object space 160256K, 55% used [0x0000000700000000,0x00000007056c25e8,0x0000000709c80000)
 Metaspace       used 38159K, capacity 39196K, committed 39296K, reserved 1083392K
  class space    used 4481K, capacity 4735K, committed 4736K, reserved 1048576K
}
Event: 94.729 GC heap before
{Heap before GC invocations=24 (full 2):
 PSYoungGen      total 821760K, used 792811K [0x0000000780000000, 0x00000007c0000000, 0x00000007c0000000)
  eden space 779776K, 99% used [0x0000000780000000,0x00000007af89ac88,0x00000007af980000)
  from space 41984K, 33% used [0x00000007af980000,0x00000007b0720360,0x00000007b2280000)
  to   space 39936K, 0% used [0x00000007bd900000,0x00000007bd900000,0x00000007c0000000)
 ParOldGen       total 160256K, used 88841K [0x0000000700000000, 0x0000000709c80000, 0x0000000780000000)
  object space 160256K, 55% used [0x0000000700000000,0x00000007056c25e8,0x0000000709c80000)
 Metaspace       used 38461K, capacity 39540K, committed 39680K, reserved 1083392K
  class space    used 4502K, capacity 4794K, committed 4864K, reserved 1048576K
Event: 94.748 GC heap after
Heap after GC invocations=24 (full 2):
 PSYoungGen      total 1000448K, used 12576K [0x0000000780000000, 0x00000007bfa00000, 0x00000007c0000000)
  eden space 966656K, 0% used [0x0000000780000000,0x0000000780000000,0x00000007bb000000)
  from space 33792K, 37% used [0x00000007bd900000,0x00000007be548050,0x00000007bfa00000)
  to   space 37888K, 0% used [0x00000007bb000000,0x00000007bb000000,0x00000007bd500000)
 ParOldGen       total 160256K, used 90683K [0x0000000700000000, 0x0000000709c80000, 0x0000000780000000)
  object space 160256K, 56% used [0x0000000700000000,0x000000070588ee68,0x0000000709c80000)
 Metaspace       used 38461K, capacity 39540K, committed 39680K, reserved 1083392K
  class space    used 4502K, capacity 4794K, committed 4864K, reserved 1048576K
}
Event: 117.112 GC heap before
{Heap before GC invocations=25 (full 2):
 PSYoungGen      total 1000448K, used 979232K [0x0000000780000000, 0x00000007bfa00000, 0x00000007c0000000)
  eden space 966656K, 100% used [0x0000000780000000,0x00000007bb000000,0x00000007bb000000)
  from space 33792K, 37% used [0x00000007bd900000,0x00000007be548050,0x00000007bfa00000)
  to   space 37888K, 0% used [0x00000007bb000000,0x00000007bb000000,0x00000007bd500000)
 ParOldGen       total 160256K, used 90683K [0x0000000700000000, 0x0000000709c80000, 0x0000000780000000)
  object space 160256K, 56% used [0x0000000700000000,0x000000070588ee68,0x0000000709c80000)
 Metaspace       used 39422K, capacity 40878K, committed 41088K, reserved 1085440K
  class space    used 4602K, capacity 4975K, committed 4992K, reserved 1048576K
Event: 117.408 GC heap after
Heap after GC invocations=25 (full 2):
 PSYoungGen      total 1004544K, used 17818K [0x0000000780000000, 0x00000007c0000000, 0x00000007c0000000)
  eden space 966656K, 0% used [0x0000000780000000,0x0000000780000000,0x00000007bb000000)
  from space 37888K, 47% used [0x00000007bb000000,0x00000007bc1668e0,0x00000007bd500000)
  to   space 36864K, 0% used [0x00000007bdc00000,0x00000007bdc00000,0x00000007c0000000)
 ParOldGen       total 160256K, used 91467K [0x0000000700000000, 0x0000000709c80000, 0x0000000780000000)
  object space 160256K, 57% used [0x0000000700000000,0x0000000705952f08,0x0000000709c80000)
 Metaspace       used 39422K, capacity 40878K, committed 41088K, reserved 1085440K
  class space    used 4602K, capacity 4975K, committed 4992K, reserved 1048576K
}

