# JRE version: Java(TM) SE Runtime Environment (8.0_181-b13) (build 1.8.0_181-b13)
# Java VM: Java HotSpot(TM) 64-Bit Server VM (25.181-b13 mixed mode windows-amd64 compressed oops)
Heap:
 PSYoungGen      total 366080K, used 330177K [0x0000000780000000, 0x00000007a0000000, 0x00000007c0000000)
  eden space 321536K, 88% used [0x0000000780000000,0x00000007916fbfa8,0x0000000793a00000)
  from space 44544K, 99% used [0x0000000793a00000,0x00000007965745f0,0x0000000796580000)
  to   space 50688K, 0% used [0x000000079ce80000,0x000000079ce80000,0x00000007a0000000)
 ParOldGen       total 159744K, used 111191K [0x0000000700000000, 0x0000000709c00000, 0x0000000780000000)
  object space 159744K, 69% used [0x0000000700000000,0x0000000706c95dc0,0x0000000709c00000)
 Metaspace       used 29724K, capacity 30110K, committed 30336K, reserved 1077248K
  class space    used 3256K, capacity 3366K, committed 3456K, reserved 1048576K
GC Heap History (10 events):
Event: 16.973 GC heap before
{Heap before GC invocations=15 (full 2):
 PSYoungGen      total 250880K, used 230665K [0x0000000780000000, 0x0000000793180000, 0x00000007c0000000)
  eden space 231424K, 99% used [0x0000000780000000,0x000000078e142450,0x000000078e200000)
  from space 19456K, 0% used [0x0000000790100000,0x0000000790100000,0x0000000791400000)
  to   space 31744K, 0% used [0x000000078e200000,0x000000078e200000,0x0000000790100000)
 ParOldGen       total 159744K, used 37230K [0x0000000700000000, 0x0000000709c00000, 0x0000000780000000)
  object space 159744K, 23% used [0x0000000700000000,0x000000070245baf8,0x0000000709c00000)
 Metaspace       used 29121K, capacity 29502K, committed 29824K, reserved 1075200K
  class space    used 3237K, capacity 3349K, committed 3456K, reserved 1048576K
Event: 17.010 GC heap after
Heap after GC invocations=15 (full 2):
 PSYoungGen      total 263168K, used 31722K [0x0000000780000000, 0x0000000798c00000, 0x00000007c0000000)
  eden space 231424K, 0% used [0x0000000780000000,0x0000000780000000,0x000000078e200000)
  from space 31744K, 99% used [0x000000078e200000,0x00000007900fa968,0x0000000790100000)
  to   space 39424K, 0% used [0x0000000796580000,0x0000000796580000,0x0000000798c00000)
 ParOldGen       total 159744K, used 44990K [0x0000000700000000, 0x0000000709c00000, 0x0000000780000000)
  object space 159744K, 28% used [0x0000000700000000,0x0000000702befbb8,0x0000000709c00000)
 Metaspace       used 29121K, capacity 29502K, committed 29824K, reserved 1075200K
  class space    used 3237K, capacity 3349K, committed 3456K, reserved 1048576K
}
Event: 17.954 GC heap before
{Heap before GC invocations=16 (full 2):
 PSYoungGen      total 263168K, used 263146K [0x0000000780000000, 0x0000000798c00000, 0x00000007c0000000)
  eden space 231424K, 100% used [0x0000000780000000,0x000000078e200000,0x000000078e200000)
  from space 31744K, 99% used [0x000000078e200000,0x00000007900fa968,0x0000000790100000)
  to   space 39424K, 0% used [0x0000000796580000,0x0000000796580000,0x0000000798c00000)
 ParOldGen       total 159744K, used 45469K [0x0000000700000000, 0x0000000709c00000, 0x0000000780000000)
  object space 159744K, 28% used [0x0000000700000000,0x0000000702c67648,0x0000000709c00000)
 Metaspace       used 29335K, capacity 29754K, committed 30080K, reserved 1075200K
  class space    used 3253K, capacity 3360K, committed 3456K, reserved 1048576K
Event: 18.042 GC heap after
Heap after GC invocations=16 (full 2):
 PSYoungGen      total 360960K, used 35679K [0x0000000780000000, 0x000000079a280000, 0x00000007c0000000)
  eden space 321536K, 0% used [0x0000000780000000,0x0000000780000000,0x0000000793a00000)
  from space 39424K, 90% used [0x0000000796580000,0x0000000798857d50,0x0000000798c00000)
  to   space 44544K, 0% used [0x0000000793a00000,0x0000000793a00000,0x0000000796580000)
 ParOldGen       total 159744K, used 70860K [0x0000000700000000, 0x0000000709c00000, 0x0000000780000000)
  object space 159744K, 44% used [0x0000000700000000,0x0000000704533360,0x0000000709c00000)
 Metaspace       used 29335K, capacity 29754K, committed 30080K, reserved 1075200K
  class space    used 3253K, capacity 3360K, committed 3456K, reserved 1048576K
}
Event: 19.141 GC heap before
{Heap before GC invocations=17 (full 2):
 PSYoungGen      total 360960K, used 357215K [0x0000000780000000, 0x000000079a280000, 0x00000007c0000000)
  eden space 321536K, 100% used [0x0000000780000000,0x0000000793a00000,0x0000000793a00000)
  from space 39424K, 90% used [0x0000000796580000,0x0000000798857d50,0x0000000798c00000)
  to   space 44544K, 0% used [0x0000000793a00000,0x0000000793a00000,0x0000000796580000)
 ParOldGen       total 159744K, used 70870K [0x0000000700000000, 0x0000000709c00000, 0x0000000780000000)
  object space 159744K, 44% used [0x0000000700000000,0x0000000704535be0,0x0000000709c00000)
 Metaspace       used 29518K, capacity 29900K, committed 30080K, reserved 1075200K
  class space    used 3254K, capacity 3363K, committed 3456K, reserved 1048576K
Event: 19.212 GC heap after
Heap after GC invocations=17 (full 2):
 PSYoungGen      total 366080K, used 25733K [0x0000000780000000, 0x000000079a280000, 0x00000007c0000000)
  eden space 321536K, 0% used [0x0000000780000000,0x0000000780000000,0x0000000793a00000)
  from space 44544K, 57% used [0x0000000793a00000,0x0000000795321410,0x0000000796580000)
  to   space 39424K, 0% used [0x0000000796580000,0x0000000796580000,0x0000000798c00000)
 ParOldGen       total 159744K, used 91935K [0x0000000700000000, 0x0000000709c00000, 0x0000000780000000)
  object space 159744K, 57% used [0x0000000700000000,0x00000007059c7c90,0x0000000709c00000)
 Metaspace       used 29518K, capacity 29900K, committed 30080K, reserved 1075200K
  class space    used 3254K, capacity 3363K, committed 3456K, reserved 1048576K
}
Event: 19.891 GC heap before
{Heap before GC invocations=18 (full 2):
 PSYoungGen      total 366080K, used 347269K [0x0000000780000000, 0x000000079a280000, 0x00000007c0000000)
  eden space 321536K, 100% used [0x0000000780000000,0x0000000793a00000,0x0000000793a00000)
  from space 44544K, 57% used [0x0000000793a00000,0x0000000795321410,0x0000000796580000)
  to   space 39424K, 0% used [0x0000000796580000,0x0000000796580000,0x0000000798c00000)
 ParOldGen       total 159744K, used 91935K [0x0000000700000000, 0x0000000709c00000, 0x0000000780000000)
  object space 159744K, 57% used [0x0000000700000000,0x00000007059c7c90,0x0000000709c00000)
 Metaspace       used 29593K, capacity 30040K, committed 30336K, reserved 1077248K
  class space    used 3256K, capacity 3365K, committed 3456K, reserved 1048576K
Event: 19.924 GC heap after
Heap after GC invocations=18 (full 2):
 PSYoungGen      total 360960K, used 10713K [0x0000000780000000, 0x000000079a280000, 0x00000007c0000000)
  eden space 321536K, 0% used [0x0000000780000000,0x0000000780000000,0x0000000793a00000)
  from space 39424K, 27% used [0x0000000796580000,0x0000000796ff6528,0x0000000798c00000)
  to   space 44544K, 0% used [0x0000000793a00000,0x0000000793a00000,0x0000000796580000)
 ParOldGen       total 159744K, used 111143K [0x0000000700000000, 0x0000000709c00000, 0x0000000780000000)
  object space 159744K, 69% used [0x0000000700000000,0x0000000706c89db0,0x0000000709c00000)
 Metaspace       used 29593K, capacity 30040K, committed 30336K, reserved 1077248K
  class space    used 3256K, capacity 3365K, committed 3456K, reserved 1048576K
}
Event: 21.105 GC heap before
{Heap before GC invocations=19 (full 2):
 PSYoungGen      total 360960K, used 332249K [0x0000000780000000, 0x000000079a280000, 0x00000007c0000000)
  eden space 321536K, 100% used [0x0000000780000000,0x0000000793a00000,0x0000000793a00000)
  from space 39424K, 27% used [0x0000000796580000,0x0000000796ff6528,0x0000000798c00000)
  to   space 44544K, 0% used [0x0000000793a00000,0x0000000793a00000,0x0000000796580000)
 ParOldGen       total 159744K, used 111143K [0x0000000700000000, 0x0000000709c00000, 0x0000000780000000)
  object space 159744K, 69% used [0x0000000700000000,0x0000000706c89db0,0x0000000709c00000)
 Metaspace       used 29633K, capacity 30040K, committed 30336K, reserved 1077248K
  class space    used 3256K, capacity 3365K, committed 3456K, reserved 1048576K
Event: 21.144 GC heap after
Heap after GC invocations=19 (full 2):
 PSYoungGen      total 366080K, used 44497K [0x0000000780000000, 0x00000007a0000000, 0x00000007c0000000)
  eden space 321536K, 0% used [0x0000000780000000,0x0000000780000000,0x0000000793a00000)
  from space 44544K, 99% used [0x0000000793a00000,0x00000007965745f0,0x0000000796580000)
  to   space 50688K, 0% used [0x000000079ce80000,0x000000079ce80000,0x00000007a0000000)
 ParOldGen       total 159744K, used 111191K [0x0000000700000000, 0x0000000709c00000, 0x0000000780000000)
  object space 159744K, 69% used [0x0000000700000000,0x0000000706c95dc0,0x0000000709c00000)
 Metaspace       used 29633K, capacity 30040K, committed 30336K, reserved 1077248K
  class space    used 3256K, capacity 3365K, committed 3456K, reserved 1048576K
}

