# JRE version: Java(TM) SE Runtime Environment (8.0_181-b13) (build 1.8.0_181-b13)
# Java VM: Java HotSpot(TM) 64-Bit Server VM (25.181-b13 mixed mode windows-amd64 compressed oops)
Heap:
 PSYoungGen      total 434688K, used 346003K [0x0000000780000000, 0x000000079ea00000, 0x00000007c0000000)
  eden space 406016K, 82% used [0x0000000780000000,0x000000079476ce00,0x0000000798c80000)
  from space 28672K, 37% used [0x000000079ac80000,0x000000079b6f8030,0x000000079c880000)
  to   space 32768K, 0% used [0x0000000798c80000,0x0000000798c80000,0x000000079ac80000)
 ParOldGen       total 164352K, used 54994K [0x0000000700000000, 0x000000070a080000, 0x0000000780000000)
  object space 164352K, 33% used [0x0000000700000000,0x00000007035b4840,0x000000070a080000)
 Metaspace       used 36156K, capacity 37092K, committed 37376K, reserved 1081344K
  class space    used 4278K, capacity 4520K, committed 4608K, reserved 1048576K
GC Heap History (10 events):
Event: 34.035 GC heap before
{Heap before GC invocations=20 (full 2):
 PSYoungGen      total 360448K, used 323800K [0x0000000780000000, 0x000000079d380000, 0x00000007c0000000)
  eden space 320000K, 99% used [0x0000000780000000,0x0000000793816230,0x0000000793880000)
  from space 40448K, 10% used [0x0000000793880000,0x0000000793ca0010,0x0000000796000000)
  to   space 39936K, 0% used [0x000000079ac80000,0x000000079ac80000,0x000000079d380000)
 ParOldGen       total 164352K, used 54874K [0x0000000700000000, 0x000000070a080000, 0x0000000780000000)
  object space 164352K, 33% used [0x0000000700000000,0x0000000703596840,0x000000070a080000)
 Metaspace       used 36139K, capacity 37028K, committed 37120K, reserved 1081344K
  class space    used 4278K, capacity 4520K, committed 4608K, reserved 1048576K
Event: 34.042 GC heap after
Heap after GC invocations=20 (full 2):
 PSYoungGen      total 419328K, used 10400K [0x0000000780000000, 0x000000079c880000, 0x00000007c0000000)
  eden space 390656K, 0% used [0x0000000780000000,0x0000000780000000,0x0000000797d80000)
  from space 28672K, 36% used [0x000000079ac80000,0x000000079b6a8030,0x000000079c880000)
  to   space 38400K, 0% used [0x0000000797d80000,0x0000000797d80000,0x000000079a300000)
 ParOldGen       total 164352K, used 54922K [0x0000000700000000, 0x000000070a080000, 0x0000000780000000)
  object space 164352K, 33% used [0x0000000700000000,0x00000007035a2840,0x000000070a080000)
 Metaspace       used 36139K, capacity 37028K, committed 37120K, reserved 1081344K
  class space    used 4278K, capacity 4520K, committed 4608K, reserved 1048576K
}
Event: 41.971 GC heap before
{Heap before GC invocations=21 (full 2):
 PSYoungGen      total 419328K, used 401056K [0x0000000780000000, 0x000000079c880000, 0x00000007c0000000)
  eden space 390656K, 100% used [0x0000000780000000,0x0000000797d80000,0x0000000797d80000)
  from space 28672K, 36% used [0x000000079ac80000,0x000000079b6a8030,0x000000079c880000)
  to   space 38400K, 0% used [0x0000000797d80000,0x0000000797d80000,0x000000079a300000)
 ParOldGen       total 164352K, used 54922K [0x0000000700000000, 0x000000070a080000, 0x0000000780000000)
  object space 164352K, 33% used [0x0000000700000000,0x00000007035a2840,0x000000070a080000)
 Metaspace       used 36153K, capacity 37092K, committed 37376K, reserved 1081344K
  class space    used 4278K, capacity 4520K, committed 4608K, reserved 1048576K
Event: 41.979 GC heap after
Heap after GC invocations=21 (full 2):
 PSYoungGen      total 429056K, used 10624K [0x0000000780000000, 0x000000079c880000, 0x00000007c0000000)
  eden space 390656K, 0% used [0x0000000780000000,0x0000000780000000,0x0000000797d80000)
  from space 38400K, 27% used [0x0000000797d80000,0x00000007987e0030,0x000000079a300000)
  to   space 28672K, 0% used [0x000000079ac80000,0x000000079ac80000,0x000000079c880000)
 ParOldGen       total 164352K, used 54954K [0x0000000700000000, 0x000000070a080000, 0x0000000780000000)
  object space 164352K, 33% used [0x0000000700000000,0x00000007035aa840,0x000000070a080000)
 Metaspace       used 36153K, capacity 37092K, committed 37376K, reserved 1081344K
  class space    used 4278K, capacity 4520K, committed 4608K, reserved 1048576K
}
Event: 50.073 GC heap before
{Heap before GC invocations=22 (full 2):
 PSYoungGen      total 429056K, used 400596K [0x0000000780000000, 0x000000079c880000, 0x00000007c0000000)
  eden space 390656K, 99% used [0x0000000780000000,0x0000000797cd53c8,0x0000000797d80000)
  from space 38400K, 27% used [0x0000000797d80000,0x00000007987e0030,0x000000079a300000)
  to   space 28672K, 0% used [0x000000079ac80000,0x000000079ac80000,0x000000079c880000)
 ParOldGen       total 164352K, used 54954K [0x0000000700000000, 0x000000070a080000, 0x0000000780000000)
  object space 164352K, 33% used [0x0000000700000000,0x00000007035aa840,0x000000070a080000)
 Metaspace       used 36156K, capacity 37092K, committed 37376K, reserved 1081344K
  class space    used 4278K, capacity 4520K, committed 4608K, reserved 1048576K
Event: 50.077 GC heap after
Heap after GC invocations=22 (full 2):
 PSYoungGen      total 419328K, used 10656K [0x0000000780000000, 0x000000079c880000, 0x00000007c0000000)
  eden space 390656K, 0% used [0x0000000780000000,0x0000000780000000,0x0000000797d80000)
  from space 28672K, 37% used [0x000000079ac80000,0x000000079b6e8030,0x000000079c880000)
  to   space 38400K, 0% used [0x0000000797d80000,0x0000000797d80000,0x000000079a300000)
 ParOldGen       total 164352K, used 54994K [0x0000000700000000, 0x000000070a080000, 0x0000000780000000)
  object space 164352K, 33% used [0x0000000700000000,0x00000007035b4840,0x000000070a080000)
 Metaspace       used 36156K, capacity 37092K, committed 37376K, reserved 1081344K
  class space    used 4278K, capacity 4520K, committed 4608K, reserved 1048576K
}
Event: 58.125 GC heap before
{Heap before GC invocations=23 (full 2):
 PSYoungGen      total 419328K, used 400305K [0x0000000780000000, 0x000000079c880000, 0x00000007c0000000)
  eden space 390656K, 99% used [0x0000000780000000,0x0000000797c845a8,0x0000000797d80000)
  from space 28672K, 37% used [0x000000079ac80000,0x000000079b6e8030,0x000000079c880000)
  to   space 38400K, 0% used [0x0000000797d80000,0x0000000797d80000,0x000000079a300000)
 ParOldGen       total 164352K, used 54994K [0x0000000700000000, 0x000000070a080000, 0x0000000780000000)
  object space 164352K, 33% used [0x0000000700000000,0x00000007035b4840,0x000000070a080000)
 Metaspace       used 36156K, capacity 37092K, committed 37376K, reserved 1081344K
  class space    used 4278K, capacity 4520K, committed 4608K, reserved 1048576K
Event: 58.129 GC heap after
Heap after GC invocations=23 (full 2):
 PSYoungGen      total 429056K, used 10656K [0x0000000780000000, 0x000000079c880000, 0x00000007c0000000)
  eden space 390656K, 0% used [0x0000000780000000,0x0000000780000000,0x0000000797d80000)
  from space 38400K, 27% used [0x0000000797d80000,0x00000007987e8030,0x000000079a300000)
  to   space 28672K, 0% used [0x000000079ac80000,0x000000079ac80000,0x000000079c880000)
 ParOldGen       total 164352K, used 54994K [0x0000000700000000, 0x000000070a080000, 0x0000000780000000)
  object space 164352K, 33% used [0x0000000700000000,0x00000007035b4840,0x000000070a080000)
 Metaspace       used 36156K, capacity 37092K, committed 37376K, reserved 1081344K
  class space    used 4278K, capacity 4520K, committed 4608K, reserved 1048576K
}
Event: 66.178 GC heap before
{Heap before GC invocations=24 (full 2):
 PSYoungGen      total 429056K, used 400001K [0x0000000780000000, 0x000000079c880000, 0x00000007c0000000)
  eden space 390656K, 99% used [0x0000000780000000,0x0000000797c387b0,0x0000000797d80000)
  from space 38400K, 27% used [0x0000000797d80000,0x00000007987e8030,0x000000079a300000)
  to   space 28672K, 0% used [0x000000079ac80000,0x000000079ac80000,0x000000079c880000)
 ParOldGen       total 164352K, used 54994K [0x0000000700000000, 0x000000070a080000, 0x0000000780000000)
  object space 164352K, 33% used [0x0000000700000000,0x00000007035b4840,0x000000070a080000)
 Metaspace       used 36156K, capacity 37092K, committed 37376K, reserved 1081344K
  class space    used 4278K, capacity 4520K, committed 4608K, reserved 1048576K
Event: 66.183 GC heap after
Heap after GC invocations=24 (full 2):
 PSYoungGen      total 434688K, used 10720K [0x0000000780000000, 0x000000079ea00000, 0x00000007c0000000)
  eden space 406016K, 0% used [0x0000000780000000,0x0000000780000000,0x0000000798c80000)
  from space 28672K, 37% used [0x000000079ac80000,0x000000079b6f8030,0x000000079c880000)
  to   space 32768K, 0% used [0x0000000798c80000,0x0000000798c80000,0x000000079ac80000)
 ParOldGen       total 164352K, used 54994K [0x0000000700000000, 0x000000070a080000, 0x0000000780000000)
  object space 164352K, 33% used [0x0000000700000000,0x00000007035b4840,0x000000070a080000)
 Metaspace       used 36156K, capacity 37092K, committed 37376K, reserved 1081344K
  class space    used 4278K, capacity 4520K, committed 4608K, reserved 1048576K
}

