# JRE version: Java(TM) SE Runtime Environment (8.0_181-b13) (build 1.8.0_181-b13)
# Java VM: Java HotSpot(TM) 64-Bit Server VM (25.181-b13 mixed mode windows-amd64 compressed oops)
Heap:
 PSYoungGen      total 897536K, used 204244K [0x0000000780000000, 0x00000007b9280000, 0x00000007c0000000)
  eden space 858624K, 21% used [0x0000000780000000,0x000000078b5b52a8,0x00000007b4680000)
  from space 38912K, 46% used [0x00000007b4680000,0x00000007b583fdf0,0x00000007b6c80000)
  to   space 27136K, 0% used [0x00000007b7800000,0x00000007b7800000,0x00000007b9280000)
 ParOldGen       total 155648K, used 106117K [0x0000000700000000, 0x0000000709800000, 0x0000000780000000)
  object space 155648K, 68% used [0x0000000700000000,0x00000007067a14d8,0x0000000709800000)
 Metaspace       used 54952K, capacity 56506K, committed 56704K, reserved 1099776K
  class space    used 6539K, capacity 6998K, committed 7040K, reserved 1048576K
GC Heap History (10 events):
Event: 33.847 GC heap before
{Heap before GC invocations=19 (full 2):
 PSYoungGen      total 573952K, used 572317K [0x0000000780000000, 0x00000007a7080000, 0x00000007c0000000)
  eden space 543232K, 100% used [0x0000000780000000,0x00000007a1280000,0x00000007a1280000)
  from space 30720K, 94% used [0x00000007a3400000,0x00000007a5067408,0x00000007a5200000)
  to   space 34304K, 0% used [0x00000007a1280000,0x00000007a1280000,0x00000007a3400000)
 ParOldGen       total 155648K, used 54820K [0x0000000700000000, 0x0000000709800000, 0x0000000780000000)
  object space 155648K, 35% used [0x0000000700000000,0x00000007035890a8,0x0000000709800000)
 Metaspace       used 38461K, capacity 39676K, committed 39936K, reserved 1085440K
  class space    used 4507K, capacity 4821K, committed 4864K, reserved 1048576K
Event: 33.921 GC heap after
Heap after GC invocations=19 (full 2):
 PSYoungGen      total 577536K, used 12743K [0x0000000780000000, 0x00000007ae300000, 0x00000007c0000000)
  eden space 543232K, 0% used [0x0000000780000000,0x0000000780000000,0x00000007a1280000)
  from space 34304K, 37% used [0x00000007a1280000,0x00000007a1ef1e80,0x00000007a3400000)
  to   space 33280K, 0% used [0x00000007ac280000,0x00000007ac280000,0x00000007ae300000)
 ParOldGen       total 155648K, used 74996K [0x0000000700000000, 0x0000000709800000, 0x0000000780000000)
  object space 155648K, 48% used [0x0000000700000000,0x000000070493d1e8,0x0000000709800000)
 Metaspace       used 38461K, capacity 39676K, committed 39936K, reserved 1085440K
  class space    used 4507K, capacity 4821K, committed 4864K, reserved 1048576K
}
Event: 36.548 GC heap before
{Heap before GC invocations=20 (full 2):
 PSYoungGen      total 577536K, used 555975K [0x0000000780000000, 0x00000007ae300000, 0x00000007c0000000)
  eden space 543232K, 100% used [0x0000000780000000,0x00000007a1280000,0x00000007a1280000)
  from space 34304K, 37% used [0x00000007a1280000,0x00000007a1ef1e80,0x00000007a3400000)
  to   space 33280K, 0% used [0x00000007ac280000,0x00000007ac280000,0x00000007ae300000)
 ParOldGen       total 155648K, used 74996K [0x0000000700000000, 0x0000000709800000, 0x0000000780000000)
  object space 155648K, 48% used [0x0000000700000000,0x000000070493d1e8,0x0000000709800000)
 Metaspace       used 38548K, capacity 39774K, committed 39936K, reserved 1085440K
  class space    used 4513K, capacity 4828K, committed 4864K, reserved 1048576K
Event: 36.656 GC heap after
Heap after GC invocations=20 (full 2):
 PSYoungGen      total 716288K, used 33258K [0x0000000780000000, 0x00000007af900000, 0x00000007c0000000)
  eden space 683008K, 0% used [0x0000000780000000,0x0000000780000000,0x00000007a9b00000)
  from space 33280K, 99% used [0x00000007ac280000,0x00000007ae2fa810,0x00000007ae300000)
  to   space 40448K, 0% used [0x00000007a9b00000,0x00000007a9b00000,0x00000007ac280000)
 ParOldGen       total 155648K, used 82100K [0x0000000700000000, 0x0000000709800000, 0x0000000780000000)
  object space 155648K, 52% used [0x0000000700000000,0x000000070502d2a8,0x0000000709800000)
 Metaspace       used 38548K, capacity 39774K, committed 39936K, reserved 1085440K
  class space    used 4513K, capacity 4828K, committed 4864K, reserved 1048576K
}
Event: 40.166 GC heap before
{Heap before GC invocations=21 (full 2):
 PSYoungGen      total 716288K, used 716266K [0x0000000780000000, 0x00000007af900000, 0x00000007c0000000)
  eden space 683008K, 100% used [0x0000000780000000,0x00000007a9b00000,0x00000007a9b00000)
  from space 33280K, 99% used [0x00000007ac280000,0x00000007ae2fa810,0x00000007ae300000)
  to   space 40448K, 0% used [0x00000007a9b00000,0x00000007a9b00000,0x00000007ac280000)
 ParOldGen       total 155648K, used 82100K [0x0000000700000000, 0x0000000709800000, 0x0000000780000000)
  object space 155648K, 52% used [0x0000000700000000,0x000000070502d2a8,0x0000000709800000)
 Metaspace       used 38734K, capacity 39950K, committed 40192K, reserved 1085440K
  class space    used 4522K, capacity 4840K, committed 4864K, reserved 1048576K
Event: 40.215 GC heap after
Heap after GC invocations=21 (full 2):
 PSYoungGen      total 723456K, used 21868K [0x0000000780000000, 0x00000007b9e80000, 0x00000007c0000000)
  eden space 683008K, 0% used [0x0000000780000000,0x0000000780000000,0x00000007a9b00000)
  from space 40448K, 54% used [0x00000007a9b00000,0x00000007ab05b388,0x00000007ac280000)
  to   space 39424K, 0% used [0x00000007b7800000,0x00000007b7800000,0x00000007b9e80000)
 ParOldGen       total 155648K, used 101516K [0x0000000700000000, 0x0000000709800000, 0x0000000780000000)
  object space 155648K, 65% used [0x0000000700000000,0x00000007063233c8,0x0000000709800000)
 Metaspace       used 38734K, capacity 39950K, committed 40192K, reserved 1085440K
  class space    used 4522K, capacity 4840K, committed 4864K, reserved 1048576K
}
Event: 44.210 GC heap before
{Heap before GC invocations=22 (full 2):
 PSYoungGen      total 723456K, used 702252K [0x0000000780000000, 0x00000007b9e80000, 0x00000007c0000000)
  eden space 683008K, 99% used [0x0000000780000000,0x00000007a986fce8,0x00000007a9b00000)
  from space 40448K, 54% used [0x00000007a9b00000,0x00000007ab05b388,0x00000007ac280000)
  to   space 39424K, 0% used [0x00000007b7800000,0x00000007b7800000,0x00000007b9e80000)
 ParOldGen       total 155648K, used 101516K [0x0000000700000000, 0x0000000709800000, 0x0000000780000000)
  object space 155648K, 65% used [0x0000000700000000,0x00000007063233c8,0x0000000709800000)
 Metaspace       used 39036K, capacity 40254K, committed 40576K, reserved 1085440K
  class space    used 4553K, capacity 4871K, committed 4992K, reserved 1048576K
Event: 44.241 GC heap after
Heap after GC invocations=22 (full 2):
 PSYoungGen      total 885760K, used 9233K [0x0000000780000000, 0x00000007b9280000, 0x00000007c0000000)
  eden space 858624K, 0% used [0x0000000780000000,0x0000000780000000,0x00000007b4680000)
  from space 27136K, 34% used [0x00000007b7800000,0x00000007b8104568,0x00000007b9280000)
  to   space 38912K, 0% used [0x00000007b4680000,0x00000007b4680000,0x00000007b6c80000)
 ParOldGen       total 155648K, used 105285K [0x0000000700000000, 0x0000000709800000, 0x0000000780000000)
  object space 155648K, 67% used [0x0000000700000000,0x00000007066d1428,0x0000000709800000)
 Metaspace       used 39036K, capacity 40254K, committed 40576K, reserved 1085440K
  class space    used 4553K, capacity 4871K, committed 4992K, reserved 1048576K
}
Event: 55.842 GC heap before
{Heap before GC invocations=23 (full 2):
 PSYoungGen      total 885760K, used 867857K [0x0000000780000000, 0x00000007b9280000, 0x00000007c0000000)
  eden space 858624K, 100% used [0x0000000780000000,0x00000007b4680000,0x00000007b4680000)
  from space 27136K, 34% used [0x00000007b7800000,0x00000007b8104568,0x00000007b9280000)
  to   space 38912K, 0% used [0x00000007b4680000,0x00000007b4680000,0x00000007b6c80000)
 ParOldGen       total 155648K, used 105285K [0x0000000700000000, 0x0000000709800000, 0x0000000780000000)
  object space 155648K, 67% used [0x0000000700000000,0x00000007066d1428,0x0000000709800000)
 Metaspace       used 47654K, capacity 48964K, committed 49152K, reserved 1091584K
  class space    used 5758K, capacity 6121K, committed 6144K, reserved 1048576K
Event: 55.929 GC heap after
Heap after GC invocations=23 (full 2):
 PSYoungGen      total 897536K, used 18175K [0x0000000780000000, 0x00000007b9280000, 0x00000007c0000000)
  eden space 858624K, 0% used [0x0000000780000000,0x0000000780000000,0x00000007b4680000)
  from space 38912K, 46% used [0x00000007b4680000,0x00000007b583fdf0,0x00000007b6c80000)
  to   space 27136K, 0% used [0x00000007b7800000,0x00000007b7800000,0x00000007b9280000)
 ParOldGen       total 155648K, used 106117K [0x0000000700000000, 0x0000000709800000, 0x0000000780000000)
  object space 155648K, 68% used [0x0000000700000000,0x00000007067a14d8,0x0000000709800000)
 Metaspace       used 47654K, capacity 48964K, committed 49152K, reserved 1091584K
  class space    used 5758K, capacity 6121K, committed 6144K, reserved 1048576K
}

