# JRE version: Java(TM) SE Runtime Environment (8.0_181-b13) (build 1.8.0_181-b13)
# Java VM: Java HotSpot(TM) 64-Bit Server VM (25.181-b13 mixed mode windows-amd64 compressed oops)
Heap:
 PSYoungGen      total 968704K, used 636465K [0x0000000780000000, 0x00000007bfc00000, 0x00000007c0000000)
  eden space 899584K, 68% used [0x0000000780000000,0x00000007a5b34a98,0x00000007b6e80000)
  from space 69120K, 27% used [0x00000007b6e80000,0x00000007b80d7c60,0x00000007bb200000)
  to   space 65536K, 0% used [0x00000007bbc00000,0x00000007bbc00000,0x00000007bfc00000)
 ParOldGen       total 262144K, used 141010K [0x0000000700000000, 0x0000000710000000, 0x0000000780000000)
  object space 262144K, 53% used [0x0000000700000000,0x00000007089b4a98,0x0000000710000000)
 Metaspace       used 42757K, capacity 44462K, committed 44672K, reserved 1089536K
  class space    used 4995K, capacity 5414K, committed 5504K, reserved 1048576K
GC Heap History (10 events):
Event: 165.330 GC heap before
{Heap before GC invocations=36 (full 3):
 PSYoungGen      total 953856K, used 886429K [0x0000000780000000, 0x00000007bf900000, 0x00000007c0000000)
  eden space 874496K, 99% used [0x0000000780000000,0x00000007b544f720,0x00000007b5600000)
  from space 79360K, 17% used [0x00000007bab80000,0x00000007bb8d8070,0x00000007bf900000)
  to   space 83456K, 0% used [0x00000007b5600000,0x00000007b5600000,0x00000007ba780000)
 ParOldGen       total 262144K, used 140978K [0x0000000700000000, 0x0000000710000000, 0x0000000780000000)
  object space 262144K, 53% used [0x0000000700000000,0x00000007089aca98,0x0000000710000000)
 Metaspace       used 42032K, capacity 43560K, committed 43776K, reserved 1087488K
  class space    used 4921K, capacity 5300K, committed 5376K, reserved 1048576K
Event: 165.344 GC heap after
Heap after GC invocations=36 (full 3):
 PSYoungGen      total 957952K, used 23876K [0x0000000780000000, 0x00000007bfa00000, 0x00000007c0000000)
  eden space 874496K, 0% used [0x0000000780000000,0x0000000780000000,0x00000007b5600000)
  from space 83456K, 28% used [0x00000007b5600000,0x00000007b6d510d0,0x00000007ba780000)
  to   space 78336K, 0% used [0x00000007bad80000,0x00000007bad80000,0x00000007bfa00000)
 ParOldGen       total 262144K, used 140986K [0x0000000700000000, 0x0000000710000000, 0x0000000780000000)
  object space 262144K, 53% used [0x0000000700000000,0x00000007089aea98,0x0000000710000000)
 Metaspace       used 42032K, capacity 43560K, committed 43776K, reserved 1087488K
  class space    used 4921K, capacity 5300K, committed 5376K, reserved 1048576K
}
Event: 174.546 GC heap before
{Heap before GC invocations=37 (full 3):
 PSYoungGen      total 957952K, used 898372K [0x0000000780000000, 0x00000007bfa00000, 0x00000007c0000000)
  eden space 874496K, 100% used [0x0000000780000000,0x00000007b5600000,0x00000007b5600000)
  from space 83456K, 28% used [0x00000007b5600000,0x00000007b6d510d0,0x00000007ba780000)
  to   space 78336K, 0% used [0x00000007bad80000,0x00000007bad80000,0x00000007bfa00000)
 ParOldGen       total 262144K, used 140986K [0x0000000700000000, 0x0000000710000000, 0x0000000780000000)
  object space 262144K, 53% used [0x0000000700000000,0x00000007089aea98,0x0000000710000000)
 Metaspace       used 42376K, capacity 43940K, committed 44032K, reserved 1087488K
  class space    used 4954K, capacity 5352K, committed 5376K, reserved 1048576K
Event: 174.556 GC heap after
Heap after GC invocations=37 (full 3):
 PSYoungGen      total 961024K, used 13787K [0x0000000780000000, 0x00000007bf600000, 0x00000007c0000000)
  eden space 886784K, 0% used [0x0000000780000000,0x0000000780000000,0x00000007b6200000)
  from space 74240K, 18% used [0x00000007bad80000,0x00000007bbaf6e20,0x00000007bf600000)
  to   space 75776K, 0% used [0x00000007b6200000,0x00000007b6200000,0x00000007bac00000)
 ParOldGen       total 262144K, used 140994K [0x0000000700000000, 0x0000000710000000, 0x0000000780000000)
  object space 262144K, 53% used [0x0000000700000000,0x00000007089b0a98,0x0000000710000000)
 Metaspace       used 42376K, capacity 43940K, committed 44032K, reserved 1087488K
  class space    used 4954K, capacity 5352K, committed 5376K, reserved 1048576K
}
Event: 176.681 GC heap before
{Heap before GC invocations=38 (full 3):
 PSYoungGen      total 961024K, used 899564K [0x0000000780000000, 0x00000007bf600000, 0x00000007c0000000)
  eden space 886784K, 99% used [0x0000000780000000,0x00000007b6104260,0x00000007b6200000)
  from space 74240K, 18% used [0x00000007bad80000,0x00000007bbaf6e20,0x00000007bf600000)
  to   space 75776K, 0% used [0x00000007b6200000,0x00000007b6200000,0x00000007bac00000)
 ParOldGen       total 262144K, used 140994K [0x0000000700000000, 0x0000000710000000, 0x0000000780000000)
  object space 262144K, 53% used [0x0000000700000000,0x00000007089b0a98,0x0000000710000000)
 Metaspace       used 42421K, capacity 44074K, committed 44288K, reserved 1087488K
  class space    used 4955K, capacity 5354K, committed 5376K, reserved 1048576K
Event: 176.690 GC heap after
Heap after GC invocations=38 (full 3):
 PSYoungGen      total 962560K, used 11407K [0x0000000780000000, 0x00000007bfc80000, 0x00000007c0000000)
  eden space 886784K, 0% used [0x0000000780000000,0x0000000780000000,0x00000007b6200000)
  from space 75776K, 15% used [0x00000007b6200000,0x00000007b6d23c20,0x00000007bac00000)
  to   space 73216K, 0% used [0x00000007bb500000,0x00000007bb500000,0x00000007bfc80000)
 ParOldGen       total 262144K, used 141002K [0x0000000700000000, 0x0000000710000000, 0x0000000780000000)
  object space 262144K, 53% used [0x0000000700000000,0x00000007089b2a98,0x0000000710000000)
 Metaspace       used 42421K, capacity 44074K, committed 44288K, reserved 1087488K
  class space    used 4955K, capacity 5354K, committed 5376K, reserved 1048576K
}
Event: 192.191 GC heap before
{Heap before GC invocations=39 (full 3):
 PSYoungGen      total 962560K, used 897673K [0x0000000780000000, 0x00000007bfc80000, 0x00000007c0000000)
  eden space 886784K, 99% used [0x0000000780000000,0x00000007b617eb78,0x00000007b6200000)
  from space 75776K, 15% used [0x00000007b6200000,0x00000007b6d23c20,0x00000007bac00000)
  to   space 73216K, 0% used [0x00000007bb500000,0x00000007bb500000,0x00000007bfc80000)
 ParOldGen       total 262144K, used 141002K [0x0000000700000000, 0x0000000710000000, 0x0000000780000000)
  object space 262144K, 53% used [0x0000000700000000,0x00000007089b2a98,0x0000000710000000)
 Metaspace       used 42718K, capacity 44398K, committed 44672K, reserved 1089536K
  class space    used 4995K, capacity 5414K, committed 5504K, reserved 1048576K
Event: 192.202 GC heap after
Heap after GC invocations=39 (full 3):
 PSYoungGen      total 965632K, used 18335K [0x0000000780000000, 0x00000007bf580000, 0x00000007c0000000)
  eden space 899584K, 0% used [0x0000000780000000,0x0000000780000000,0x00000007b6e80000)
  from space 66048K, 27% used [0x00000007bb500000,0x00000007bc6e7c80,0x00000007bf580000)
  to   space 69120K, 0% used [0x00000007b6e80000,0x00000007b6e80000,0x00000007bb200000)
 ParOldGen       total 262144K, used 141010K [0x0000000700000000, 0x0000000710000000, 0x0000000780000000)
  object space 262144K, 53% used [0x0000000700000000,0x00000007089b4a98,0x0000000710000000)
 Metaspace       used 42718K, capacity 44398K, committed 44672K, reserved 1089536K
  class space    used 4995K, capacity 5414K, committed 5504K, reserved 1048576K
}
Event: 210.606 GC heap before
{Heap before GC invocations=40 (full 3):
 PSYoungGen      total 965632K, used 915618K [0x0000000780000000, 0x00000007bf580000, 0x00000007c0000000)
  eden space 899584K, 99% used [0x0000000780000000,0x00000007b6c40e08,0x00000007b6e80000)
  from space 66048K, 27% used [0x00000007bb500000,0x00000007bc6e7c80,0x00000007bf580000)
  to   space 69120K, 0% used [0x00000007b6e80000,0x00000007b6e80000,0x00000007bb200000)
 ParOldGen       total 262144K, used 141010K [0x0000000700000000, 0x0000000710000000, 0x0000000780000000)
  object space 262144K, 53% used [0x0000000700000000,0x00000007089b4a98,0x0000000710000000)
 Metaspace       used 42735K, capacity 44462K, committed 44672K, reserved 1089536K
  class space    used 4995K, capacity 5414K, committed 5504K, reserved 1048576K
Event: 210.624 GC heap after
Heap after GC invocations=40 (full 3):
 PSYoungGen      total 968704K, used 18783K [0x0000000780000000, 0x00000007bfc00000, 0x00000007c0000000)
  eden space 899584K, 0% used [0x0000000780000000,0x0000000780000000,0x00000007b6e80000)
  from space 69120K, 27% used [0x00000007b6e80000,0x00000007b80d7c60,0x00000007bb200000)
  to   space 65536K, 0% used [0x00000007bbc00000,0x00000007bbc00000,0x00000007bfc00000)
 ParOldGen       total 262144K, used 141010K [0x0000000700000000, 0x0000000710000000, 0x0000000780000000)
  object space 262144K, 53% used [0x0000000700000000,0x00000007089b4a98,0x0000000710000000)
 Metaspace       used 42735K, capacity 44462K, committed 44672K, reserved 1089536K
  class space    used 4995K, capacity 5414K, committed 5504K, reserved 1048576K
}

